10:19:16.969 [http-nio-8090-exec-10] TRACE o.h.type.descriptor.sql.BasicBinder - binding parameter [1] as [VARCHAR] - [operInf/login]
10:19:16.969 [http-nio-8090-exec-1] TRACE o.h.type.descriptor.sql.BasicBinder - binding parameter [1] as [VARCHAR] - [menuInf/getTreeByRole]
10:19:17.000 [http-nio-8090-exec-10] TRACE o.h.type.descriptor.sql.BasicBinder - binding parameter [1] as [VARCHAR] - [%%operInf/login%%]
10:19:17.062 [http-nio-8090-exec-10] TRACE o.h.type.descriptor.sql.BasicBinder - binding parameter [1] as [VARCHAR] - [operInf/Login]
10:19:17.062 [http-nio-8090-exec-10] TRACE o.h.type.descriptor.sql.BasicBinder - binding parameter [1] as [VARCHAR] - [%%operInf/Login%%]
10:19:17.078 [http-nio-8090-exec-10] TRACE o.h.type.descriptor.sql.BasicBinder - binding parameter [1] as [VARCHAR] - [error]
10:19:22.061 [http-nio-8090-exec-3] TRACE o.h.type.descriptor.sql.BasicBinder - binding parameter [1] as [VARCHAR] - [%%operInf/execute%%]
10:19:22.139 [http-nio-8090-exec-3] TRACE o.h.type.descriptor.sql.BasicBinder - binding parameter [1] as [VARCHAR] - [admin]
10:19:22.139 [http-nio-8090-exec-3] TRACE o.h.type.descriptor.sql.BasicBinder - binding parameter [2] as [VARCHAR] - [E00CF25AD42683B3DF678C61F42C6BDA]
10:19:22.217 [http-nio-8090-exec-3] TRACE o.h.type.descriptor.sql.BasicBinder - binding parameter [1] as [VARCHAR] - [1]
10:19:22.233 [http-nio-8090-exec-3] TRACE o.h.type.descriptor.sql.BasicBinder - binding parameter [1] as [VARCHAR] - [admin]
10:19:22.233 [http-nio-8090-exec-3] TRACE o.h.type.descriptor.sql.BasicBinder - binding parameter [1] as [VARCHAR] - [e61ce89f-3e0e-4d33-acb8-16e623d86966]
10:19:22.233 [http-nio-8090-exec-3] TRACE o.h.type.descriptor.sql.BasicBinder - binding parameter [1] as [VARCHAR] - [50377ab8-b78b-4a2a-b0b1-cedf658ab945]
10:19:22.249 [http-nio-8090-exec-3] TRACE o.h.type.descriptor.sql.BasicBinder - binding parameter [1] as [VARCHAR] - [layssh4]
10:19:22.405 [http-nio-8090-exec-3] TRACE o.h.type.descriptor.sql.BasicBinder - binding parameter [1] as [VARCHAR] - [e3a97e1f-607d-48d2-a490-30aedb81ea85]
10:19:22.483 [http-nio-8090-exec-3] TRACE o.h.type.descriptor.sql.BasicBinder - binding parameter [1] as [VARCHAR] - [serialVersionUID:1|operCd:admin|insUuid:null|insCd:null|insCdNm:null|roleCd:null|roleCdNm:null|operNm:null|operSt:null|operStNm:null|telephone:null|email:null|operPwd:1|oldOperPwd:null|recCrtTs:null|recUpdTs:null|code:5724|job:null|jobNm:null|roleInfs:[]|]
10:19:22.483 [http-nio-8090-exec-3] TRACE o.h.type.descriptor.sql.BasicBinder - binding parameter [2] as [VARCHAR] - [operCd:admin|roleCd:null|]
10:19:22.483 [http-nio-8090-exec-3] TRACE o.h.type.descriptor.sql.BasicBinder - binding parameter [3] as [VARCHAR] - [20190529101922]
10:19:22.483 [http-nio-8090-exec-3] TRACE o.h.type.descriptor.sql.BasicBinder - binding parameter [4] as [VARCHAR] - [127.0.0.1]
10:19:22.483 [http-nio-8090-exec-3] TRACE o.h.type.descriptor.sql.BasicBinder - binding parameter [5] as [VARCHAR] - [用户登录]
10:19:22.483 [http-nio-8090-exec-3] TRACE o.h.type.descriptor.sql.BasicBinder - binding parameter [6] as [VARCHAR] - [系统登录]
10:19:22.483 [http-nio-8090-exec-3] TRACE o.h.type.descriptor.sql.BasicBinder - binding parameter [7] as [VARCHAR] - [admin]
10:19:22.483 [http-nio-8090-exec-3] TRACE o.h.type.descriptor.sql.BasicBinder - binding parameter [8] as [VARCHAR] - [登录成功]
10:19:22.483 [http-nio-8090-exec-3] TRACE o.h.type.descriptor.sql.BasicBinder - binding parameter [9] as [VARCHAR] - [e3a97e1f-607d-48d2-a490-30aedb81ea85]
10:19:22.749 [http-nio-8090-exec-1] TRACE o.h.type.descriptor.sql.BasicBinder - binding parameter [1] as [VARCHAR] - [menuInf/getTreeByRole]
10:19:22.749 [http-nio-8090-exec-1] TRACE o.h.type.descriptor.sql.BasicBinder - binding parameter [1] as [VARCHAR] - [admin]
10:19:28.028 [http-nio-8090-exec-9] TRACE o.h.type.descriptor.sql.BasicBinder - binding parameter [1] as [VARCHAR] - [tAppTest/datagrid]
10:19:31.783 [http-nio-8090-exec-1] TRACE o.h.type.descriptor.sql.BasicBinder - binding parameter [1] as [VARCHAR] - [insInf/datagrid]
10:19:31.799 [http-nio-8090-exec-1] TRACE o.h.type.descriptor.sql.BasicBinder - binding parameter [1] as [VARCHAR] - [%%1%%]
10:19:31.814 [http-nio-8090-exec-1] TRACE o.h.type.descriptor.sql.BasicBinder - binding parameter [1] as [VARCHAR] - [%%1%%]
10:19:53.036 [http-nio-8090-exec-8] TRACE o.h.type.descriptor.sql.BasicBinder - binding parameter [1] as [VARCHAR] - [insInf/datagrid]
10:19:53.036 [http-nio-8090-exec-8] TRACE o.h.type.descriptor.sql.BasicBinder - binding parameter [1] as [VARCHAR] - [%%1%%]
10:19:53.036 [http-nio-8090-exec-8] TRACE o.h.type.descriptor.sql.BasicBinder - binding parameter [1] as [VARCHAR] - [%%1%%]
