08:49:18.430 [http-nio-8090-exec-4] TRACE o.h.type.descriptor.sql.BasicBinder - binding parameter [1] as [VARCHAR] - [operInf/login]
08:49:18.430 [http-nio-8090-exec-6] TRACE o.h.type.descriptor.sql.BasicBinder - binding parameter [1] as [VARCHAR] - [menuInf/getTreeByRole]
08:49:18.462 [http-nio-8090-exec-4] TRACE o.h.type.descriptor.sql.BasicBinder - binding parameter [1] as [VARCHAR] - [%%operInf/login%%]
08:49:18.524 [http-nio-8090-exec-4] TRACE o.h.type.descriptor.sql.BasicBinder - binding parameter [1] as [VARCHAR] - [operInf/Login]
08:49:18.524 [http-nio-8090-exec-4] TRACE o.h.type.descriptor.sql.BasicBinder - binding parameter [1] as [VARCHAR] - [%%operInf/Login%%]
08:49:18.524 [http-nio-8090-exec-4] TRACE o.h.type.descriptor.sql.BasicBinder - binding parameter [1] as [VARCHAR] - [error]
08:49:22.195 [http-nio-8090-exec-5] TRACE o.h.type.descriptor.sql.BasicBinder - binding parameter [1] as [VARCHAR] - [%%operInf/execute%%]
08:49:22.289 [http-nio-8090-exec-5] TRACE o.h.type.descriptor.sql.BasicBinder - binding parameter [1] as [VARCHAR] - [admin]
08:49:22.289 [http-nio-8090-exec-5] TRACE o.h.type.descriptor.sql.BasicBinder - binding parameter [2] as [VARCHAR] - [E00CF25AD42683B3DF678C61F42C6BDA]
08:49:22.351 [http-nio-8090-exec-5] TRACE o.h.type.descriptor.sql.BasicBinder - binding parameter [1] as [VARCHAR] - [1]
08:49:22.367 [http-nio-8090-exec-5] TRACE o.h.type.descriptor.sql.BasicBinder - binding parameter [1] as [VARCHAR] - [admin]
08:49:22.367 [http-nio-8090-exec-5] TRACE o.h.type.descriptor.sql.BasicBinder - binding parameter [1] as [VARCHAR] - [e61ce89f-3e0e-4d33-acb8-16e623d86966]
08:49:22.367 [http-nio-8090-exec-5] TRACE o.h.type.descriptor.sql.BasicBinder - binding parameter [1] as [VARCHAR] - [50377ab8-b78b-4a2a-b0b1-cedf658ab945]
08:49:22.398 [http-nio-8090-exec-5] TRACE o.h.type.descriptor.sql.BasicBinder - binding parameter [1] as [VARCHAR] - [layssh4]
08:49:22.554 [http-nio-8090-exec-5] TRACE o.h.type.descriptor.sql.BasicBinder - binding parameter [1] as [VARCHAR] - [ddee14ed-8ad6-4c2d-be20-5f67586b74b3]
08:49:22.601 [http-nio-8090-exec-5] TRACE o.h.type.descriptor.sql.BasicBinder - binding parameter [1] as [VARCHAR] - [serialVersionUID:1|operCd:admin|insUuid:null|insCd:null|insCdNm:null|roleCd:null|roleCdNm:null|operNm:null|operSt:null|operStNm:null|telephone:null|email:null|operPwd:1|oldOperPwd:null|recCrtTs:null|recUpdTs:null|code:2913|job:null|jobNm:null|roleInfs:[]|]
08:49:22.601 [http-nio-8090-exec-5] TRACE o.h.type.descriptor.sql.BasicBinder - binding parameter [2] as [VARCHAR] - [operCd:admin|roleCd:null|]
08:49:22.601 [http-nio-8090-exec-5] TRACE o.h.type.descriptor.sql.BasicBinder - binding parameter [3] as [VARCHAR] - [20190523084922]
08:49:22.601 [http-nio-8090-exec-5] TRACE o.h.type.descriptor.sql.BasicBinder - binding parameter [4] as [VARCHAR] - [127.0.0.1]
08:49:22.601 [http-nio-8090-exec-5] TRACE o.h.type.descriptor.sql.BasicBinder - binding parameter [5] as [VARCHAR] - [用户登录]
08:49:22.601 [http-nio-8090-exec-5] TRACE o.h.type.descriptor.sql.BasicBinder - binding parameter [6] as [VARCHAR] - [系统登录]
08:49:22.601 [http-nio-8090-exec-5] TRACE o.h.type.descriptor.sql.BasicBinder - binding parameter [7] as [VARCHAR] - [admin]
08:49:22.601 [http-nio-8090-exec-5] TRACE o.h.type.descriptor.sql.BasicBinder - binding parameter [8] as [VARCHAR] - [登录成功]
08:49:22.601 [http-nio-8090-exec-5] TRACE o.h.type.descriptor.sql.BasicBinder - binding parameter [9] as [VARCHAR] - [ddee14ed-8ad6-4c2d-be20-5f67586b74b3]
08:49:22.836 [http-nio-8090-exec-2] TRACE o.h.type.descriptor.sql.BasicBinder - binding parameter [1] as [VARCHAR] - [menuInf/getTreeByRole]
08:49:22.836 [http-nio-8090-exec-2] TRACE o.h.type.descriptor.sql.BasicBinder - binding parameter [1] as [VARCHAR] - [admin]
08:49:26.522 [http-nio-8090-exec-7] TRACE o.h.type.descriptor.sql.BasicBinder - binding parameter [1] as [VARCHAR] - [tAppTest/datagrid]
15:06:20.568 [http-nio-8090-exec-2] TRACE o.h.type.descriptor.sql.BasicBinder - binding parameter [1] as [VARCHAR] - [operInf/login]
15:06:20.568 [http-nio-8090-exec-9] TRACE o.h.type.descriptor.sql.BasicBinder - binding parameter [1] as [VARCHAR] - [menuInf/getTreeByRole]
15:06:20.568 [http-nio-8090-exec-2] TRACE o.h.type.descriptor.sql.BasicBinder - binding parameter [1] as [VARCHAR] - [%%operInf/login%%]
15:06:20.600 [http-nio-8090-exec-2] TRACE o.h.type.descriptor.sql.BasicBinder - binding parameter [1] as [VARCHAR] - [operInf/Login]
15:06:20.600 [http-nio-8090-exec-2] TRACE o.h.type.descriptor.sql.BasicBinder - binding parameter [1] as [VARCHAR] - [%%operInf/Login%%]
15:06:20.615 [http-nio-8090-exec-2] TRACE o.h.type.descriptor.sql.BasicBinder - binding parameter [1] as [VARCHAR] - [error]
15:06:23.880 [http-nio-8090-exec-7] TRACE o.h.type.descriptor.sql.BasicBinder - binding parameter [1] as [VARCHAR] - [%%operInf/execute%%]
15:06:23.896 [http-nio-8090-exec-7] TRACE o.h.type.descriptor.sql.BasicBinder - binding parameter [1] as [VARCHAR] - [admin]
15:06:23.896 [http-nio-8090-exec-7] TRACE o.h.type.descriptor.sql.BasicBinder - binding parameter [2] as [VARCHAR] - [E00CF25AD42683B3DF678C61F42C6BDA]
15:06:23.896 [http-nio-8090-exec-7] TRACE o.h.type.descriptor.sql.BasicBinder - binding parameter [1] as [VARCHAR] - [1]
15:06:23.896 [http-nio-8090-exec-7] TRACE o.h.type.descriptor.sql.BasicBinder - binding parameter [1] as [VARCHAR] - [admin]
15:06:23.896 [http-nio-8090-exec-7] TRACE o.h.type.descriptor.sql.BasicBinder - binding parameter [1] as [VARCHAR] - [e61ce89f-3e0e-4d33-acb8-16e623d86966]
15:06:23.911 [http-nio-8090-exec-7] TRACE o.h.type.descriptor.sql.BasicBinder - binding parameter [1] as [VARCHAR] - [50377ab8-b78b-4a2a-b0b1-cedf658ab945]
15:06:23.911 [http-nio-8090-exec-7] TRACE o.h.type.descriptor.sql.BasicBinder - binding parameter [1] as [VARCHAR] - [layssh4]
15:06:24.021 [http-nio-8090-exec-7] TRACE o.h.type.descriptor.sql.BasicBinder - binding parameter [1] as [VARCHAR] - [04c0ec94-da5a-467e-92e4-6c6c32159462]
15:06:24.036 [http-nio-8090-exec-7] TRACE o.h.type.descriptor.sql.BasicBinder - binding parameter [1] as [VARCHAR] - [serialVersionUID:1|operCd:admin|insUuid:null|insCd:null|insCdNm:null|roleCd:null|roleCdNm:null|operNm:null|operSt:null|operStNm:null|telephone:null|email:null|operPwd:1|oldOperPwd:null|recCrtTs:null|recUpdTs:null|code:9624|job:null|jobNm:null|roleInfs:[]|]
15:06:24.036 [http-nio-8090-exec-7] TRACE o.h.type.descriptor.sql.BasicBinder - binding parameter [2] as [VARCHAR] - [operCd:admin|roleCd:null|]
15:06:24.036 [http-nio-8090-exec-7] TRACE o.h.type.descriptor.sql.BasicBinder - binding parameter [3] as [VARCHAR] - [20190523150623]
15:06:24.036 [http-nio-8090-exec-7] TRACE o.h.type.descriptor.sql.BasicBinder - binding parameter [4] as [VARCHAR] - [127.0.0.1]
15:06:24.036 [http-nio-8090-exec-7] TRACE o.h.type.descriptor.sql.BasicBinder - binding parameter [5] as [VARCHAR] - [用户登录]
15:06:24.036 [http-nio-8090-exec-7] TRACE o.h.type.descriptor.sql.BasicBinder - binding parameter [6] as [VARCHAR] - [系统登录]
15:06:24.036 [http-nio-8090-exec-7] TRACE o.h.type.descriptor.sql.BasicBinder - binding parameter [7] as [VARCHAR] - [admin]
15:06:24.036 [http-nio-8090-exec-7] TRACE o.h.type.descriptor.sql.BasicBinder - binding parameter [8] as [VARCHAR] - [登录成功]
15:06:24.036 [http-nio-8090-exec-7] TRACE o.h.type.descriptor.sql.BasicBinder - binding parameter [9] as [VARCHAR] - [04c0ec94-da5a-467e-92e4-6c6c32159462]
15:06:24.177 [http-nio-8090-exec-4] TRACE o.h.type.descriptor.sql.BasicBinder - binding parameter [1] as [VARCHAR] - [menuInf/getTreeByRole]
15:06:24.177 [http-nio-8090-exec-4] TRACE o.h.type.descriptor.sql.BasicBinder - binding parameter [1] as [VARCHAR] - [admin]
15:06:27.754 [http-nio-8090-exec-4] TRACE o.h.type.descriptor.sql.BasicBinder - binding parameter [1] as [VARCHAR] - [tAppTest/datagrid]
15:06:40.048 [http-nio-8090-exec-5] TRACE o.h.type.descriptor.sql.BasicBinder - binding parameter [1] as [VARCHAR] - [dictCd/getList]
15:06:40.048 [http-nio-8090-exec-2] TRACE o.h.type.descriptor.sql.BasicBinder - binding parameter [1] as [VARCHAR] - [dictCd/getList]
15:06:40.079 [http-nio-8090-exec-1] TRACE o.h.type.descriptor.sql.BasicBinder - binding parameter [1] as [VARCHAR] - [student/datagrid]
15:06:40.095 [http-nio-8090-exec-5] TRACE o.h.type.descriptor.sql.BasicBinder - binding parameter [1] as [VARCHAR] - [student_sex]
15:06:40.095 [http-nio-8090-exec-2] TRACE o.h.type.descriptor.sql.BasicBinder - binding parameter [1] as [VARCHAR] - [student_state]
15:06:43.860 [http-nio-8090-exec-8] TRACE o.h.type.descriptor.sql.BasicBinder - binding parameter [1] as [VARCHAR] - [sysFunctionInf/datagrid]
15:06:43.891 [http-nio-8090-exec-8] TRACE o.h.type.descriptor.sql.BasicBinder - binding parameter [1] as [VARCHAR] - [6b0783ec-1a19-40cb-8ee7-15d5bcb0b422]
15:06:43.891 [http-nio-8090-exec-8] TRACE o.h.type.descriptor.sql.BasicBinder - binding parameter [1] as [VARCHAR] - [ddd9ee7c-0518-4465-a42e-db795159a5b5]
15:06:43.891 [http-nio-8090-exec-8] TRACE o.h.type.descriptor.sql.BasicBinder - binding parameter [1] as [VARCHAR] - [724df8a4-db6e-410f-b712-58a57c3fe1d9]
15:06:43.891 [http-nio-8090-exec-8] TRACE o.h.type.descriptor.sql.BasicBinder - binding parameter [1] as [VARCHAR] - [720f5f7f-f3d8-4881-ba30-d07a29029aac]
15:06:43.891 [http-nio-8090-exec-8] TRACE o.h.type.descriptor.sql.BasicBinder - binding parameter [1] as [VARCHAR] - [ed4794fa-5e27-442e-84c1-11d373ef83b5]
15:06:43.891 [http-nio-8090-exec-8] TRACE o.h.type.descriptor.sql.BasicBinder - binding parameter [1] as [VARCHAR] - [37d317f7-6417-4ea7-81e1-cf9f499ee273]
15:06:43.891 [http-nio-8090-exec-8] TRACE o.h.type.descriptor.sql.BasicBinder - binding parameter [1] as [VARCHAR] - [7e566aaf-3eea-4998-8b2b-49f5b204a50c]
15:06:43.907 [http-nio-8090-exec-8] TRACE o.h.type.descriptor.sql.BasicBinder - binding parameter [1] as [VARCHAR] - [d307c58f-37c6-498a-aa33-b343e2370290]
15:06:43.907 [http-nio-8090-exec-8] TRACE o.h.type.descriptor.sql.BasicBinder - binding parameter [1] as [VARCHAR] - [e4be5554-96ae-4d5b-ae52-ed8154627796]
15:06:43.907 [http-nio-8090-exec-8] TRACE o.h.type.descriptor.sql.BasicBinder - binding parameter [1] as [VARCHAR] - [bf64165c-65ae-49ad-a530-77b9593cf96e]
15:06:48.874 [http-nio-8090-exec-3] TRACE o.h.type.descriptor.sql.BasicBinder - binding parameter [1] as [VARCHAR] - [roleInf/datagrid]
15:06:48.890 [http-nio-8090-exec-3] TRACE o.h.type.descriptor.sql.BasicBinder - binding parameter [1] as [VARCHAR] - [%%1%%]
15:06:48.890 [http-nio-8090-exec-3] TRACE o.h.type.descriptor.sql.BasicBinder - binding parameter [2] as [VARCHAR] - [1]
15:06:48.905 [http-nio-8090-exec-3] TRACE o.h.type.descriptor.sql.BasicBinder - binding parameter [1] as [VARCHAR] - [%%1%%]
15:06:48.905 [http-nio-8090-exec-3] TRACE o.h.type.descriptor.sql.BasicBinder - binding parameter [2] as [VARCHAR] - [1]
15:09:47.984 [http-nio-8090-exec-6] TRACE o.h.type.descriptor.sql.BasicBinder - binding parameter [1] as [VARCHAR] - [tAppTest/datagrid]
15:09:51.467 [http-nio-8090-exec-3] TRACE o.h.type.descriptor.sql.BasicBinder - binding parameter [1] as [VARCHAR] - [tAppTest/datagrid]
15:09:58.231 [http-nio-8090-exec-2] TRACE o.h.type.descriptor.sql.BasicBinder - binding parameter [1] as [VARCHAR] - [tAppTest/datagrid]
