19:16:43.136 [http-nio-8090-exec-6] TRACE o.h.type.descriptor.sql.BasicBinder - binding parameter [1] as [VARCHAR] - [menuInf/getTreeByRole]
19:16:43.136 [http-nio-8090-exec-1] TRACE o.h.type.descriptor.sql.BasicBinder - binding parameter [1] as [VARCHAR] - [operInf/login]
19:16:43.168 [http-nio-8090-exec-1] TRACE o.h.type.descriptor.sql.BasicBinder - binding parameter [1] as [VARCHAR] - [%%operInf/login%%]
19:16:43.249 [http-nio-8090-exec-1] TRACE o.h.type.descriptor.sql.BasicBinder - binding parameter [1] as [VARCHAR] - [operInf/Login]
19:16:43.251 [http-nio-8090-exec-1] TRACE o.h.type.descriptor.sql.BasicBinder - binding parameter [1] as [VARCHAR] - [%%operInf/Login%%]
19:16:43.257 [http-nio-8090-exec-1] TRACE o.h.type.descriptor.sql.BasicBinder - binding parameter [1] as [VARCHAR] - [error]
19:16:47.174 [http-nio-8090-exec-6] TRACE o.h.type.descriptor.sql.BasicBinder - binding parameter [1] as [VARCHAR] - [%%operInf/execute%%]
19:16:47.261 [http-nio-8090-exec-6] TRACE o.h.type.descriptor.sql.BasicBinder - binding parameter [1] as [VARCHAR] - [admin]
19:16:47.261 [http-nio-8090-exec-6] TRACE o.h.type.descriptor.sql.BasicBinder - binding parameter [2] as [VARCHAR] - [E00CF25AD42683B3DF678C61F42C6BDA]
19:16:47.330 [http-nio-8090-exec-6] TRACE o.h.type.descriptor.sql.BasicBinder - binding parameter [1] as [VARCHAR] - [1]
19:16:47.348 [http-nio-8090-exec-6] TRACE o.h.type.descriptor.sql.BasicBinder - binding parameter [1] as [VARCHAR] - [admin]
19:16:47.353 [http-nio-8090-exec-6] TRACE o.h.type.descriptor.sql.BasicBinder - binding parameter [1] as [VARCHAR] - [e61ce89f-3e0e-4d33-acb8-16e623d86966]
19:16:47.405 [http-nio-8090-exec-6] TRACE o.h.type.descriptor.sql.BasicBinder - binding parameter [1] as [VARCHAR] - [layssh4]
19:16:47.543 [http-nio-8090-exec-6] TRACE o.h.type.descriptor.sql.BasicBinder - binding parameter [1] as [VARCHAR] - [3a973cd3-907d-44e8-968c-0d634a9c8e05]
19:16:47.593 [http-nio-8090-exec-6] TRACE o.h.type.descriptor.sql.BasicBinder - binding parameter [1] as [VARCHAR] - [serialVersionUID:1|operCd:admin|insUuid:null|insCd:null|insCdNm:null|roleCd:null|roleCdNm:null|operNm:null|operSt:null|operStNm:null|telephone:null|email:null|operPwd:1|oldOperPwd:null|recCrtTs:null|recUpdTs:null|code:8729|job:null|jobNm:null|roleInfs:[]|]
19:16:47.593 [http-nio-8090-exec-6] TRACE o.h.type.descriptor.sql.BasicBinder - binding parameter [2] as [VARCHAR] - [operCd:admin|roleCd:null|]
19:16:47.593 [http-nio-8090-exec-6] TRACE o.h.type.descriptor.sql.BasicBinder - binding parameter [3] as [VARCHAR] - [20200214191647]
19:16:47.593 [http-nio-8090-exec-6] TRACE o.h.type.descriptor.sql.BasicBinder - binding parameter [4] as [VARCHAR] - [127.0.0.1]
19:16:47.593 [http-nio-8090-exec-6] TRACE o.h.type.descriptor.sql.BasicBinder - binding parameter [5] as [VARCHAR] - [用户登录]
19:16:47.593 [http-nio-8090-exec-6] TRACE o.h.type.descriptor.sql.BasicBinder - binding parameter [6] as [VARCHAR] - [系统登录]
19:16:47.593 [http-nio-8090-exec-6] TRACE o.h.type.descriptor.sql.BasicBinder - binding parameter [7] as [VARCHAR] - [admin]
19:16:47.593 [http-nio-8090-exec-6] TRACE o.h.type.descriptor.sql.BasicBinder - binding parameter [8] as [VARCHAR] - [登录成功]
19:16:47.593 [http-nio-8090-exec-6] TRACE o.h.type.descriptor.sql.BasicBinder - binding parameter [9] as [VARCHAR] - [3a973cd3-907d-44e8-968c-0d634a9c8e05]
19:16:47.811 [http-nio-8090-exec-7] TRACE o.h.type.descriptor.sql.BasicBinder - binding parameter [1] as [VARCHAR] - [menuInf/getTreeByRole]
19:16:47.821 [http-nio-8090-exec-7] TRACE o.h.type.descriptor.sql.BasicBinder - binding parameter [1] as [VARCHAR] - [admin]
19:16:56.380 [http-nio-8090-exec-6] TRACE o.h.type.descriptor.sql.BasicBinder - binding parameter [1] as [VARCHAR] - [tAppTest/datagrid]
19:17:04.593 [http-nio-8090-exec-9] TRACE o.h.type.descriptor.sql.BasicBinder - binding parameter [1] as [VARCHAR] - [dictCd/getList]
19:17:04.593 [http-nio-8090-exec-10] TRACE o.h.type.descriptor.sql.BasicBinder - binding parameter [1] as [VARCHAR] - [dictCd/getList]
19:17:04.612 [http-nio-8090-exec-10] TRACE o.h.type.descriptor.sql.BasicBinder - binding parameter [1] as [VARCHAR] - [student_sex]
19:17:04.612 [http-nio-8090-exec-9] TRACE o.h.type.descriptor.sql.BasicBinder - binding parameter [1] as [VARCHAR] - [student_state]
19:17:04.634 [http-nio-8090-exec-1] TRACE o.h.type.descriptor.sql.BasicBinder - binding parameter [1] as [VARCHAR] - [student/datagrid]
19:17:10.876 [http-nio-8090-exec-5] TRACE o.h.type.descriptor.sql.BasicBinder - binding parameter [1] as [VARCHAR] - [menuInf/datagrid]
19:18:13.416 [http-nio-8090-exec-3] TRACE o.h.type.descriptor.sql.BasicBinder - binding parameter [1] as [VARCHAR] - [operInf/login]
19:18:13.418 [http-nio-8090-exec-3] TRACE o.h.type.descriptor.sql.BasicBinder - binding parameter [1] as [VARCHAR] - [%%operInf/login%%]
19:18:13.425 [http-nio-8090-exec-3] TRACE o.h.type.descriptor.sql.BasicBinder - binding parameter [1] as [VARCHAR] - [operInf/Login]
19:18:13.426 [http-nio-8090-exec-3] TRACE o.h.type.descriptor.sql.BasicBinder - binding parameter [1] as [VARCHAR] - [%%operInf/Login%%]
19:18:13.430 [http-nio-8090-exec-3] TRACE o.h.type.descriptor.sql.BasicBinder - binding parameter [1] as [VARCHAR] - [error]
19:18:13.444 [http-nio-8090-exec-6] TRACE o.h.type.descriptor.sql.BasicBinder - binding parameter [1] as [VARCHAR] - [menuInf/getTreeByRole]
19:18:26.860 [http-nio-8090-exec-7] TRACE o.h.type.descriptor.sql.BasicBinder - binding parameter [1] as [VARCHAR] - [menuInf/getTreeByRole]
19:18:26.962 [http-nio-8090-exec-2] TRACE o.h.type.descriptor.sql.BasicBinder - binding parameter [1] as [VARCHAR] - [operInf/login]
19:18:26.964 [http-nio-8090-exec-2] TRACE o.h.type.descriptor.sql.BasicBinder - binding parameter [1] as [VARCHAR] - [%%operInf/login%%]
19:18:26.971 [http-nio-8090-exec-2] TRACE o.h.type.descriptor.sql.BasicBinder - binding parameter [1] as [VARCHAR] - [operInf/Login]
19:18:26.972 [http-nio-8090-exec-2] TRACE o.h.type.descriptor.sql.BasicBinder - binding parameter [1] as [VARCHAR] - [%%operInf/Login%%]
19:18:26.976 [http-nio-8090-exec-2] TRACE o.h.type.descriptor.sql.BasicBinder - binding parameter [1] as [VARCHAR] - [error]
19:18:33.205 [http-nio-8090-exec-10] TRACE o.h.type.descriptor.sql.BasicBinder - binding parameter [1] as [VARCHAR] - [%%operInf/execute%%]
19:18:33.208 [http-nio-8090-exec-10] TRACE o.h.type.descriptor.sql.BasicBinder - binding parameter [1] as [VARCHAR] - [admin]
19:18:33.208 [http-nio-8090-exec-10] TRACE o.h.type.descriptor.sql.BasicBinder - binding parameter [2] as [VARCHAR] - [E00CF25AD42683B3DF678C61F42C6BDA]
19:18:33.210 [http-nio-8090-exec-10] TRACE o.h.type.descriptor.sql.BasicBinder - binding parameter [1] as [VARCHAR] - [1]
19:18:33.213 [http-nio-8090-exec-10] TRACE o.h.type.descriptor.sql.BasicBinder - binding parameter [1] as [VARCHAR] - [admin]
19:18:33.215 [http-nio-8090-exec-10] TRACE o.h.type.descriptor.sql.BasicBinder - binding parameter [1] as [VARCHAR] - [e61ce89f-3e0e-4d33-acb8-16e623d86966]
19:18:33.218 [http-nio-8090-exec-10] TRACE o.h.type.descriptor.sql.BasicBinder - binding parameter [1] as [VARCHAR] - [layssh4]
19:18:33.312 [http-nio-8090-exec-10] TRACE o.h.type.descriptor.sql.BasicBinder - binding parameter [1] as [VARCHAR] - [d0d6a28c-27a1-4804-9065-25f51bdf4b0d]
19:18:33.318 [http-nio-8090-exec-10] TRACE o.h.type.descriptor.sql.BasicBinder - binding parameter [1] as [VARCHAR] - [serialVersionUID:1|operCd:admin|insUuid:null|insCd:null|insCdNm:null|roleCd:null|roleCdNm:null|operNm:null|operSt:null|operStNm:null|telephone:null|email:null|operPwd:1|oldOperPwd:null|recCrtTs:null|recUpdTs:null|code:0087|job:null|jobNm:null|roleInfs:[]|]
19:18:33.318 [http-nio-8090-exec-10] TRACE o.h.type.descriptor.sql.BasicBinder - binding parameter [2] as [VARCHAR] - [operCd:admin|roleCd:null|]
19:18:33.318 [http-nio-8090-exec-10] TRACE o.h.type.descriptor.sql.BasicBinder - binding parameter [3] as [VARCHAR] - [20200214191833]
19:18:33.318 [http-nio-8090-exec-10] TRACE o.h.type.descriptor.sql.BasicBinder - binding parameter [4] as [VARCHAR] - [127.0.0.1]
19:18:33.318 [http-nio-8090-exec-10] TRACE o.h.type.descriptor.sql.BasicBinder - binding parameter [5] as [VARCHAR] - [用户登录]
19:18:33.318 [http-nio-8090-exec-10] TRACE o.h.type.descriptor.sql.BasicBinder - binding parameter [6] as [VARCHAR] - [系统登录]
19:18:33.318 [http-nio-8090-exec-10] TRACE o.h.type.descriptor.sql.BasicBinder - binding parameter [7] as [VARCHAR] - [admin]
19:18:33.318 [http-nio-8090-exec-10] TRACE o.h.type.descriptor.sql.BasicBinder - binding parameter [8] as [VARCHAR] - [登录成功]
19:18:33.318 [http-nio-8090-exec-10] TRACE o.h.type.descriptor.sql.BasicBinder - binding parameter [9] as [VARCHAR] - [d0d6a28c-27a1-4804-9065-25f51bdf4b0d]
19:22:20.356 [http-nio-8090-exec-9] TRACE o.h.type.descriptor.sql.BasicBinder - binding parameter [1] as [VARCHAR] - [roleInf/datagrid]
19:22:20.373 [http-nio-8090-exec-9] TRACE o.h.type.descriptor.sql.BasicBinder - binding parameter [1] as [VARCHAR] - [%%1%%]
19:22:20.373 [http-nio-8090-exec-9] TRACE o.h.type.descriptor.sql.BasicBinder - binding parameter [2] as [VARCHAR] - [1]
19:22:20.379 [http-nio-8090-exec-9] TRACE o.h.type.descriptor.sql.BasicBinder - binding parameter [1] as [VARCHAR] - [%%1%%]
19:22:20.379 [http-nio-8090-exec-9] TRACE o.h.type.descriptor.sql.BasicBinder - binding parameter [2] as [VARCHAR] - [1]
19:22:34.513 [http-nio-8090-exec-7] TRACE o.h.type.descriptor.sql.BasicBinder - binding parameter [1] as [VARCHAR] - [sysFunctionInf/datagrid]
19:22:34.534 [http-nio-8090-exec-7] TRACE o.h.type.descriptor.sql.BasicBinder - binding parameter [1] as [VARCHAR] - [6b0783ec-1a19-40cb-8ee7-15d5bcb0b422]
19:22:34.536 [http-nio-8090-exec-7] TRACE o.h.type.descriptor.sql.BasicBinder - binding parameter [1] as [VARCHAR] - [ddd9ee7c-0518-4465-a42e-db795159a5b5]
19:22:34.537 [http-nio-8090-exec-7] TRACE o.h.type.descriptor.sql.BasicBinder - binding parameter [1] as [VARCHAR] - [724df8a4-db6e-410f-b712-58a57c3fe1d9]
19:22:34.538 [http-nio-8090-exec-7] TRACE o.h.type.descriptor.sql.BasicBinder - binding parameter [1] as [VARCHAR] - [720f5f7f-f3d8-4881-ba30-d07a29029aac]
19:22:34.540 [http-nio-8090-exec-7] TRACE o.h.type.descriptor.sql.BasicBinder - binding parameter [1] as [VARCHAR] - [ed4794fa-5e27-442e-84c1-11d373ef83b5]
19:22:34.541 [http-nio-8090-exec-7] TRACE o.h.type.descriptor.sql.BasicBinder - binding parameter [1] as [VARCHAR] - [37d317f7-6417-4ea7-81e1-cf9f499ee273]
19:22:34.542 [http-nio-8090-exec-7] TRACE o.h.type.descriptor.sql.BasicBinder - binding parameter [1] as [VARCHAR] - [7e566aaf-3eea-4998-8b2b-49f5b204a50c]
19:22:34.544 [http-nio-8090-exec-7] TRACE o.h.type.descriptor.sql.BasicBinder - binding parameter [1] as [VARCHAR] - [d307c58f-37c6-498a-aa33-b343e2370290]
19:22:34.546 [http-nio-8090-exec-7] TRACE o.h.type.descriptor.sql.BasicBinder - binding parameter [1] as [VARCHAR] - [e4be5554-96ae-4d5b-ae52-ed8154627796]
19:22:34.548 [http-nio-8090-exec-7] TRACE o.h.type.descriptor.sql.BasicBinder - binding parameter [1] as [VARCHAR] - [bf64165c-65ae-49ad-a530-77b9593cf96e]
19:26:01.648 [http-nio-8090-exec-5] TRACE o.h.type.descriptor.sql.BasicBinder - binding parameter [1] as [VARCHAR] - [tAppTest/datagrid]
19:46:09.779 [http-nio-8090-exec-3] TRACE o.h.type.descriptor.sql.BasicBinder - binding parameter [1] as [VARCHAR] - [menuInf/getTreeByRole]
19:46:09.839 [http-nio-8090-exec-4] TRACE o.h.type.descriptor.sql.BasicBinder - binding parameter [1] as [VARCHAR] - [operInf/login]
19:46:09.853 [http-nio-8090-exec-4] TRACE o.h.type.descriptor.sql.BasicBinder - binding parameter [1] as [VARCHAR] - [%%operInf/login%%]
19:46:09.966 [http-nio-8090-exec-4] TRACE o.h.type.descriptor.sql.BasicBinder - binding parameter [1] as [VARCHAR] - [operInf/Login]
19:46:09.967 [http-nio-8090-exec-4] TRACE o.h.type.descriptor.sql.BasicBinder - binding parameter [1] as [VARCHAR] - [%%operInf/Login%%]
19:46:09.974 [http-nio-8090-exec-4] TRACE o.h.type.descriptor.sql.BasicBinder - binding parameter [1] as [VARCHAR] - [error]
19:46:46.518 [http-nio-8090-exec-10] TRACE o.h.type.descriptor.sql.BasicBinder - binding parameter [1] as [VARCHAR] - [%%operInf/execute%%]
19:46:46.664 [http-nio-8090-exec-10] TRACE o.h.type.descriptor.sql.BasicBinder - binding parameter [1] as [VARCHAR] - [admin]
19:46:46.664 [http-nio-8090-exec-10] TRACE o.h.type.descriptor.sql.BasicBinder - binding parameter [2] as [VARCHAR] - [E00CF25AD42683B3DF678C61F42C6BDA]
19:46:46.744 [http-nio-8090-exec-10] TRACE o.h.type.descriptor.sql.BasicBinder - binding parameter [1] as [VARCHAR] - [1]
19:46:46.764 [http-nio-8090-exec-10] TRACE o.h.type.descriptor.sql.BasicBinder - binding parameter [1] as [VARCHAR] - [admin]
19:46:46.768 [http-nio-8090-exec-10] TRACE o.h.type.descriptor.sql.BasicBinder - binding parameter [1] as [VARCHAR] - [e61ce89f-3e0e-4d33-acb8-16e623d86966]
19:46:46.800 [http-nio-8090-exec-10] TRACE o.h.type.descriptor.sql.BasicBinder - binding parameter [1] as [VARCHAR] - [layssh4]
19:46:46.985 [http-nio-8090-exec-10] TRACE o.h.type.descriptor.sql.BasicBinder - binding parameter [1] as [VARCHAR] - [d22a6e96-efa5-4bce-aff5-79dd91af2e8d]
19:46:47.043 [http-nio-8090-exec-10] TRACE o.h.type.descriptor.sql.BasicBinder - binding parameter [1] as [VARCHAR] - [serialVersionUID:1|operCd:admin|insUuid:null|insCd:null|insCdNm:null|roleCd:null|roleCdNm:null|operNm:null|operSt:null|operStNm:null|telephone:null|email:null|operPwd:1|oldOperPwd:null|recCrtTs:null|recUpdTs:null|code:8567|job:null|jobNm:null|roleInfs:[]|]
19:46:47.043 [http-nio-8090-exec-10] TRACE o.h.type.descriptor.sql.BasicBinder - binding parameter [2] as [VARCHAR] - [operCd:admin|roleCd:null|]
19:46:47.043 [http-nio-8090-exec-10] TRACE o.h.type.descriptor.sql.BasicBinder - binding parameter [3] as [VARCHAR] - [20200214194646]
19:46:47.043 [http-nio-8090-exec-10] TRACE o.h.type.descriptor.sql.BasicBinder - binding parameter [4] as [VARCHAR] - [127.0.0.1]
19:46:47.043 [http-nio-8090-exec-10] TRACE o.h.type.descriptor.sql.BasicBinder - binding parameter [5] as [VARCHAR] - [用户登录]
19:46:47.043 [http-nio-8090-exec-10] TRACE o.h.type.descriptor.sql.BasicBinder - binding parameter [6] as [VARCHAR] - [系统登录]
19:46:47.043 [http-nio-8090-exec-10] TRACE o.h.type.descriptor.sql.BasicBinder - binding parameter [7] as [VARCHAR] - [admin]
19:46:47.043 [http-nio-8090-exec-10] TRACE o.h.type.descriptor.sql.BasicBinder - binding parameter [8] as [VARCHAR] - [登录成功]
19:46:47.043 [http-nio-8090-exec-10] TRACE o.h.type.descriptor.sql.BasicBinder - binding parameter [9] as [VARCHAR] - [d22a6e96-efa5-4bce-aff5-79dd91af2e8d]
19:46:47.237 [http-nio-8090-exec-3] TRACE o.h.type.descriptor.sql.BasicBinder - binding parameter [1] as [VARCHAR] - [menuInf/getTreeByRole]
19:46:47.257 [http-nio-8090-exec-3] TRACE o.h.type.descriptor.sql.BasicBinder - binding parameter [1] as [VARCHAR] - [admin]
20:31:43.922 [http-nio-8090-exec-3] TRACE o.h.type.descriptor.sql.BasicBinder - binding parameter [1] as [VARCHAR] - [menuInf/getTreeByRole]
20:31:43.953 [http-nio-8090-exec-4] TRACE o.h.type.descriptor.sql.BasicBinder - binding parameter [1] as [VARCHAR] - [operInf/login]
20:31:43.969 [http-nio-8090-exec-4] TRACE o.h.type.descriptor.sql.BasicBinder - binding parameter [1] as [VARCHAR] - [%%operInf/login%%]
20:31:44.042 [http-nio-8090-exec-4] TRACE o.h.type.descriptor.sql.BasicBinder - binding parameter [1] as [VARCHAR] - [operInf/Login]
20:31:44.043 [http-nio-8090-exec-4] TRACE o.h.type.descriptor.sql.BasicBinder - binding parameter [1] as [VARCHAR] - [%%operInf/Login%%]
20:31:44.051 [http-nio-8090-exec-4] TRACE o.h.type.descriptor.sql.BasicBinder - binding parameter [1] as [VARCHAR] - [error]
20:31:47.487 [http-nio-8090-exec-6] TRACE o.h.type.descriptor.sql.BasicBinder - binding parameter [1] as [VARCHAR] - [%%operInf/execute%%]
20:31:47.528 [http-nio-8090-exec-6] TRACE o.h.type.descriptor.sql.BasicBinder - binding parameter [1] as [VARCHAR] - [admin]
20:31:47.528 [http-nio-8090-exec-6] TRACE o.h.type.descriptor.sql.BasicBinder - binding parameter [2] as [VARCHAR] - [E00CF25AD42683B3DF678C61F42C6BDA]
20:31:47.570 [http-nio-8090-exec-6] TRACE o.h.type.descriptor.sql.BasicBinder - binding parameter [1] as [VARCHAR] - [1]
20:31:47.591 [http-nio-8090-exec-6] TRACE o.h.type.descriptor.sql.BasicBinder - binding parameter [1] as [VARCHAR] - [admin]
20:31:47.594 [http-nio-8090-exec-6] TRACE o.h.type.descriptor.sql.BasicBinder - binding parameter [1] as [VARCHAR] - [e61ce89f-3e0e-4d33-acb8-16e623d86966]
20:31:47.624 [http-nio-8090-exec-6] TRACE o.h.type.descriptor.sql.BasicBinder - binding parameter [1] as [VARCHAR] - [layssh4]
20:31:47.775 [http-nio-8090-exec-6] TRACE o.h.type.descriptor.sql.BasicBinder - binding parameter [1] as [VARCHAR] - [9ca279d9-1749-4325-9c87-bec9e63e602f]
20:31:47.816 [http-nio-8090-exec-6] TRACE o.h.type.descriptor.sql.BasicBinder - binding parameter [1] as [VARCHAR] - [serialVersionUID:1|operCd:admin|insUuid:null|insCd:null|insCdNm:null|roleCd:null|roleCdNm:null|operNm:null|operSt:null|operStNm:null|telephone:null|email:null|operPwd:1|oldOperPwd:null|recCrtTs:null|recUpdTs:null|code:1829|job:null|jobNm:null|roleInfs:[]|]
20:31:47.816 [http-nio-8090-exec-6] TRACE o.h.type.descriptor.sql.BasicBinder - binding parameter [2] as [VARCHAR] - [operCd:admin|roleCd:null|]
20:31:47.816 [http-nio-8090-exec-6] TRACE o.h.type.descriptor.sql.BasicBinder - binding parameter [3] as [VARCHAR] - [20200214203147]
20:31:47.816 [http-nio-8090-exec-6] TRACE o.h.type.descriptor.sql.BasicBinder - binding parameter [4] as [VARCHAR] - [127.0.0.1]
20:31:47.816 [http-nio-8090-exec-6] TRACE o.h.type.descriptor.sql.BasicBinder - binding parameter [5] as [VARCHAR] - [用户登录]
20:31:47.816 [http-nio-8090-exec-6] TRACE o.h.type.descriptor.sql.BasicBinder - binding parameter [6] as [VARCHAR] - [系统登录]
20:31:47.816 [http-nio-8090-exec-6] TRACE o.h.type.descriptor.sql.BasicBinder - binding parameter [7] as [VARCHAR] - [admin]
20:31:47.816 [http-nio-8090-exec-6] TRACE o.h.type.descriptor.sql.BasicBinder - binding parameter [8] as [VARCHAR] - [登录成功]
20:31:47.816 [http-nio-8090-exec-6] TRACE o.h.type.descriptor.sql.BasicBinder - binding parameter [9] as [VARCHAR] - [9ca279d9-1749-4325-9c87-bec9e63e602f]
20:31:47.953 [http-nio-8090-exec-9] TRACE o.h.type.descriptor.sql.BasicBinder - binding parameter [1] as [VARCHAR] - [menuInf/getTreeByRole]
20:31:47.981 [http-nio-8090-exec-9] TRACE o.h.type.descriptor.sql.BasicBinder - binding parameter [1] as [VARCHAR] - [admin]
20:31:52.136 [http-nio-8090-exec-6] TRACE o.h.type.descriptor.sql.BasicBinder - binding parameter [1] as [VARCHAR] - [tAppTest/datagrid]
20:43:21.947 [http-nio-8090-exec-3] TRACE o.h.type.descriptor.sql.BasicBinder - binding parameter [1] as [VARCHAR] - [menuInf/getTreeByRole]
20:43:21.978 [http-nio-8090-exec-4] TRACE o.h.type.descriptor.sql.BasicBinder - binding parameter [1] as [VARCHAR] - [operInf/login]
20:43:21.991 [http-nio-8090-exec-4] TRACE o.h.type.descriptor.sql.BasicBinder - binding parameter [1] as [VARCHAR] - [%%operInf/login%%]
20:43:22.049 [http-nio-8090-exec-4] TRACE o.h.type.descriptor.sql.BasicBinder - binding parameter [1] as [VARCHAR] - [operInf/Login]
20:43:22.050 [http-nio-8090-exec-4] TRACE o.h.type.descriptor.sql.BasicBinder - binding parameter [1] as [VARCHAR] - [%%operInf/Login%%]
20:43:22.060 [http-nio-8090-exec-4] TRACE o.h.type.descriptor.sql.BasicBinder - binding parameter [1] as [VARCHAR] - [error]
20:43:24.975 [http-nio-8090-exec-5] TRACE o.h.type.descriptor.sql.BasicBinder - binding parameter [1] as [VARCHAR] - [%%operInf/execute%%]
20:43:25.007 [http-nio-8090-exec-5] TRACE o.h.type.descriptor.sql.BasicBinder - binding parameter [1] as [VARCHAR] - [admin]
20:43:25.007 [http-nio-8090-exec-5] TRACE o.h.type.descriptor.sql.BasicBinder - binding parameter [2] as [VARCHAR] - [E00CF25AD42683B3DF678C61F42C6BDA]
20:43:25.038 [http-nio-8090-exec-5] TRACE o.h.type.descriptor.sql.BasicBinder - binding parameter [1] as [VARCHAR] - [1]
20:43:25.054 [http-nio-8090-exec-5] TRACE o.h.type.descriptor.sql.BasicBinder - binding parameter [1] as [VARCHAR] - [admin]
20:43:25.056 [http-nio-8090-exec-5] TRACE o.h.type.descriptor.sql.BasicBinder - binding parameter [1] as [VARCHAR] - [e61ce89f-3e0e-4d33-acb8-16e623d86966]
20:43:25.079 [http-nio-8090-exec-5] TRACE o.h.type.descriptor.sql.BasicBinder - binding parameter [1] as [VARCHAR] - [layssh4]
20:43:25.207 [http-nio-8090-exec-5] TRACE o.h.type.descriptor.sql.BasicBinder - binding parameter [1] as [VARCHAR] - [023f259b-58ed-47ed-947b-f99e1d390277]
20:43:25.249 [http-nio-8090-exec-5] TRACE o.h.type.descriptor.sql.BasicBinder - binding parameter [1] as [VARCHAR] - [serialVersionUID:1|operCd:admin|insUuid:null|insCd:null|insCdNm:null|roleCd:null|roleCdNm:null|operNm:null|operSt:null|operStNm:null|telephone:null|email:null|operPwd:1|oldOperPwd:null|recCrtTs:null|recUpdTs:null|code:1172|job:null|jobNm:null|roleInfs:[]|]
20:43:25.249 [http-nio-8090-exec-5] TRACE o.h.type.descriptor.sql.BasicBinder - binding parameter [2] as [VARCHAR] - [operCd:admin|roleCd:null|]
20:43:25.249 [http-nio-8090-exec-5] TRACE o.h.type.descriptor.sql.BasicBinder - binding parameter [3] as [VARCHAR] - [20200214204325]
20:43:25.249 [http-nio-8090-exec-5] TRACE o.h.type.descriptor.sql.BasicBinder - binding parameter [4] as [VARCHAR] - [127.0.0.1]
20:43:25.249 [http-nio-8090-exec-5] TRACE o.h.type.descriptor.sql.BasicBinder - binding parameter [5] as [VARCHAR] - [用户登录]
20:43:25.249 [http-nio-8090-exec-5] TRACE o.h.type.descriptor.sql.BasicBinder - binding parameter [6] as [VARCHAR] - [系统登录]
20:43:25.249 [http-nio-8090-exec-5] TRACE o.h.type.descriptor.sql.BasicBinder - binding parameter [7] as [VARCHAR] - [admin]
20:43:25.249 [http-nio-8090-exec-5] TRACE o.h.type.descriptor.sql.BasicBinder - binding parameter [8] as [VARCHAR] - [登录成功]
20:43:25.249 [http-nio-8090-exec-5] TRACE o.h.type.descriptor.sql.BasicBinder - binding parameter [9] as [VARCHAR] - [023f259b-58ed-47ed-947b-f99e1d390277]
20:43:25.367 [http-nio-8090-exec-9] TRACE o.h.type.descriptor.sql.BasicBinder - binding parameter [1] as [VARCHAR] - [menuInf/getTreeByRole]
20:43:25.380 [http-nio-8090-exec-9] TRACE o.h.type.descriptor.sql.BasicBinder - binding parameter [1] as [VARCHAR] - [admin]
20:43:28.076 [http-nio-8090-exec-5] TRACE o.h.type.descriptor.sql.BasicBinder - binding parameter [1] as [VARCHAR] - [tAppTest/datagrid]
