15:06:56.824 [http-nio-8090-exec-2] TRACE o.h.type.descriptor.sql.BasicBinder - binding parameter [1] as [VARCHAR] - []
15:07:01.744 [http-nio-8090-exec-2] TRACE o.h.type.descriptor.sql.BasicBinder - binding parameter [1] as [VARCHAR] - [%%operInf/execute%%]
15:07:01.807 [http-nio-8090-exec-2] TRACE o.h.type.descriptor.sql.BasicBinder - binding parameter [1] as [VARCHAR] - [admin]
15:07:01.807 [http-nio-8090-exec-2] TRACE o.h.type.descriptor.sql.BasicBinder - binding parameter [2] as [VARCHAR] - [E00CF25AD42683B3DF678C61F42C6BDA]
15:07:01.885 [http-nio-8090-exec-2] TRACE o.h.type.descriptor.sql.BasicBinder - binding parameter [1] as [VARCHAR] - [1]
15:07:01.916 [http-nio-8090-exec-2] TRACE o.h.type.descriptor.sql.BasicBinder - binding parameter [1] as [VARCHAR] - [admin]
15:07:01.916 [http-nio-8090-exec-2] TRACE o.h.type.descriptor.sql.BasicBinder - binding parameter [1] as [VARCHAR] - [e61ce89f-3e0e-4d33-acb8-16e623d86966]
15:07:01.916 [http-nio-8090-exec-2] TRACE o.h.type.descriptor.sql.BasicBinder - binding parameter [1] as [VARCHAR] - [50377ab8-b78b-4a2a-b0b1-cedf658ab945]
15:07:01.948 [http-nio-8090-exec-2] TRACE o.h.type.descriptor.sql.BasicBinder - binding parameter [1] as [VARCHAR] - [layssh4]
15:07:02.104 [http-nio-8090-exec-2] TRACE o.h.type.descriptor.sql.BasicBinder - binding parameter [1] as [VARCHAR] - [2b3cbdf6-d4cd-462c-ac21-aef293cfa684]
15:07:02.151 [http-nio-8090-exec-2] TRACE o.h.type.descriptor.sql.BasicBinder - binding parameter [1] as [VARCHAR] - [serialVersionUID:1|operCd:admin|insUuid:null|insCd:null|insCdNm:null|roleCd:null|roleCdNm:null|operNm:null|operSt:null|operStNm:null|telephone:null|email:null|operPwd:1|oldOperPwd:null|recCrtTs:null|recUpdTs:null|code:4896|job:null|jobNm:null|roleInfs:[]|]
15:07:02.151 [http-nio-8090-exec-2] TRACE o.h.type.descriptor.sql.BasicBinder - binding parameter [2] as [VARCHAR] - [operCd:admin|roleCd:null|]
15:07:02.151 [http-nio-8090-exec-2] TRACE o.h.type.descriptor.sql.BasicBinder - binding parameter [3] as [VARCHAR] - [20190604150701]
15:07:02.151 [http-nio-8090-exec-2] TRACE o.h.type.descriptor.sql.BasicBinder - binding parameter [4] as [VARCHAR] - [127.0.0.1]
15:07:02.151 [http-nio-8090-exec-2] TRACE o.h.type.descriptor.sql.BasicBinder - binding parameter [5] as [VARCHAR] - [用户登录]
15:07:02.151 [http-nio-8090-exec-2] TRACE o.h.type.descriptor.sql.BasicBinder - binding parameter [6] as [VARCHAR] - [系统登录]
15:07:02.151 [http-nio-8090-exec-2] TRACE o.h.type.descriptor.sql.BasicBinder - binding parameter [7] as [VARCHAR] - [admin]
15:07:02.151 [http-nio-8090-exec-2] TRACE o.h.type.descriptor.sql.BasicBinder - binding parameter [8] as [VARCHAR] - [登录成功]
15:07:02.166 [http-nio-8090-exec-2] TRACE o.h.type.descriptor.sql.BasicBinder - binding parameter [9] as [VARCHAR] - [2b3cbdf6-d4cd-462c-ac21-aef293cfa684]
15:07:02.947 [http-nio-8090-exec-10] TRACE o.h.type.descriptor.sql.BasicBinder - binding parameter [1] as [VARCHAR] - [menuInf/getTreeByRole]
15:07:02.947 [http-nio-8090-exec-10] TRACE o.h.type.descriptor.sql.BasicBinder - binding parameter [1] as [VARCHAR] - [admin]
15:07:05.962 [http-nio-8090-exec-7] TRACE o.h.type.descriptor.sql.BasicBinder - binding parameter [1] as [VARCHAR] - [tAppTest/datagrid]
15:07:47.156 [http-nio-8090-exec-10] TRACE o.h.type.descriptor.sql.BasicBinder - binding parameter [1] as [VARCHAR] - [dictCd/getList]
15:07:47.156 [http-nio-8090-exec-1] TRACE o.h.type.descriptor.sql.BasicBinder - binding parameter [1] as [VARCHAR] - [dictCd/getList]
15:07:47.187 [http-nio-8090-exec-1] TRACE o.h.type.descriptor.sql.BasicBinder - binding parameter [1] as [VARCHAR] - [student_sex]
15:07:47.187 [http-nio-8090-exec-10] TRACE o.h.type.descriptor.sql.BasicBinder - binding parameter [1] as [VARCHAR] - [student_state]
15:07:47.203 [http-nio-8090-exec-5] TRACE o.h.type.descriptor.sql.BasicBinder - binding parameter [1] as [VARCHAR] - [student/datagrid]
15:07:50.920 [http-nio-8090-exec-2] TRACE o.h.type.descriptor.sql.BasicBinder - binding parameter [1] as [VARCHAR] - [sysFunctionInf/datagrid]
15:07:50.936 [http-nio-8090-exec-2] TRACE o.h.type.descriptor.sql.BasicBinder - binding parameter [1] as [VARCHAR] - [6b0783ec-1a19-40cb-8ee7-15d5bcb0b422]
15:07:50.952 [http-nio-8090-exec-2] TRACE o.h.type.descriptor.sql.BasicBinder - binding parameter [1] as [VARCHAR] - [ddd9ee7c-0518-4465-a42e-db795159a5b5]
15:07:50.952 [http-nio-8090-exec-2] TRACE o.h.type.descriptor.sql.BasicBinder - binding parameter [1] as [VARCHAR] - [724df8a4-db6e-410f-b712-58a57c3fe1d9]
15:07:50.952 [http-nio-8090-exec-2] TRACE o.h.type.descriptor.sql.BasicBinder - binding parameter [1] as [VARCHAR] - [720f5f7f-f3d8-4881-ba30-d07a29029aac]
15:07:50.952 [http-nio-8090-exec-2] TRACE o.h.type.descriptor.sql.BasicBinder - binding parameter [1] as [VARCHAR] - [ed4794fa-5e27-442e-84c1-11d373ef83b5]
15:07:50.952 [http-nio-8090-exec-2] TRACE o.h.type.descriptor.sql.BasicBinder - binding parameter [1] as [VARCHAR] - [37d317f7-6417-4ea7-81e1-cf9f499ee273]
15:07:50.952 [http-nio-8090-exec-2] TRACE o.h.type.descriptor.sql.BasicBinder - binding parameter [1] as [VARCHAR] - [7e566aaf-3eea-4998-8b2b-49f5b204a50c]
15:07:50.952 [http-nio-8090-exec-2] TRACE o.h.type.descriptor.sql.BasicBinder - binding parameter [1] as [VARCHAR] - [d307c58f-37c6-498a-aa33-b343e2370290]
15:07:50.952 [http-nio-8090-exec-2] TRACE o.h.type.descriptor.sql.BasicBinder - binding parameter [1] as [VARCHAR] - [e4be5554-96ae-4d5b-ae52-ed8154627796]
15:07:50.967 [http-nio-8090-exec-2] TRACE o.h.type.descriptor.sql.BasicBinder - binding parameter [1] as [VARCHAR] - [bf64165c-65ae-49ad-a530-77b9593cf96e]
15:07:55.950 [http-nio-8090-exec-8] TRACE o.h.type.descriptor.sql.BasicBinder - binding parameter [1] as [VARCHAR] - [roleInf/datagrid]
15:07:55.966 [http-nio-8090-exec-8] TRACE o.h.type.descriptor.sql.BasicBinder - binding parameter [1] as [VARCHAR] - [%%1%%]
15:07:55.966 [http-nio-8090-exec-8] TRACE o.h.type.descriptor.sql.BasicBinder - binding parameter [2] as [VARCHAR] - [1]
15:07:55.966 [http-nio-8090-exec-8] TRACE o.h.type.descriptor.sql.BasicBinder - binding parameter [1] as [VARCHAR] - [%%1%%]
15:07:55.966 [http-nio-8090-exec-8] TRACE o.h.type.descriptor.sql.BasicBinder - binding parameter [2] as [VARCHAR] - [1]
15:07:58.106 [http-nio-8090-exec-7] TRACE o.h.type.descriptor.sql.BasicBinder - binding parameter [1] as [VARCHAR] - [dictTp/datagrid]
15:07:59.200 [http-nio-8090-exec-1] TRACE o.h.type.descriptor.sql.BasicBinder - binding parameter [1] as [VARCHAR] - [dictTp/getList]
15:07:59.247 [http-nio-8090-exec-10] TRACE o.h.type.descriptor.sql.BasicBinder - binding parameter [1] as [VARCHAR] - [dictCd/datagrid]
15:07:59.262 [http-nio-8090-exec-10] TRACE o.h.type.descriptor.sql.BasicBinder - binding parameter [1] as [VARCHAR] - [quarz_state]
15:07:59.262 [http-nio-8090-exec-10] TRACE o.h.type.descriptor.sql.BasicBinder - binding parameter [1] as [VARCHAR] - [adminOper]
15:07:59.262 [http-nio-8090-exec-10] TRACE o.h.type.descriptor.sql.BasicBinder - binding parameter [1] as [VARCHAR] - [oper_st]
15:07:59.262 [http-nio-8090-exec-10] TRACE o.h.type.descriptor.sql.BasicBinder - binding parameter [1] as [VARCHAR] - [job_tp]
15:07:59.262 [http-nio-8090-exec-10] TRACE o.h.type.descriptor.sql.BasicBinder - binding parameter [1] as [VARCHAR] - [ins_lvl]
15:07:59.262 [http-nio-8090-exec-10] TRACE o.h.type.descriptor.sql.BasicBinder - binding parameter [1] as [VARCHAR] - [t_test_sex]
15:07:59.262 [http-nio-8090-exec-10] TRACE o.h.type.descriptor.sql.BasicBinder - binding parameter [1] as [VARCHAR] - [timer_star_closed]
15:07:59.262 [http-nio-8090-exec-10] TRACE o.h.type.descriptor.sql.BasicBinder - binding parameter [1] as [VARCHAR] - [timer_type]
15:07:59.262 [http-nio-8090-exec-10] TRACE o.h.type.descriptor.sql.BasicBinder - binding parameter [1] as [VARCHAR] - [student_state]
15:08:00.293 [http-nio-8090-exec-3] TRACE o.h.type.descriptor.sql.BasicBinder - binding parameter [1] as [VARCHAR] - [insInf/datagrid]
15:08:00.309 [http-nio-8090-exec-3] TRACE o.h.type.descriptor.sql.BasicBinder - binding parameter [1] as [VARCHAR] - [%%1%%]
15:08:00.309 [http-nio-8090-exec-3] TRACE o.h.type.descriptor.sql.BasicBinder - binding parameter [1] as [VARCHAR] - [%%1%%]
15:08:03.021 [http-nio-8090-exec-4] TRACE o.h.type.descriptor.sql.BasicBinder - binding parameter [1] as [VARCHAR] - [noInterceptor/datagrid]
15:08:04.607 [http-nio-8090-exec-7] TRACE o.h.type.descriptor.sql.BasicBinder - binding parameter [1] as [VARCHAR] - [operInf/datagrid]
15:08:05.640 [http-nio-8090-exec-1] TRACE o.h.type.descriptor.sql.BasicBinder - binding parameter [1] as [VARCHAR] - [sysLog/datagrid]
15:08:24.140 [http-nio-8090-exec-5] TRACE o.h.type.descriptor.sql.BasicBinder - binding parameter [1] as [VARCHAR] - [dictCd/getList]
15:08:24.156 [http-nio-8090-exec-5] TRACE o.h.type.descriptor.sql.BasicBinder - binding parameter [1] as [VARCHAR] - [quarz_job_group]
15:08:24.187 [http-nio-8090-exec-3] TRACE o.h.type.descriptor.sql.BasicBinder - binding parameter [1] as [VARCHAR] - [quarz/datagrid]
15:08:24.218 [http-nio-8090-exec-3] TRACE o.h.type.descriptor.sql.BasicBinder - binding parameter [1] as [VARCHAR] - [quarz_state]
15:08:24.218 [http-nio-8090-exec-3] TRACE o.h.type.descriptor.sql.BasicBinder - binding parameter [2] as [VARCHAR] - [0]
15:08:24.218 [http-nio-8090-exec-3] TRACE o.h.type.descriptor.sql.BasicBinder - binding parameter [1] as [VARCHAR] - [quarz_job_group]
15:08:24.218 [http-nio-8090-exec-3] TRACE o.h.type.descriptor.sql.BasicBinder - binding parameter [2] as [VARCHAR] - [1]
15:08:34.419 [http-nio-8090-exec-4] TRACE o.h.type.descriptor.sql.BasicBinder - binding parameter [1] as [VARCHAR] - [codeGenerator/getTablesList]
15:08:34.419 [http-nio-8090-exec-4] TRACE o.h.type.descriptor.sql.BasicBinder - binding parameter [1] as [VARCHAR] - [layssh4]
15:08:36.512 [http-nio-8090-exec-9] TRACE o.h.type.descriptor.sql.BasicBinder - binding parameter [1] as [VARCHAR] - [menuInf/datagrid]
15:12:38.418 [http-nio-8090-exec-5] TRACE o.h.type.descriptor.sql.BasicBinder - binding parameter [1] as [VARCHAR] - [sysFunctionInf/datagrid]
15:12:38.434 [http-nio-8090-exec-5] TRACE o.h.type.descriptor.sql.BasicBinder - binding parameter [1] as [VARCHAR] - [6b0783ec-1a19-40cb-8ee7-15d5bcb0b422]
15:12:38.434 [http-nio-8090-exec-5] TRACE o.h.type.descriptor.sql.BasicBinder - binding parameter [1] as [VARCHAR] - [ddd9ee7c-0518-4465-a42e-db795159a5b5]
15:12:38.434 [http-nio-8090-exec-5] TRACE o.h.type.descriptor.sql.BasicBinder - binding parameter [1] as [VARCHAR] - [724df8a4-db6e-410f-b712-58a57c3fe1d9]
15:12:38.434 [http-nio-8090-exec-5] TRACE o.h.type.descriptor.sql.BasicBinder - binding parameter [1] as [VARCHAR] - [720f5f7f-f3d8-4881-ba30-d07a29029aac]
15:12:38.434 [http-nio-8090-exec-5] TRACE o.h.type.descriptor.sql.BasicBinder - binding parameter [1] as [VARCHAR] - [ed4794fa-5e27-442e-84c1-11d373ef83b5]
15:12:38.434 [http-nio-8090-exec-5] TRACE o.h.type.descriptor.sql.BasicBinder - binding parameter [1] as [VARCHAR] - [37d317f7-6417-4ea7-81e1-cf9f499ee273]
15:12:38.434 [http-nio-8090-exec-5] TRACE o.h.type.descriptor.sql.BasicBinder - binding parameter [1] as [VARCHAR] - [7e566aaf-3eea-4998-8b2b-49f5b204a50c]
15:12:38.449 [http-nio-8090-exec-5] TRACE o.h.type.descriptor.sql.BasicBinder - binding parameter [1] as [VARCHAR] - [d307c58f-37c6-498a-aa33-b343e2370290]
15:12:38.449 [http-nio-8090-exec-5] TRACE o.h.type.descriptor.sql.BasicBinder - binding parameter [1] as [VARCHAR] - [e4be5554-96ae-4d5b-ae52-ed8154627796]
15:12:38.449 [http-nio-8090-exec-5] TRACE o.h.type.descriptor.sql.BasicBinder - binding parameter [1] as [VARCHAR] - [bf64165c-65ae-49ad-a530-77b9593cf96e]
15:12:41.605 [http-nio-8090-exec-2] TRACE o.h.type.descriptor.sql.BasicBinder - binding parameter [1] as [VARCHAR] - [roleInf/datagrid]
15:12:41.605 [http-nio-8090-exec-2] TRACE o.h.type.descriptor.sql.BasicBinder - binding parameter [1] as [VARCHAR] - [%%1%%]
15:12:41.605 [http-nio-8090-exec-2] TRACE o.h.type.descriptor.sql.BasicBinder - binding parameter [2] as [VARCHAR] - [1]
15:12:41.605 [http-nio-8090-exec-2] TRACE o.h.type.descriptor.sql.BasicBinder - binding parameter [1] as [VARCHAR] - [%%1%%]
15:12:41.605 [http-nio-8090-exec-2] TRACE o.h.type.descriptor.sql.BasicBinder - binding parameter [2] as [VARCHAR] - [1]
15:12:42.511 [http-nio-8090-exec-8] TRACE o.h.type.descriptor.sql.BasicBinder - binding parameter [1] as [VARCHAR] - [dictTp/getList]
15:12:42.558 [http-nio-8090-exec-9] TRACE o.h.type.descriptor.sql.BasicBinder - binding parameter [1] as [VARCHAR] - [dictCd/datagrid]
15:12:42.558 [http-nio-8090-exec-9] TRACE o.h.type.descriptor.sql.BasicBinder - binding parameter [1] as [VARCHAR] - [quarz_state]
15:12:42.573 [http-nio-8090-exec-9] TRACE o.h.type.descriptor.sql.BasicBinder - binding parameter [1] as [VARCHAR] - [adminOper]
15:12:42.573 [http-nio-8090-exec-9] TRACE o.h.type.descriptor.sql.BasicBinder - binding parameter [1] as [VARCHAR] - [oper_st]
15:12:42.573 [http-nio-8090-exec-9] TRACE o.h.type.descriptor.sql.BasicBinder - binding parameter [1] as [VARCHAR] - [job_tp]
15:12:42.573 [http-nio-8090-exec-9] TRACE o.h.type.descriptor.sql.BasicBinder - binding parameter [1] as [VARCHAR] - [ins_lvl]
15:12:42.573 [http-nio-8090-exec-9] TRACE o.h.type.descriptor.sql.BasicBinder - binding parameter [1] as [VARCHAR] - [t_test_sex]
15:12:42.573 [http-nio-8090-exec-9] TRACE o.h.type.descriptor.sql.BasicBinder - binding parameter [1] as [VARCHAR] - [timer_star_closed]
15:12:42.573 [http-nio-8090-exec-9] TRACE o.h.type.descriptor.sql.BasicBinder - binding parameter [1] as [VARCHAR] - [timer_type]
15:12:42.573 [http-nio-8090-exec-9] TRACE o.h.type.descriptor.sql.BasicBinder - binding parameter [1] as [VARCHAR] - [student_state]
15:12:43.807 [http-nio-8090-exec-6] TRACE o.h.type.descriptor.sql.BasicBinder - binding parameter [1] as [VARCHAR] - [dictTp/datagrid]
15:12:45.807 [http-nio-8090-exec-10] TRACE o.h.type.descriptor.sql.BasicBinder - binding parameter [1] as [VARCHAR] - [insInf/datagrid]
15:12:45.807 [http-nio-8090-exec-10] TRACE o.h.type.descriptor.sql.BasicBinder - binding parameter [1] as [VARCHAR] - [%%1%%]
15:12:45.807 [http-nio-8090-exec-10] TRACE o.h.type.descriptor.sql.BasicBinder - binding parameter [1] as [VARCHAR] - [%%1%%]
15:12:46.635 [http-nio-8090-exec-3] TRACE o.h.type.descriptor.sql.BasicBinder - binding parameter [1] as [VARCHAR] - [noInterceptor/datagrid]
15:12:47.166 [http-nio-8090-exec-4] TRACE o.h.type.descriptor.sql.BasicBinder - binding parameter [1] as [VARCHAR] - [operInf/datagrid]
15:12:47.713 [http-nio-8090-exec-7] TRACE o.h.type.descriptor.sql.BasicBinder - binding parameter [1] as [VARCHAR] - [sysLog/datagrid]
15:12:48.197 [http-nio-8090-exec-1] TRACE o.h.type.descriptor.sql.BasicBinder - binding parameter [1] as [VARCHAR] - [codeGenerator/getTablesList]
15:12:48.197 [http-nio-8090-exec-1] TRACE o.h.type.descriptor.sql.BasicBinder - binding parameter [1] as [VARCHAR] - [layssh4]
15:34:24.934 [http-nio-8090-exec-4] TRACE o.h.type.descriptor.sql.BasicBinder - binding parameter [1] as [VARCHAR] - [menuInf/getAllLayUItree]
15:34:42.274 [http-nio-8090-exec-9] TRACE o.h.type.descriptor.sql.BasicBinder - binding parameter [1] as [VARCHAR] - [menuInf/getAllLayUItree]
15:35:06.518 [http-nio-8090-exec-6] TRACE o.h.type.descriptor.sql.BasicBinder - binding parameter [1] as [VARCHAR] - [menuInf/getAllLayUItree]
16:59:26.950 [http-nio-8090-exec-3] TRACE o.h.type.descriptor.sql.BasicBinder - binding parameter [1] as [VARCHAR] - [sysFunctionInf/datagrid]
16:59:32.543 [http-nio-8090-exec-5] TRACE o.h.type.descriptor.sql.BasicBinder - binding parameter [1] as [VARCHAR] - [operInf/logout]
16:59:32.543 [http-nio-8090-exec-5] TRACE o.h.type.descriptor.sql.BasicBinder - binding parameter [1] as [VARCHAR] - [%%operInf/logout%%]
16:59:32.605 [http-nio-8090-exec-5] TRACE o.h.type.descriptor.sql.BasicBinder - binding parameter [1] as [VARCHAR] - [operInf/Login]
16:59:32.605 [http-nio-8090-exec-5] TRACE o.h.type.descriptor.sql.BasicBinder - binding parameter [1] as [VARCHAR] - [%%operInf/Login%%]
16:59:32.605 [http-nio-8090-exec-5] TRACE o.h.type.descriptor.sql.BasicBinder - binding parameter [1] as [VARCHAR] - [error]
16:59:37.120 [http-nio-8090-exec-8] TRACE o.h.type.descriptor.sql.BasicBinder - binding parameter [1] as [VARCHAR] - [%%operInf/execute%%]
16:59:37.120 [http-nio-8090-exec-8] TRACE o.h.type.descriptor.sql.BasicBinder - binding parameter [1] as [VARCHAR] - [admin]
16:59:37.120 [http-nio-8090-exec-8] TRACE o.h.type.descriptor.sql.BasicBinder - binding parameter [2] as [VARCHAR] - [E00CF25AD42683B3DF678C61F42C6BDA]
16:59:37.136 [http-nio-8090-exec-8] TRACE o.h.type.descriptor.sql.BasicBinder - binding parameter [1] as [VARCHAR] - [1]
16:59:37.136 [http-nio-8090-exec-8] TRACE o.h.type.descriptor.sql.BasicBinder - binding parameter [1] as [VARCHAR] - [admin]
16:59:37.136 [http-nio-8090-exec-8] TRACE o.h.type.descriptor.sql.BasicBinder - binding parameter [1] as [VARCHAR] - [e61ce89f-3e0e-4d33-acb8-16e623d86966]
16:59:37.136 [http-nio-8090-exec-8] TRACE o.h.type.descriptor.sql.BasicBinder - binding parameter [1] as [VARCHAR] - [50377ab8-b78b-4a2a-b0b1-cedf658ab945]
16:59:37.136 [http-nio-8090-exec-8] TRACE o.h.type.descriptor.sql.BasicBinder - binding parameter [1] as [VARCHAR] - [layssh4]
16:59:37.261 [http-nio-8090-exec-8] TRACE o.h.type.descriptor.sql.BasicBinder - binding parameter [1] as [VARCHAR] - [7acb7b02-5a5f-4ea5-821b-eeb89e765229]
16:59:37.276 [http-nio-8090-exec-8] TRACE o.h.type.descriptor.sql.BasicBinder - binding parameter [1] as [VARCHAR] - [serialVersionUID:1|operCd:admin|insUuid:null|insCd:null|insCdNm:null|roleCd:null|roleCdNm:null|operNm:null|operSt:null|operStNm:null|telephone:null|email:null|operPwd:1|oldOperPwd:null|recCrtTs:null|recUpdTs:null|code:2870|job:null|jobNm:null|roleInfs:[]|]
16:59:37.276 [http-nio-8090-exec-8] TRACE o.h.type.descriptor.sql.BasicBinder - binding parameter [2] as [VARCHAR] - [operCd:admin|roleCd:null|]
16:59:37.276 [http-nio-8090-exec-8] TRACE o.h.type.descriptor.sql.BasicBinder - binding parameter [3] as [VARCHAR] - [20190604165937]
16:59:37.276 [http-nio-8090-exec-8] TRACE o.h.type.descriptor.sql.BasicBinder - binding parameter [4] as [VARCHAR] - [127.0.0.1]
16:59:37.276 [http-nio-8090-exec-8] TRACE o.h.type.descriptor.sql.BasicBinder - binding parameter [5] as [VARCHAR] - [用户登录]
16:59:37.276 [http-nio-8090-exec-8] TRACE o.h.type.descriptor.sql.BasicBinder - binding parameter [6] as [VARCHAR] - [系统登录]
16:59:37.276 [http-nio-8090-exec-8] TRACE o.h.type.descriptor.sql.BasicBinder - binding parameter [7] as [VARCHAR] - [admin]
16:59:37.276 [http-nio-8090-exec-8] TRACE o.h.type.descriptor.sql.BasicBinder - binding parameter [8] as [VARCHAR] - [登录成功]
16:59:37.276 [http-nio-8090-exec-8] TRACE o.h.type.descriptor.sql.BasicBinder - binding parameter [9] as [VARCHAR] - [7acb7b02-5a5f-4ea5-821b-eeb89e765229]
16:59:37.432 [http-nio-8090-exec-1] TRACE o.h.type.descriptor.sql.BasicBinder - binding parameter [1] as [VARCHAR] - [menuInf/getTreeByRole]
16:59:37.448 [http-nio-8090-exec-1] TRACE o.h.type.descriptor.sql.BasicBinder - binding parameter [1] as [VARCHAR] - [admin]
16:59:43.197 [http-nio-8090-exec-7] TRACE o.h.type.descriptor.sql.BasicBinder - binding parameter [1] as [VARCHAR] - [sysFunctionInf/datagrid]
16:59:43.212 [http-nio-8090-exec-7] TRACE o.h.type.descriptor.sql.BasicBinder - binding parameter [1] as [VARCHAR] - [6b0783ec-1a19-40cb-8ee7-15d5bcb0b422]
16:59:43.212 [http-nio-8090-exec-7] TRACE o.h.type.descriptor.sql.BasicBinder - binding parameter [1] as [VARCHAR] - [ddd9ee7c-0518-4465-a42e-db795159a5b5]
16:59:43.212 [http-nio-8090-exec-7] TRACE o.h.type.descriptor.sql.BasicBinder - binding parameter [1] as [VARCHAR] - [724df8a4-db6e-410f-b712-58a57c3fe1d9]
16:59:43.212 [http-nio-8090-exec-7] TRACE o.h.type.descriptor.sql.BasicBinder - binding parameter [1] as [VARCHAR] - [720f5f7f-f3d8-4881-ba30-d07a29029aac]
16:59:43.212 [http-nio-8090-exec-7] TRACE o.h.type.descriptor.sql.BasicBinder - binding parameter [1] as [VARCHAR] - [ed4794fa-5e27-442e-84c1-11d373ef83b5]
16:59:43.228 [http-nio-8090-exec-7] TRACE o.h.type.descriptor.sql.BasicBinder - binding parameter [1] as [VARCHAR] - [37d317f7-6417-4ea7-81e1-cf9f499ee273]
16:59:43.228 [http-nio-8090-exec-7] TRACE o.h.type.descriptor.sql.BasicBinder - binding parameter [1] as [VARCHAR] - [7e566aaf-3eea-4998-8b2b-49f5b204a50c]
16:59:43.228 [http-nio-8090-exec-7] TRACE o.h.type.descriptor.sql.BasicBinder - binding parameter [1] as [VARCHAR] - [d307c58f-37c6-498a-aa33-b343e2370290]
16:59:43.228 [http-nio-8090-exec-7] TRACE o.h.type.descriptor.sql.BasicBinder - binding parameter [1] as [VARCHAR] - [e4be5554-96ae-4d5b-ae52-ed8154627796]
16:59:43.228 [http-nio-8090-exec-7] TRACE o.h.type.descriptor.sql.BasicBinder - binding parameter [1] as [VARCHAR] - [bf64165c-65ae-49ad-a530-77b9593cf96e]
16:59:50.226 [http-nio-8090-exec-6] TRACE o.h.type.descriptor.sql.BasicBinder - binding parameter [1] as [VARCHAR] - [sysFunctionInf/datagrid]
16:59:50.242 [http-nio-8090-exec-6] TRACE o.h.type.descriptor.sql.BasicBinder - binding parameter [1] as [VARCHAR] - [6b0783ec-1a19-40cb-8ee7-15d5bcb0b422]
16:59:50.242 [http-nio-8090-exec-6] TRACE o.h.type.descriptor.sql.BasicBinder - binding parameter [1] as [VARCHAR] - [ddd9ee7c-0518-4465-a42e-db795159a5b5]
16:59:50.242 [http-nio-8090-exec-6] TRACE o.h.type.descriptor.sql.BasicBinder - binding parameter [1] as [VARCHAR] - [724df8a4-db6e-410f-b712-58a57c3fe1d9]
16:59:50.242 [http-nio-8090-exec-6] TRACE o.h.type.descriptor.sql.BasicBinder - binding parameter [1] as [VARCHAR] - [720f5f7f-f3d8-4881-ba30-d07a29029aac]
16:59:50.242 [http-nio-8090-exec-6] TRACE o.h.type.descriptor.sql.BasicBinder - binding parameter [1] as [VARCHAR] - [ed4794fa-5e27-442e-84c1-11d373ef83b5]
16:59:50.242 [http-nio-8090-exec-6] TRACE o.h.type.descriptor.sql.BasicBinder - binding parameter [1] as [VARCHAR] - [37d317f7-6417-4ea7-81e1-cf9f499ee273]
16:59:50.242 [http-nio-8090-exec-6] TRACE o.h.type.descriptor.sql.BasicBinder - binding parameter [1] as [VARCHAR] - [7e566aaf-3eea-4998-8b2b-49f5b204a50c]
16:59:50.242 [http-nio-8090-exec-6] TRACE o.h.type.descriptor.sql.BasicBinder - binding parameter [1] as [VARCHAR] - [d307c58f-37c6-498a-aa33-b343e2370290]
