13:55:55.712 [http-nio-8090-exec-2] TRACE o.h.type.descriptor.sql.BasicBinder - binding parameter [1] as [VARCHAR] - []
13:56:02.226 [http-nio-8090-exec-9] TRACE o.h.type.descriptor.sql.BasicBinder - binding parameter [1] as [VARCHAR] - [%%operInf/execute%%]
13:56:02.382 [http-nio-8090-exec-9] TRACE o.h.type.descriptor.sql.BasicBinder - binding parameter [1] as [VARCHAR] - [admin]
13:56:02.382 [http-nio-8090-exec-9] TRACE o.h.type.descriptor.sql.BasicBinder - binding parameter [2] as [VARCHAR] - [E00CF25AD42683B3DF678C61F42C6BDA]
13:56:02.523 [http-nio-8090-exec-9] TRACE o.h.type.descriptor.sql.BasicBinder - binding parameter [1] as [VARCHAR] - [1]
13:56:02.538 [http-nio-8090-exec-9] TRACE o.h.type.descriptor.sql.BasicBinder - binding parameter [1] as [VARCHAR] - [admin]
13:56:02.538 [http-nio-8090-exec-9] TRACE o.h.type.descriptor.sql.BasicBinder - binding parameter [1] as [VARCHAR] - [e61ce89f-3e0e-4d33-acb8-16e623d86966]
13:56:02.570 [http-nio-8090-exec-9] TRACE o.h.type.descriptor.sql.BasicBinder - binding parameter [1] as [VARCHAR] - [layssh4]
13:56:02.710 [http-nio-8090-exec-9] TRACE o.h.type.descriptor.sql.BasicBinder - binding parameter [1] as [VARCHAR] - [04268484-0715-4636-99fb-aa8bca85c719]
13:56:02.773 [http-nio-8090-exec-9] TRACE o.h.type.descriptor.sql.BasicBinder - binding parameter [1] as [VARCHAR] - [serialVersionUID:1|operCd:admin|insUuid:null|insCd:null|insCdNm:null|roleCd:null|roleCdNm:null|operNm:null|operSt:null|operStNm:null|telephone:null|email:null|operPwd:1|oldOperPwd:null|recCrtTs:null|recUpdTs:null|code:1735|job:null|jobNm:null|roleInfs:[]|]
13:56:02.773 [http-nio-8090-exec-9] TRACE o.h.type.descriptor.sql.BasicBinder - binding parameter [2] as [VARCHAR] - [operCd:admin|roleCd:null|]
13:56:02.773 [http-nio-8090-exec-9] TRACE o.h.type.descriptor.sql.BasicBinder - binding parameter [3] as [VARCHAR] - [20190626135602]
13:56:02.773 [http-nio-8090-exec-9] TRACE o.h.type.descriptor.sql.BasicBinder - binding parameter [4] as [VARCHAR] - [127.0.0.1]
13:56:02.773 [http-nio-8090-exec-9] TRACE o.h.type.descriptor.sql.BasicBinder - binding parameter [5] as [VARCHAR] - [用户登录]
13:56:02.773 [http-nio-8090-exec-9] TRACE o.h.type.descriptor.sql.BasicBinder - binding parameter [6] as [VARCHAR] - [系统登录]
13:56:02.773 [http-nio-8090-exec-9] TRACE o.h.type.descriptor.sql.BasicBinder - binding parameter [7] as [VARCHAR] - [admin]
13:56:02.773 [http-nio-8090-exec-9] TRACE o.h.type.descriptor.sql.BasicBinder - binding parameter [8] as [VARCHAR] - [登录成功]
13:56:02.773 [http-nio-8090-exec-9] TRACE o.h.type.descriptor.sql.BasicBinder - binding parameter [9] as [VARCHAR] - [04268484-0715-4636-99fb-aa8bca85c719]
13:56:03.522 [http-nio-8090-exec-6] TRACE o.h.type.descriptor.sql.BasicBinder - binding parameter [1] as [VARCHAR] - [menuInf/getTreeByRole]
13:56:03.538 [http-nio-8090-exec-6] TRACE o.h.type.descriptor.sql.BasicBinder - binding parameter [1] as [VARCHAR] - [admin]
13:56:07.256 [http-nio-8090-exec-7] TRACE o.h.type.descriptor.sql.BasicBinder - binding parameter [1] as [VARCHAR] - [tAppTest/datagrid]
13:56:12.411 [http-nio-8090-exec-6] TRACE o.h.type.descriptor.sql.BasicBinder - binding parameter [1] as [VARCHAR] - [dictCd/getList]
13:56:12.411 [http-nio-8090-exec-5] TRACE o.h.type.descriptor.sql.BasicBinder - binding parameter [1] as [VARCHAR] - [dictCd/getList]
13:56:12.427 [http-nio-8090-exec-6] TRACE o.h.type.descriptor.sql.BasicBinder - binding parameter [1] as [VARCHAR] - [student_sex]
13:56:12.427 [http-nio-8090-exec-5] TRACE o.h.type.descriptor.sql.BasicBinder - binding parameter [1] as [VARCHAR] - [student_state]
13:56:12.458 [http-nio-8090-exec-3] TRACE o.h.type.descriptor.sql.BasicBinder - binding parameter [1] as [VARCHAR] - [student/datagrid]
13:56:15.957 [http-nio-8090-exec-9] TRACE o.h.type.descriptor.sql.BasicBinder - binding parameter [1] as [VARCHAR] - [roleInf/datagrid]
13:56:15.973 [http-nio-8090-exec-9] TRACE o.h.type.descriptor.sql.BasicBinder - binding parameter [1] as [VARCHAR] - [%%1%%]
13:56:15.973 [http-nio-8090-exec-9] TRACE o.h.type.descriptor.sql.BasicBinder - binding parameter [2] as [VARCHAR] - [1]
13:56:15.973 [http-nio-8090-exec-9] TRACE o.h.type.descriptor.sql.BasicBinder - binding parameter [1] as [VARCHAR] - [%%1%%]
13:56:15.973 [http-nio-8090-exec-9] TRACE o.h.type.descriptor.sql.BasicBinder - binding parameter [2] as [VARCHAR] - [1]
13:56:17.722 [http-nio-8090-exec-4] TRACE o.h.type.descriptor.sql.BasicBinder - binding parameter [1] as [VARCHAR] - [menuInf/datagrid]
13:56:21.721 [http-nio-8090-exec-1] TRACE o.h.type.descriptor.sql.BasicBinder - binding parameter [1] as [VARCHAR] - [roleInf/datagrid]
13:56:21.737 [http-nio-8090-exec-1] TRACE o.h.type.descriptor.sql.BasicBinder - binding parameter [1] as [VARCHAR] - [%%1%%]
13:56:21.737 [http-nio-8090-exec-1] TRACE o.h.type.descriptor.sql.BasicBinder - binding parameter [2] as [VARCHAR] - [1]
13:56:21.737 [http-nio-8090-exec-1] TRACE o.h.type.descriptor.sql.BasicBinder - binding parameter [1] as [VARCHAR] - [%%1%%]
13:56:21.737 [http-nio-8090-exec-1] TRACE o.h.type.descriptor.sql.BasicBinder - binding parameter [2] as [VARCHAR] - [1]
13:56:23.549 [http-nio-8090-exec-5] TRACE o.h.type.descriptor.sql.BasicBinder - binding parameter [1] as [VARCHAR] - [sysFunctionInf/datagrid]
13:56:23.565 [http-nio-8090-exec-5] TRACE o.h.type.descriptor.sql.BasicBinder - binding parameter [1] as [VARCHAR] - [6b0783ec-1a19-40cb-8ee7-15d5bcb0b422]
13:56:23.565 [http-nio-8090-exec-5] TRACE o.h.type.descriptor.sql.BasicBinder - binding parameter [1] as [VARCHAR] - [ddd9ee7c-0518-4465-a42e-db795159a5b5]
13:56:23.565 [http-nio-8090-exec-5] TRACE o.h.type.descriptor.sql.BasicBinder - binding parameter [1] as [VARCHAR] - [724df8a4-db6e-410f-b712-58a57c3fe1d9]
13:56:23.565 [http-nio-8090-exec-5] TRACE o.h.type.descriptor.sql.BasicBinder - binding parameter [1] as [VARCHAR] - [720f5f7f-f3d8-4881-ba30-d07a29029aac]
13:56:23.580 [http-nio-8090-exec-5] TRACE o.h.type.descriptor.sql.BasicBinder - binding parameter [1] as [VARCHAR] - [ed4794fa-5e27-442e-84c1-11d373ef83b5]
13:56:23.580 [http-nio-8090-exec-5] TRACE o.h.type.descriptor.sql.BasicBinder - binding parameter [1] as [VARCHAR] - [37d317f7-6417-4ea7-81e1-cf9f499ee273]
13:56:23.580 [http-nio-8090-exec-5] TRACE o.h.type.descriptor.sql.BasicBinder - binding parameter [1] as [VARCHAR] - [7e566aaf-3eea-4998-8b2b-49f5b204a50c]
13:56:23.580 [http-nio-8090-exec-5] TRACE o.h.type.descriptor.sql.BasicBinder - binding parameter [1] as [VARCHAR] - [d307c58f-37c6-498a-aa33-b343e2370290]
13:56:23.580 [http-nio-8090-exec-5] TRACE o.h.type.descriptor.sql.BasicBinder - binding parameter [1] as [VARCHAR] - [e4be5554-96ae-4d5b-ae52-ed8154627796]
13:56:23.580 [http-nio-8090-exec-5] TRACE o.h.type.descriptor.sql.BasicBinder - binding parameter [1] as [VARCHAR] - [bf64165c-65ae-49ad-a530-77b9593cf96e]
13:56:24.861 [http-nio-8090-exec-10] TRACE o.h.type.descriptor.sql.BasicBinder - binding parameter [1] as [VARCHAR] - [dictTp/datagrid]
13:56:26.033 [http-nio-8090-exec-2] TRACE o.h.type.descriptor.sql.BasicBinder - binding parameter [1] as [VARCHAR] - [dictTp/getList]
13:56:26.080 [http-nio-8090-exec-8] TRACE o.h.type.descriptor.sql.BasicBinder - binding parameter [1] as [VARCHAR] - [dictCd/datagrid]
13:56:26.095 [http-nio-8090-exec-8] TRACE o.h.type.descriptor.sql.BasicBinder - binding parameter [1] as [VARCHAR] - [quarz_state]
13:56:26.095 [http-nio-8090-exec-8] TRACE o.h.type.descriptor.sql.BasicBinder - binding parameter [1] as [VARCHAR] - [adminOper]
13:56:26.095 [http-nio-8090-exec-8] TRACE o.h.type.descriptor.sql.BasicBinder - binding parameter [1] as [VARCHAR] - [oper_st]
13:56:26.095 [http-nio-8090-exec-8] TRACE o.h.type.descriptor.sql.BasicBinder - binding parameter [1] as [VARCHAR] - [job_tp]
13:56:26.095 [http-nio-8090-exec-8] TRACE o.h.type.descriptor.sql.BasicBinder - binding parameter [1] as [VARCHAR] - [ins_lvl]
13:56:26.095 [http-nio-8090-exec-8] TRACE o.h.type.descriptor.sql.BasicBinder - binding parameter [1] as [VARCHAR] - [t_test_sex]
13:56:26.095 [http-nio-8090-exec-8] TRACE o.h.type.descriptor.sql.BasicBinder - binding parameter [1] as [VARCHAR] - [timer_star_closed]
13:56:26.095 [http-nio-8090-exec-8] TRACE o.h.type.descriptor.sql.BasicBinder - binding parameter [1] as [VARCHAR] - [timer_type]
13:56:26.095 [http-nio-8090-exec-8] TRACE o.h.type.descriptor.sql.BasicBinder - binding parameter [1] as [VARCHAR] - [student_state]
13:56:27.236 [http-nio-8090-exec-7] TRACE o.h.type.descriptor.sql.BasicBinder - binding parameter [1] as [VARCHAR] - [insInf/datagrid]
13:56:27.251 [http-nio-8090-exec-7] TRACE o.h.type.descriptor.sql.BasicBinder - binding parameter [1] as [VARCHAR] - [%%1%%]
13:56:27.267 [http-nio-8090-exec-7] TRACE o.h.type.descriptor.sql.BasicBinder - binding parameter [1] as [VARCHAR] - [%%1%%]
13:56:28.345 [http-nio-8090-exec-6] TRACE o.h.type.descriptor.sql.BasicBinder - binding parameter [1] as [VARCHAR] - [operInf/datagrid]
13:56:29.345 [http-nio-8090-exec-3] TRACE o.h.type.descriptor.sql.BasicBinder - binding parameter [1] as [VARCHAR] - [noInterceptor/datagrid]
13:56:30.672 [http-nio-8090-exec-9] TRACE o.h.type.descriptor.sql.BasicBinder - binding parameter [1] as [VARCHAR] - [sysLog/datagrid]
13:56:33.422 [http-nio-8090-exec-8] TRACE o.h.type.descriptor.sql.BasicBinder - binding parameter [1] as [VARCHAR] - [codeGenerator/getTablesList]
13:56:33.422 [http-nio-8090-exec-8] TRACE o.h.type.descriptor.sql.BasicBinder - binding parameter [1] as [VARCHAR] - [layssh4]
