14:53:40.435 [http-nio-8090-exec-7] TRACE o.h.type.descriptor.sql.BasicBinder - binding parameter [1] as [VARCHAR] - [menuInf/getTreeByRole]
14:53:40.435 [http-nio-8090-exec-8] TRACE o.h.type.descriptor.sql.BasicBinder - binding parameter [1] as [VARCHAR] - [operInf/login]
14:53:40.459 [http-nio-8090-exec-8] TRACE o.h.type.descriptor.sql.BasicBinder - binding parameter [1] as [VARCHAR] - [%%operInf/login%%]
14:53:40.503 [http-nio-8090-exec-8] TRACE o.h.type.descriptor.sql.BasicBinder - binding parameter [1] as [VARCHAR] - [operInf/Login]
14:53:40.503 [http-nio-8090-exec-8] TRACE o.h.type.descriptor.sql.BasicBinder - binding parameter [1] as [VARCHAR] - [%%operInf/Login%%]
14:53:40.511 [http-nio-8090-exec-8] TRACE o.h.type.descriptor.sql.BasicBinder - binding parameter [1] as [VARCHAR] - [error]
14:53:44.162 [http-nio-8090-exec-10] TRACE o.h.type.descriptor.sql.BasicBinder - binding parameter [1] as [VARCHAR] - [%%operInf/execute%%]
14:53:44.202 [http-nio-8090-exec-10] TRACE o.h.type.descriptor.sql.BasicBinder - binding parameter [1] as [VARCHAR] - [admin]
14:53:44.202 [http-nio-8090-exec-10] TRACE o.h.type.descriptor.sql.BasicBinder - binding parameter [2] as [VARCHAR] - [E00CF25AD42683B3DF678C61F42C6BDA]
14:53:44.234 [http-nio-8090-exec-10] TRACE o.h.type.descriptor.sql.BasicBinder - binding parameter [1] as [VARCHAR] - [1]
14:53:44.246 [http-nio-8090-exec-10] TRACE o.h.type.descriptor.sql.BasicBinder - binding parameter [1] as [VARCHAR] - [admin]
14:53:44.250 [http-nio-8090-exec-10] TRACE o.h.type.descriptor.sql.BasicBinder - binding parameter [1] as [VARCHAR] - [e61ce89f-3e0e-4d33-acb8-16e623d86966]
14:53:44.270 [http-nio-8090-exec-10] TRACE o.h.type.descriptor.sql.BasicBinder - binding parameter [1] as [VARCHAR] - [layssh4]
14:53:44.418 [http-nio-8090-exec-10] TRACE o.h.type.descriptor.sql.BasicBinder - binding parameter [1] as [VARCHAR] - [e59db439-5ac0-4935-9cac-30613677f968]
14:53:44.450 [http-nio-8090-exec-10] TRACE o.h.type.descriptor.sql.BasicBinder - binding parameter [1] as [VARCHAR] - [serialVersionUID:1|operCd:admin|insUuid:null|insCd:null|insCdNm:null|roleCd:null|roleCdNm:null|operNm:null|operSt:null|operStNm:null|telephone:null|email:null|operPwd:1|oldOperPwd:null|recCrtTs:null|recUpdTs:null|code:4341|job:null|jobNm:null|roleInfs:[]|]
14:53:44.450 [http-nio-8090-exec-10] TRACE o.h.type.descriptor.sql.BasicBinder - binding parameter [2] as [VARCHAR] - [operCd:admin|roleCd:null|]
14:53:44.450 [http-nio-8090-exec-10] TRACE o.h.type.descriptor.sql.BasicBinder - binding parameter [3] as [VARCHAR] - [20200221145344]
14:53:44.450 [http-nio-8090-exec-10] TRACE o.h.type.descriptor.sql.BasicBinder - binding parameter [4] as [VARCHAR] - [127.0.0.1]
14:53:44.450 [http-nio-8090-exec-10] TRACE o.h.type.descriptor.sql.BasicBinder - binding parameter [5] as [VARCHAR] - [用户登录]
14:53:44.450 [http-nio-8090-exec-10] TRACE o.h.type.descriptor.sql.BasicBinder - binding parameter [6] as [VARCHAR] - [系统登录]
14:53:44.450 [http-nio-8090-exec-10] TRACE o.h.type.descriptor.sql.BasicBinder - binding parameter [7] as [VARCHAR] - [admin]
14:53:44.450 [http-nio-8090-exec-10] TRACE o.h.type.descriptor.sql.BasicBinder - binding parameter [8] as [VARCHAR] - [登录成功]
14:53:44.450 [http-nio-8090-exec-10] TRACE o.h.type.descriptor.sql.BasicBinder - binding parameter [9] as [VARCHAR] - [e59db439-5ac0-4935-9cac-30613677f968]
14:53:44.614 [http-nio-8090-exec-2] TRACE o.h.type.descriptor.sql.BasicBinder - binding parameter [1] as [VARCHAR] - [menuInf/getTreeByRole]
14:53:44.638 [http-nio-8090-exec-2] TRACE o.h.type.descriptor.sql.BasicBinder - binding parameter [1] as [VARCHAR] - [admin]
14:53:47.680 [http-nio-8090-exec-10] TRACE o.h.type.descriptor.sql.BasicBinder - binding parameter [1] as [VARCHAR] - [tAppTest/datagrid]
14:53:52.444 [http-nio-8090-exec-2] TRACE o.h.type.descriptor.sql.BasicBinder - binding parameter [1] as [VARCHAR] - [noInterceptor/datagrid]
14:53:58.700 [http-nio-8090-exec-4] TRACE o.h.type.descriptor.sql.BasicBinder - binding parameter [1] as [VARCHAR] - [dictTp/getList]
14:53:58.740 [http-nio-8090-exec-8] TRACE o.h.type.descriptor.sql.BasicBinder - binding parameter [1] as [VARCHAR] - [dictCd/datagrid]
14:53:58.768 [http-nio-8090-exec-8] TRACE o.h.type.descriptor.sql.BasicBinder - binding parameter [1] as [VARCHAR] - [quarz_state]
14:53:58.772 [http-nio-8090-exec-8] TRACE o.h.type.descriptor.sql.BasicBinder - binding parameter [1] as [VARCHAR] - [adminOper]
14:53:58.772 [http-nio-8090-exec-8] TRACE o.h.type.descriptor.sql.BasicBinder - binding parameter [1] as [VARCHAR] - [oper_st]
14:53:58.772 [http-nio-8090-exec-8] TRACE o.h.type.descriptor.sql.BasicBinder - binding parameter [1] as [VARCHAR] - [job_tp]
14:53:58.776 [http-nio-8090-exec-8] TRACE o.h.type.descriptor.sql.BasicBinder - binding parameter [1] as [VARCHAR] - [ins_lvl]
14:53:58.776 [http-nio-8090-exec-8] TRACE o.h.type.descriptor.sql.BasicBinder - binding parameter [1] as [VARCHAR] - [t_test_sex]
14:53:58.776 [http-nio-8090-exec-8] TRACE o.h.type.descriptor.sql.BasicBinder - binding parameter [1] as [VARCHAR] - [timer_star_closed]
14:53:58.780 [http-nio-8090-exec-8] TRACE o.h.type.descriptor.sql.BasicBinder - binding parameter [1] as [VARCHAR] - [timer_type]
14:53:58.780 [http-nio-8090-exec-8] TRACE o.h.type.descriptor.sql.BasicBinder - binding parameter [1] as [VARCHAR] - [student_state]
14:54:29.111 [http-nio-8090-exec-5] TRACE o.h.type.descriptor.sql.BasicBinder - binding parameter [1] as [VARCHAR] - [codeGenerator/getTablesList]
14:54:29.119 [http-nio-8090-exec-5] TRACE o.h.type.descriptor.sql.BasicBinder - binding parameter [1] as [VARCHAR] - [layssh4]
14:54:41.519 [http-nio-8090-exec-1] TRACE o.h.type.descriptor.sql.BasicBinder - binding parameter [1] as [VARCHAR] - [menuInf/getAllLayUItree]
15:02:14.293 [http-nio-8090-exec-6] TRACE o.h.type.descriptor.sql.BasicBinder - binding parameter [1] as [VARCHAR] - [operInf/logout]
15:02:14.301 [http-nio-8090-exec-6] TRACE o.h.type.descriptor.sql.BasicBinder - binding parameter [1] as [VARCHAR] - [operInf/Login]
15:02:14.301 [http-nio-8090-exec-6] TRACE o.h.type.descriptor.sql.BasicBinder - binding parameter [1] as [VARCHAR] - [%%operInf/Login%%]
15:02:14.309 [http-nio-8090-exec-6] TRACE o.h.type.descriptor.sql.BasicBinder - binding parameter [1] as [VARCHAR] - [error]
15:05:08.569 [http-nio-8090-exec-10] TRACE o.h.type.descriptor.sql.BasicBinder - binding parameter [1] as [VARCHAR] - [%%operInf/execute%%]
15:05:08.573 [http-nio-8090-exec-10] TRACE o.h.type.descriptor.sql.BasicBinder - binding parameter [1] as [VARCHAR] - [admin]
15:05:08.573 [http-nio-8090-exec-10] TRACE o.h.type.descriptor.sql.BasicBinder - binding parameter [2] as [VARCHAR] - [E00CF25AD42683B3DF678C61F42C6BDA]
15:05:08.573 [http-nio-8090-exec-10] TRACE o.h.type.descriptor.sql.BasicBinder - binding parameter [1] as [VARCHAR] - [1]
15:05:08.577 [http-nio-8090-exec-10] TRACE o.h.type.descriptor.sql.BasicBinder - binding parameter [1] as [VARCHAR] - [admin]
15:05:08.577 [http-nio-8090-exec-10] TRACE o.h.type.descriptor.sql.BasicBinder - binding parameter [1] as [VARCHAR] - [e61ce89f-3e0e-4d33-acb8-16e623d86966]
15:05:08.577 [http-nio-8090-exec-10] TRACE o.h.type.descriptor.sql.BasicBinder - binding parameter [1] as [VARCHAR] - [layssh4]
15:05:08.697 [http-nio-8090-exec-10] TRACE o.h.type.descriptor.sql.BasicBinder - binding parameter [1] as [VARCHAR] - [96088b21-2d4d-4066-91ac-b21bf848ee68]
15:05:08.701 [http-nio-8090-exec-10] TRACE o.h.type.descriptor.sql.BasicBinder - binding parameter [1] as [VARCHAR] - [serialVersionUID:1|operCd:admin|insUuid:null|insCd:null|insCdNm:null|roleCd:null|roleCdNm:null|operNm:null|operSt:null|operStNm:null|telephone:null|email:null|operPwd:1|oldOperPwd:null|recCrtTs:null|recUpdTs:null|code:7010|job:null|jobNm:null|roleInfs:[]|]
15:05:08.701 [http-nio-8090-exec-10] TRACE o.h.type.descriptor.sql.BasicBinder - binding parameter [2] as [VARCHAR] - [operCd:admin|roleCd:null|]
15:05:08.701 [http-nio-8090-exec-10] TRACE o.h.type.descriptor.sql.BasicBinder - binding parameter [3] as [VARCHAR] - [20200221150508]
15:05:08.701 [http-nio-8090-exec-10] TRACE o.h.type.descriptor.sql.BasicBinder - binding parameter [4] as [VARCHAR] - [127.0.0.1]
15:05:08.701 [http-nio-8090-exec-10] TRACE o.h.type.descriptor.sql.BasicBinder - binding parameter [5] as [VARCHAR] - [用户登录]
15:05:08.701 [http-nio-8090-exec-10] TRACE o.h.type.descriptor.sql.BasicBinder - binding parameter [6] as [VARCHAR] - [系统登录]
15:05:08.701 [http-nio-8090-exec-10] TRACE o.h.type.descriptor.sql.BasicBinder - binding parameter [7] as [VARCHAR] - [admin]
15:05:08.701 [http-nio-8090-exec-10] TRACE o.h.type.descriptor.sql.BasicBinder - binding parameter [8] as [VARCHAR] - [登录成功]
15:05:08.701 [http-nio-8090-exec-10] TRACE o.h.type.descriptor.sql.BasicBinder - binding parameter [9] as [VARCHAR] - [96088b21-2d4d-4066-91ac-b21bf848ee68]
15:05:08.825 [http-nio-8090-exec-2] TRACE o.h.type.descriptor.sql.BasicBinder - binding parameter [1] as [VARCHAR] - [menuInf/getTreeByRole]
15:05:08.829 [http-nio-8090-exec-2] TRACE o.h.type.descriptor.sql.BasicBinder - binding parameter [1] as [VARCHAR] - [admin]
15:19:06.657 [http-nio-8090-exec-3] TRACE o.h.type.descriptor.sql.BasicBinder - binding parameter [1] as [VARCHAR] - [menuInf/getTreeByRole]
15:19:06.661 [http-nio-8090-exec-3] TRACE o.h.type.descriptor.sql.BasicBinder - binding parameter [1] as [VARCHAR] - [admin]
15:19:07.879 [http-nio-8090-exec-6] TRACE o.h.type.descriptor.sql.BasicBinder - binding parameter [1] as [VARCHAR] - [menuInf/getTreeByRole]
15:19:07.883 [http-nio-8090-exec-6] TRACE o.h.type.descriptor.sql.BasicBinder - binding parameter [1] as [VARCHAR] - [admin]
15:19:08.419 [http-nio-8090-exec-2] TRACE o.h.type.descriptor.sql.BasicBinder - binding parameter [1] as [VARCHAR] - [menuInf/getTreeByRole]
15:19:08.419 [http-nio-8090-exec-2] TRACE o.h.type.descriptor.sql.BasicBinder - binding parameter [1] as [VARCHAR] - [admin]
15:19:09.012 [http-nio-8090-exec-6] TRACE o.h.type.descriptor.sql.BasicBinder - binding parameter [1] as [VARCHAR] - [menuInf/getTreeByRole]
15:19:09.012 [http-nio-8090-exec-6] TRACE o.h.type.descriptor.sql.BasicBinder - binding parameter [1] as [VARCHAR] - [admin]
15:19:23.254 [http-nio-8090-exec-7] TRACE o.h.type.descriptor.sql.BasicBinder - binding parameter [1] as [VARCHAR] - [menuInf/getTreeByRole]
15:19:23.262 [http-nio-8090-exec-7] TRACE o.h.type.descriptor.sql.BasicBinder - binding parameter [1] as [VARCHAR] - [admin]
15:26:13.758 [http-nio-8090-exec-10] TRACE o.h.type.descriptor.sql.BasicBinder - binding parameter [1] as [VARCHAR] - [operInf/login]
15:26:13.758 [http-nio-8090-exec-2] TRACE o.h.type.descriptor.sql.BasicBinder - binding parameter [1] as [VARCHAR] - [menuInf/getTreeByRole]
15:26:13.798 [http-nio-8090-exec-10] TRACE o.h.type.descriptor.sql.BasicBinder - binding parameter [1] as [VARCHAR] - [%%operInf/login%%]
15:26:13.846 [http-nio-8090-exec-10] TRACE o.h.type.descriptor.sql.BasicBinder - binding parameter [1] as [VARCHAR] - [operInf/Login]
15:26:13.846 [http-nio-8090-exec-10] TRACE o.h.type.descriptor.sql.BasicBinder - binding parameter [1] as [VARCHAR] - [%%operInf/Login%%]
15:26:13.854 [http-nio-8090-exec-10] TRACE o.h.type.descriptor.sql.BasicBinder - binding parameter [1] as [VARCHAR] - [error]
15:26:19.673 [http-nio-8090-exec-5] TRACE o.h.type.descriptor.sql.BasicBinder - binding parameter [1] as [VARCHAR] - [%%operInf/execute%%]
15:26:19.725 [http-nio-8090-exec-5] TRACE o.h.type.descriptor.sql.BasicBinder - binding parameter [1] as [VARCHAR] - [admin]
15:26:19.730 [http-nio-8090-exec-5] TRACE o.h.type.descriptor.sql.BasicBinder - binding parameter [2] as [VARCHAR] - [E00CF25AD42683B3DF678C61F42C6BDA]
15:26:19.766 [http-nio-8090-exec-5] TRACE o.h.type.descriptor.sql.BasicBinder - binding parameter [1] as [VARCHAR] - [1]
15:26:19.785 [http-nio-8090-exec-5] TRACE o.h.type.descriptor.sql.BasicBinder - binding parameter [1] as [VARCHAR] - [admin]
15:26:19.785 [http-nio-8090-exec-5] TRACE o.h.type.descriptor.sql.BasicBinder - binding parameter [1] as [VARCHAR] - [e61ce89f-3e0e-4d33-acb8-16e623d86966]
15:26:19.813 [http-nio-8090-exec-5] TRACE o.h.type.descriptor.sql.BasicBinder - binding parameter [1] as [VARCHAR] - [layssh4]
15:26:19.965 [http-nio-8090-exec-5] TRACE o.h.type.descriptor.sql.BasicBinder - binding parameter [1] as [VARCHAR] - [4d767faa-d68e-4b4e-ba9b-51d9fb1c0310]
15:26:20.005 [http-nio-8090-exec-5] TRACE o.h.type.descriptor.sql.BasicBinder - binding parameter [1] as [VARCHAR] - [serialVersionUID:1|operCd:admin|insUuid:null|insCd:null|insCdNm:null|roleCd:null|roleCdNm:null|operNm:null|operSt:null|operStNm:null|telephone:null|email:null|operPwd:1|oldOperPwd:null|recCrtTs:null|recUpdTs:null|code:2461|job:null|jobNm:null|roleInfs:[]|]
15:26:20.005 [http-nio-8090-exec-5] TRACE o.h.type.descriptor.sql.BasicBinder - binding parameter [2] as [VARCHAR] - [operCd:admin|roleCd:null|]
15:26:20.005 [http-nio-8090-exec-5] TRACE o.h.type.descriptor.sql.BasicBinder - binding parameter [3] as [VARCHAR] - [20200221152619]
15:26:20.005 [http-nio-8090-exec-5] TRACE o.h.type.descriptor.sql.BasicBinder - binding parameter [4] as [VARCHAR] - [127.0.0.1]
15:26:20.005 [http-nio-8090-exec-5] TRACE o.h.type.descriptor.sql.BasicBinder - binding parameter [5] as [VARCHAR] - [用户登录]
15:26:20.005 [http-nio-8090-exec-5] TRACE o.h.type.descriptor.sql.BasicBinder - binding parameter [6] as [VARCHAR] - [系统登录]
15:26:20.005 [http-nio-8090-exec-5] TRACE o.h.type.descriptor.sql.BasicBinder - binding parameter [7] as [VARCHAR] - [admin]
15:26:20.005 [http-nio-8090-exec-5] TRACE o.h.type.descriptor.sql.BasicBinder - binding parameter [8] as [VARCHAR] - [登录成功]
15:26:20.005 [http-nio-8090-exec-5] TRACE o.h.type.descriptor.sql.BasicBinder - binding parameter [9] as [VARCHAR] - [4d767faa-d68e-4b4e-ba9b-51d9fb1c0310]
15:26:20.189 [http-nio-8090-exec-1] TRACE o.h.type.descriptor.sql.BasicBinder - binding parameter [1] as [VARCHAR] - [menuInf/getTreeByRole]
15:44:04.704 [http-nio-8090-exec-1] TRACE o.h.type.descriptor.sql.BasicBinder - binding parameter [1] as [VARCHAR] - [admin]
