2019-07-05 15:11:28.561 [restartedMain] INFO  com.gt.LaysshApplication - Starting LaysshApplication on DESKTOP-LOGNGIN with PID 7428 (started by 大帅栩 in F:\微信\WeChat Files\momery131426\FileStorage\File\2019-05\layssh4\layssh-4.0)
2019-07-05 15:11:28.561 [restartedMain] INFO  com.gt.LaysshApplication - No active profile set, falling back to default profiles: default
2019-07-05 15:11:28.967 [restartedMain] INFO  o.s.b.w.s.c.AnnotationConfigServletWebServerApplicationContext - Refreshing org.springframework.boot.web.servlet.context.AnnotationConfigServletWebServerApplicationContext@4c404067: startup date [Fri Jul 05 15:11:28 CST 2019]; root of context hierarchy
2019-07-05 15:11:33.029 [restartedMain] INFO  o.s.d.r.config.RepositoryConfigurationDelegate - Multiple Spring Data modules found, entering strict repository configuration mode!
2019-07-05 15:11:33.247 [restartedMain] INFO  o.s.d.r.config.RepositoryConfigurationDelegate - Multiple Spring Data modules found, entering strict repository configuration mode!
2019-07-05 15:11:33.372 [restartedMain] INFO  o.s.d.r.c.RepositoryConfigurationExtensionSupport - Spring Data Redis - Could not safely identify store assignment for repository candidate interface com.gt.app.dao.ITAppTestDao.
2019-07-05 15:11:33.372 [restartedMain] INFO  o.s.d.r.c.RepositoryConfigurationExtensionSupport - Spring Data Redis - Could not safely identify store assignment for repository candidate interface com.gt.sys.dao.ISysLogDao.
2019-07-05 15:11:34.200 [restartedMain] INFO  o.s.c.s.PostProcessorRegistrationDelegate$BeanPostProcessorChecker - Bean 'org.springframework.transaction.annotation.ProxyTransactionManagementConfiguration' of type [org.springframework.transaction.annotation.ProxyTransactionManagementConfiguration$$EnhancerBySpringCGLIB$$5b41290f] is not eligible for getting processed by all BeanPostProcessors (for example: not eligible for auto-proxying)
2019-07-05 15:11:35.434 [restartedMain] INFO  o.s.boot.web.embedded.tomcat.TomcatWebServer - Tomcat initialized with port(s): 8090 (http)
2019-07-05 15:11:35.450 [restartedMain] INFO  org.apache.coyote.http11.Http11NioProtocol - Initializing ProtocolHandler ["http-nio-8090"]
2019-07-05 15:11:35.481 [restartedMain] INFO  org.apache.catalina.core.StandardService - Starting service [Tomcat]
2019-07-05 15:11:35.481 [restartedMain] INFO  org.apache.catalina.core.StandardEngine - Starting Servlet Engine: Apache Tomcat/8.5.32
2019-07-05 15:11:35.481 [localhost-startStop-1] INFO  org.apache.catalina.core.AprLifecycleListener - The APR based Apache Tomcat Native library which allows optimal performance in production environments was not found on the java.library.path: [C:\Program Files\Java\jdk1.8.0_131\bin;C:\WINDOWS\Sun\Java\bin;C:\WINDOWS\system32;C:\WINDOWS;"C:\Program Files\Java\jdk1.8.0_131\bin;C:\ProgramData\Oracle\Java\javapath";C:\Program Files\Java\jdk1.8.0_131\bin;C:\WINDOWS\system32;C:\WINDOWS;C:\WINDOWS\System32\Wbem;C:\WINDOWS\System32\WindowsPowerShell\v1.0\;C:\Program Files (x86)\NVIDIA Corporation\PhysX\Common;C:\WINDOWS\System32\OpenSSH\;C:\Program Files\Java\jre1.8.0_131\bin;E:\apache-maven\apache-maven-3.5.4\bin;E:\VisualSVN\bin;C:\Program Files\TortoiseSVN\bin;C:\Program Files\Git\cmd;C:\Program Files\TortoiseGit\bin;F:\mongodb\bin;E:\;C:\Users\大帅栩\AppData\Local\Microsoft\WindowsApps;C:\Users\大帅栩\AppData\Roaming\npm;;.]
2019-07-05 15:11:35.981 [localhost-startStop-1] INFO  org.apache.jasper.servlet.TldScanner - At least one JAR was scanned for TLDs yet contained no TLDs. Enable debug logging for this logger for a complete list of JARs that were scanned but no TLDs were found in them. Skipping unneeded JARs during scanning can improve startup time and JSP compilation time.
2019-07-05 15:11:35.996 [localhost-startStop-1] INFO  o.a.c.c.C.[Tomcat].[localhost].[/layssh] - Initializing Spring embedded WebApplicationContext
2019-07-05 15:11:35.996 [localhost-startStop-1] INFO  org.springframework.web.context.ContextLoader - Root WebApplicationContext: initialization completed in 7029 ms
2019-07-05 15:11:36.137 [localhost-startStop-1] INFO  o.s.boot.web.servlet.ServletRegistrationBean - Servlet quartzInItServlet mapped to [/QuartzInItServlet]
2019-07-05 15:11:36.153 [localhost-startStop-1] INFO  o.s.boot.web.servlet.ServletRegistrationBean - Servlet imageServlet mapped to [/ImageServlet]
2019-07-05 15:11:36.153 [localhost-startStop-1] INFO  o.s.boot.web.servlet.ServletRegistrationBean - Servlet dispatcherServlet mapped to [/]
2019-07-05 15:11:36.153 [localhost-startStop-1] INFO  o.s.boot.web.servlet.FilterRegistrationBean - Mapping filter: 'characterEncodingFilter' to: [/*]
2019-07-05 15:11:36.153 [localhost-startStop-1] INFO  o.s.boot.web.servlet.FilterRegistrationBean - Mapping filter: 'hiddenHttpMethodFilter' to: [/*]
2019-07-05 15:11:36.153 [localhost-startStop-1] INFO  o.s.boot.web.servlet.FilterRegistrationBean - Mapping filter: 'httpPutFormContentFilter' to: [/*]
2019-07-05 15:11:36.153 [localhost-startStop-1] INFO  o.s.boot.web.servlet.FilterRegistrationBean - Mapping filter: 'requestContextFilter' to: [/*]
2019-07-05 15:11:36.621 [restartedMain] INFO  o.s.orm.jpa.LocalContainerEntityManagerFactoryBean - Building JPA container EntityManagerFactory for persistence unit 'default'
2019-07-05 15:11:36.825 [restartedMain] INFO  org.hibernate.Version - HHH000412: Hibernate Core {5.2.17.Final}
2019-07-05 15:11:36.840 [restartedMain] INFO  org.hibernate.cfg.Environment - HHH000206: hibernate.properties not found
2019-07-05 15:11:36.981 [restartedMain] INFO  org.hibernate.annotations.common.Version - HCANN000001: Hibernate Commons Annotations {5.0.1.Final}
2019-07-05 15:11:37.246 [restartedMain] INFO  com.zaxxer.hikari.HikariDataSource - HikariPool-1 - Starting...
2019-07-05 15:11:37.465 [restartedMain] INFO  com.zaxxer.hikari.HikariDataSource - HikariPool-1 - Start completed.
2019-07-05 15:11:37.527 [restartedMain] INFO  org.hibernate.dialect.Dialect - HHH000400: Using dialect: org.hibernate.dialect.MySQL5Dialect
2019-07-05 15:11:38.730 [restartedMain] INFO  o.s.orm.jpa.LocalContainerEntityManagerFactoryBean - Initialized JPA EntityManagerFactory for persistence unit 'default'
2019-07-05 15:11:39.949 [restartedMain] INFO  o.s.web.servlet.handler.SimpleUrlHandlerMapping - Mapped URL path [/**/favicon.ico] onto handler of type [class org.springframework.web.servlet.resource.ResourceHttpRequestHandler]
2019-07-05 15:11:40.636 [restartedMain] INFO  o.h.hql.internal.QueryTranslatorFactoryInitiator - HHH000397: Using ASTQueryTranslatorFactory
2019-07-05 15:11:40.964 [restartedMain] INFO  o.s.w.s.m.m.a.RequestMappingHandlerAdapter - Looking for @ControllerAdvice: org.springframework.boot.web.servlet.context.AnnotationConfigServletWebServerApplicationContext@4c404067: startup date [Fri Jul 05 15:11:28 CST 2019]; root of context hierarchy
2019-07-05 15:11:41.105 [restartedMain] INFO  o.s.w.s.m.m.a.RequestMappingHandlerMapping - Mapped "{[/student/add]}" onto public com.gt.pageModel.Json com.gt.app.controller.StudentController.add(com.gt.model.Student,javax.servlet.http.HttpServletRequest,javax.servlet.http.HttpSession)
2019-07-05 15:11:41.105 [restartedMain] INFO  o.s.w.s.m.m.a.RequestMappingHandlerMapping - Mapped "{[/student/remove]}" onto public com.gt.pageModel.Json com.gt.app.controller.StudentController.remove(com.gt.model.Student,javax.servlet.http.HttpServletRequest,javax.servlet.http.HttpSession)
2019-07-05 15:11:41.105 [restartedMain] INFO  o.s.w.s.m.m.a.RequestMappingHandlerMapping - Mapped "{[/student/datagrid]}" onto public com.gt.pageModel.DatagridForLayUI com.gt.app.controller.StudentController.datagrid(com.gt.model.Student)
2019-07-05 15:11:41.105 [restartedMain] INFO  o.s.w.s.m.m.a.RequestMappingHandlerMapping - Mapped "{[/student/modify]}" onto public com.gt.pageModel.Json com.gt.app.controller.StudentController.modify(com.gt.model.Student,javax.servlet.http.HttpServletRequest,javax.servlet.http.HttpSession)
2019-07-05 15:11:41.120 [restartedMain] INFO  o.s.w.s.m.m.a.RequestMappingHandlerMapping - Mapped "{[/student/getList]}" onto public java.util.List<com.gt.model.Student> com.gt.app.controller.StudentController.getList()
2019-07-05 15:11:41.120 [restartedMain] INFO  o.s.w.s.m.m.a.RequestMappingHandlerMapping - Mapped "{[/tAppTest/add]}" onto public com.gt.pageModel.Json com.gt.app.controller.TAppTestController.add(com.gt.model.TAppTest,javax.servlet.http.HttpServletRequest,javax.servlet.http.HttpSession)
2019-07-05 15:11:41.120 [restartedMain] INFO  o.s.w.s.m.m.a.RequestMappingHandlerMapping - Mapped "{[/tAppTest/remove]}" onto public com.gt.pageModel.Json com.gt.app.controller.TAppTestController.remove(com.gt.model.TAppTest,javax.servlet.http.HttpServletRequest,javax.servlet.http.HttpSession)
2019-07-05 15:11:41.120 [restartedMain] INFO  o.s.w.s.m.m.a.RequestMappingHandlerMapping - Mapped "{[/tAppTest/datagrid]}" onto public com.gt.pageModel.DatagridForLayUI com.gt.app.controller.TAppTestController.datagrid(com.gt.model.TAppTest)
2019-07-05 15:11:41.120 [restartedMain] INFO  o.s.w.s.m.m.a.RequestMappingHandlerMapping - Mapped "{[/tAppTest/modify]}" onto public com.gt.pageModel.Json com.gt.app.controller.TAppTestController.modify(com.gt.model.TAppTest,javax.servlet.http.HttpServletRequest,javax.servlet.http.HttpSession)
2019-07-05 15:11:41.120 [restartedMain] INFO  o.s.w.s.m.m.a.RequestMappingHandlerMapping - Mapped "{[/tAppTest/getList]}" onto public java.util.List<com.gt.model.TAppTest> com.gt.app.controller.TAppTestController.getList()
2019-07-05 15:11:41.120 [restartedMain] INFO  o.s.w.s.m.m.a.RequestMappingHandlerMapping - Mapped "{[/buttonCreate/checkAuth]}" onto public com.gt.pageModel.Json com.gt.sys.controller.ButtonCreateController.checkAuth(javax.servlet.http.HttpServletRequest,java.lang.String,javax.servlet.http.HttpSession)
2019-07-05 15:11:41.120 [restartedMain] INFO  o.s.w.s.m.m.a.RequestMappingHandlerMapping - Mapped "{[/codeGenerator/getClassName]}" onto public java.util.Map<java.lang.String, java.lang.Object> com.gt.sys.controller.CodeGeneratorController.getClassName(java.lang.String)
2019-07-05 15:11:41.120 [restartedMain] INFO  o.s.w.s.m.m.a.RequestMappingHandlerMapping - Mapped "{[/codeGenerator/createCode]}" onto public com.gt.pageModel.Json com.gt.sys.controller.CodeGeneratorController.createCode(com.gt.pageModel.TemplateParams,javax.servlet.http.HttpSession,javax.servlet.http.HttpServletRequest)
2019-07-05 15:11:41.120 [restartedMain] INFO  o.s.w.s.m.m.a.RequestMappingHandlerMapping - Mapped "{[/codeGenerator/getFieldList]}" onto public java.util.List<com.gt.pageModel.TableFields> com.gt.sys.controller.CodeGeneratorController.getFieldList(com.gt.pageModel.TemplateParams)
2019-07-05 15:11:41.120 [restartedMain] INFO  o.s.w.s.m.m.a.RequestMappingHandlerMapping - Mapped "{[/codeGenerator/getTablesList]}" onto public java.util.List<com.gt.pageModel.TemplateParams> com.gt.sys.controller.CodeGeneratorController.getTablesList()
2019-07-05 15:11:41.120 [restartedMain] INFO  o.s.w.s.m.m.a.RequestMappingHandlerMapping - Mapped "{[/dictCd/add]}" onto public com.gt.pageModel.Json com.gt.sys.controller.DictCdController.add(com.gt.pageModel.DictCd,javax.servlet.http.HttpServletRequest,javax.servlet.http.HttpSession)
2019-07-05 15:11:41.120 [restartedMain] INFO  o.s.w.s.m.m.a.RequestMappingHandlerMapping - Mapped "{[/dictCd/remove]}" onto public com.gt.pageModel.Json com.gt.sys.controller.DictCdController.remove(com.gt.pageModel.DictCd,javax.servlet.http.HttpServletRequest,javax.servlet.http.HttpSession)
2019-07-05 15:11:41.136 [restartedMain] INFO  o.s.w.s.m.m.a.RequestMappingHandlerMapping - Mapped "{[/dictCd/datagrid]}" onto public com.gt.pageModel.DatagridForLayUI com.gt.sys.controller.DictCdController.datagrid(com.gt.pageModel.DictCd)
2019-07-05 15:11:41.136 [restartedMain] INFO  o.s.w.s.m.m.a.RequestMappingHandlerMapping - Mapped "{[/dictCd/modify]}" onto public com.gt.pageModel.Json com.gt.sys.controller.DictCdController.modify(com.gt.pageModel.DictCd,javax.servlet.http.HttpServletRequest,javax.servlet.http.HttpSession)
2019-07-05 15:11:41.136 [restartedMain] INFO  o.s.w.s.m.m.a.RequestMappingHandlerMapping - Mapped "{[/dictCd/getList]}" onto public java.util.List<com.gt.pageModel.DictCd> com.gt.sys.controller.DictCdController.getList(com.gt.pageModel.DictCd)
2019-07-05 15:11:41.136 [restartedMain] INFO  o.s.w.s.m.m.a.RequestMappingHandlerMapping - Mapped "{[/dictCd/charFormat]}" onto public com.gt.pageModel.Json com.gt.sys.controller.DictCdController.charFormat(com.gt.pageModel.DictCd)
2019-07-05 15:11:41.136 [restartedMain] INFO  o.s.w.s.m.m.a.RequestMappingHandlerMapping - Mapped "{[/dictTp/add]}" onto public com.gt.pageModel.Json com.gt.sys.controller.DictTpController.add(com.gt.pageModel.DictTp,javax.servlet.http.HttpServletRequest,javax.servlet.http.HttpSession)
2019-07-05 15:11:41.136 [restartedMain] INFO  o.s.w.s.m.m.a.RequestMappingHandlerMapping - Mapped "{[/dictTp/remove]}" onto public com.gt.pageModel.Json com.gt.sys.controller.DictTpController.remove(com.gt.pageModel.DictTp,javax.servlet.http.HttpServletRequest,javax.servlet.http.HttpSession)
2019-07-05 15:11:41.136 [restartedMain] INFO  o.s.w.s.m.m.a.RequestMappingHandlerMapping - Mapped "{[/dictTp/datagrid]}" onto public com.gt.pageModel.DatagridForLayUI com.gt.sys.controller.DictTpController.datagrid(com.gt.pageModel.DictTp)
2019-07-05 15:11:41.136 [restartedMain] INFO  o.s.w.s.m.m.a.RequestMappingHandlerMapping - Mapped "{[/dictTp/modify]}" onto public com.gt.pageModel.Json com.gt.sys.controller.DictTpController.modify(com.gt.pageModel.DictTp,javax.servlet.http.HttpServletRequest,javax.servlet.http.HttpSession)
2019-07-05 15:11:41.136 [restartedMain] INFO  o.s.w.s.m.m.a.RequestMappingHandlerMapping - Mapped "{[/dictTp/getList]}" onto public java.util.List<com.gt.pageModel.DictTp> com.gt.sys.controller.DictTpController.getList()
2019-07-05 15:11:41.136 [restartedMain] INFO  o.s.w.s.m.m.a.RequestMappingHandlerMapping - Mapped "{[/exportExcel/createExport]}" onto public com.gt.pageModel.Json com.gt.sys.controller.ExportExcelController.exportExcel(java.lang.String,java.lang.String,java.lang.String,java.lang.String) throws jxl.write.biff.RowsExceededException,jxl.write.WriteException,java.io.IOException
2019-07-05 15:11:41.136 [restartedMain] INFO  o.s.w.s.m.m.a.RequestMappingHandlerMapping - Mapped "{[/exportExcel/download]}" onto public java.lang.String com.gt.sys.controller.ExportExcelController.download(java.lang.String,javax.servlet.http.HttpServletRequest,javax.servlet.http.HttpServletResponse) throws javax.servlet.ServletException,java.io.IOException
2019-07-05 15:11:41.136 [restartedMain] INFO  o.s.w.s.m.m.a.RequestMappingHandlerMapping - Mapped "{[/fileUpload/downloadFile]}" onto public com.gt.pageModel.Json com.gt.sys.controller.FileUploadController.downloadFile(java.lang.String,javax.servlet.http.HttpServletRequest,javax.servlet.http.HttpServletResponse)
2019-07-05 15:11:41.136 [restartedMain] INFO  o.s.w.s.m.m.a.RequestMappingHandlerMapping - Mapped "{[/fileUpload/upload]}" onto public com.gt.pageModel.Json com.gt.sys.controller.FileUploadController.springUpload(javax.servlet.http.HttpServletRequest)
2019-07-05 15:11:41.136 [restartedMain] INFO  o.s.w.s.m.m.a.RequestMappingHandlerMapping - Mapped "{[/insInf/add]}" onto public com.gt.pageModel.Json com.gt.sys.controller.InsInfController.add(com.gt.pageModel.InsInf,javax.servlet.http.HttpServletRequest,javax.servlet.http.HttpSession)
2019-07-05 15:11:41.152 [restartedMain] INFO  o.s.w.s.m.m.a.RequestMappingHandlerMapping - Mapped "{[/insInf/remove]}" onto public com.gt.pageModel.Json com.gt.sys.controller.InsInfController.remove(com.gt.pageModel.InsInf,javax.servlet.http.HttpServletRequest,javax.servlet.http.HttpSession)
2019-07-05 15:11:41.152 [restartedMain] INFO  o.s.w.s.m.m.a.RequestMappingHandlerMapping - Mapped "{[/insInf/getTree]}" onto public java.util.List<com.gt.pageModel.ZTree> com.gt.sys.controller.InsInfController.getTree(javax.servlet.http.HttpSession,java.lang.String)
2019-07-05 15:11:41.152 [restartedMain] INFO  o.s.w.s.m.m.a.RequestMappingHandlerMapping - Mapped "{[/insInf/getInsListForLayUI]}" onto public java.util.List<com.gt.pageModel.TreeForLayUI> com.gt.sys.controller.InsInfController.getInsListForLayUI(javax.servlet.http.HttpSession,java.lang.String)
2019-07-05 15:11:41.152 [restartedMain] INFO  o.s.w.s.m.m.a.RequestMappingHandlerMapping - Mapped "{[/insInf/datagrid]}" onto public com.gt.pageModel.DatagridForLayUI com.gt.sys.controller.InsInfController.datagrid(com.gt.pageModel.InsInf,javax.servlet.http.HttpSession)
2019-07-05 15:11:41.152 [restartedMain] INFO  o.s.w.s.m.m.a.RequestMappingHandlerMapping - Mapped "{[/insInf/modify]}" onto public com.gt.pageModel.Json com.gt.sys.controller.InsInfController.modify(com.gt.pageModel.InsInf,javax.servlet.http.HttpServletRequest,javax.servlet.http.HttpSession)
2019-07-05 15:11:41.152 [restartedMain] INFO  o.s.w.s.m.m.a.RequestMappingHandlerMapping - Mapped "{[/insInf/getList]}" onto public java.util.List<com.gt.pageModel.InsInf> com.gt.sys.controller.InsInfController.getList()
2019-07-05 15:11:41.152 [restartedMain] INFO  o.s.w.s.m.m.a.RequestMappingHandlerMapping - Mapped "{[/menuInf/add]}" onto public com.gt.pageModel.Json com.gt.sys.controller.MenuInfController.add(com.gt.pageModel.MenuInf,javax.servlet.http.HttpServletRequest,javax.servlet.http.HttpSession)
2019-07-05 15:11:41.152 [restartedMain] INFO  o.s.w.s.m.m.a.RequestMappingHandlerMapping - Mapped "{[/menuInf/remove]}" onto public com.gt.pageModel.Json com.gt.sys.controller.MenuInfController.remove(com.gt.pageModel.MenuInf,javax.servlet.http.HttpServletRequest,javax.servlet.http.HttpSession)
2019-07-05 15:11:41.152 [restartedMain] INFO  o.s.w.s.m.m.a.RequestMappingHandlerMapping - Mapped "{[/menuInf/getTree]}" onto public java.util.List<com.gt.pageModel.MenuInf> com.gt.sys.controller.MenuInfController.getTree(com.gt.pageModel.MenuInf)
2019-07-05 15:11:41.152 [restartedMain] INFO  o.s.w.s.m.m.a.RequestMappingHandlerMapping - Mapped "{[/menuInf/getTreeByRoleByNoSys]}" onto public java.util.List<com.gt.pageModel.MenuInf> com.gt.sys.controller.MenuInfController.getTreeByRoleByNoSys(javax.servlet.http.HttpSession)
2019-07-05 15:11:41.152 [restartedMain] INFO  o.s.w.s.m.m.a.RequestMappingHandlerMapping - Mapped "{[/menuInf/getMenuUrlNotNullList]}" onto public java.util.List<com.gt.pageModel.MenuInf> com.gt.sys.controller.MenuInfController.getMenuUrlNotNullList()
2019-07-05 15:11:41.152 [restartedMain] INFO  o.s.w.s.m.m.a.RequestMappingHandlerMapping - Mapped "{[/menuInf/datagrid]}" onto public com.gt.pageModel.DatagridForLayUI com.gt.sys.controller.MenuInfController.datagrid(com.gt.pageModel.MenuInf) throws java.lang.InterruptedException
2019-07-05 15:11:41.167 [restartedMain] INFO  o.s.w.s.m.m.a.RequestMappingHandlerMapping - Mapped "{[/menuInf/modify]}" onto public com.gt.pageModel.Json com.gt.sys.controller.MenuInfController.modify(com.gt.pageModel.MenuInf,javax.servlet.http.HttpServletRequest,javax.servlet.http.HttpSession)
2019-07-05 15:11:41.167 [restartedMain] INFO  o.s.w.s.m.m.a.RequestMappingHandlerMapping - Mapped "{[/menuInf/getTreeByRole]}" onto public java.util.List<com.gt.pageModel.MenuForLayUI> com.gt.sys.controller.MenuInfController.getTreeByRole(javax.servlet.http.HttpSession)
2019-07-05 15:11:41.167 [restartedMain] INFO  o.s.w.s.m.m.a.RequestMappingHandlerMapping - Mapped "{[/menuInf/getAllTree]}" onto public java.util.List<com.gt.pageModel.MenuInf> com.gt.sys.controller.MenuInfController.getAllTree()
2019-07-05 15:11:41.167 [restartedMain] INFO  o.s.w.s.m.m.a.RequestMappingHandlerMapping - Mapped "{[/menuInf/getLayUItree]}" onto public java.util.List<com.gt.pageModel.TreeForLayUI> com.gt.sys.controller.MenuInfController.getLayUItree()
2019-07-05 15:11:41.167 [restartedMain] INFO  o.s.w.s.m.m.a.RequestMappingHandlerMapping - Mapped "{[/menuInf/getZTree]}" onto public java.util.List<com.gt.pageModel.ZTree> com.gt.sys.controller.MenuInfController.getZTree()
2019-07-05 15:11:41.167 [restartedMain] INFO  o.s.w.s.m.m.a.RequestMappingHandlerMapping - Mapped "{[/menuInf/getAllLayUItree]}" onto public java.util.List<com.gt.pageModel.TreeForLayUI> com.gt.sys.controller.MenuInfController.getAllLayUItree()
2019-07-05 15:11:41.167 [restartedMain] INFO  o.s.w.s.m.m.a.RequestMappingHandlerMapping - Mapped "{[/menuInf/getMenuList]}" onto public java.util.List<com.gt.pageModel.MenuInf> com.gt.sys.controller.MenuInfController.getMenuList()
2019-07-05 15:11:41.167 [restartedMain] INFO  o.s.w.s.m.m.a.RequestMappingHandlerMapping - Mapped "{[/menuInf/getIconsList]}" onto public java.util.List<com.gt.pageModel.MenuInf> com.gt.sys.controller.MenuInfController.getIconsList(javax.servlet.http.HttpServletRequest)
2019-07-05 15:11:41.167 [restartedMain] INFO  o.s.w.s.m.m.a.RequestMappingHandlerMapping - Mapped "{[/noInterceptor/add]}" onto public com.gt.pageModel.Json com.gt.sys.controller.NoInterceptorController.add(com.gt.pageModel.NoInterceptor,javax.servlet.http.HttpServletRequest,javax.servlet.http.HttpSession)
2019-07-05 15:11:41.167 [restartedMain] INFO  o.s.w.s.m.m.a.RequestMappingHandlerMapping - Mapped "{[/noInterceptor/remove]}" onto public com.gt.pageModel.Json com.gt.sys.controller.NoInterceptorController.remove(com.gt.pageModel.NoInterceptor,javax.servlet.http.HttpServletRequest,javax.servlet.http.HttpSession)
2019-07-05 15:11:41.167 [restartedMain] INFO  o.s.w.s.m.m.a.RequestMappingHandlerMapping - Mapped "{[/noInterceptor/datagrid]}" onto public com.gt.pageModel.DatagridForLayUI com.gt.sys.controller.NoInterceptorController.datagrid(com.gt.pageModel.NoInterceptor)
2019-07-05 15:11:41.167 [restartedMain] INFO  o.s.w.s.m.m.a.RequestMappingHandlerMapping - Mapped "{[/noInterceptor/modify]}" onto public com.gt.pageModel.Json com.gt.sys.controller.NoInterceptorController.modify(com.gt.pageModel.NoInterceptor,javax.servlet.http.HttpServletRequest,javax.servlet.http.HttpSession)
2019-07-05 15:11:41.167 [restartedMain] INFO  o.s.w.s.m.m.a.RequestMappingHandlerMapping - Mapped "{[/noInterceptor/getList]}" onto public java.util.List<com.gt.pageModel.NoInterceptor> com.gt.sys.controller.NoInterceptorController.getList()
2019-07-05 15:11:41.167 [restartedMain] INFO  o.s.w.s.m.m.a.RequestMappingHandlerMapping - Mapped "{[/operInf/add]}" onto public com.gt.pageModel.Json com.gt.sys.controller.OperInfController.add(com.gt.pageModel.OperInf,javax.servlet.http.HttpServletRequest,javax.servlet.http.HttpSession)
2019-07-05 15:11:41.183 [restartedMain] INFO  o.s.w.s.m.m.a.RequestMappingHandlerMapping - Mapped "{[/operInf/remove]}" onto public com.gt.pageModel.Json com.gt.sys.controller.OperInfController.remove(com.gt.pageModel.OperInf,javax.servlet.http.HttpServletRequest,javax.servlet.http.HttpSession)
2019-07-05 15:11:41.183 [restartedMain] INFO  o.s.w.s.m.m.a.RequestMappingHandlerMapping - Mapped "{[/operInf/execute]}" onto public com.gt.pageModel.Json com.gt.sys.controller.OperInfController.execute(com.gt.pageModel.OperInf,javax.servlet.http.HttpServletRequest,javax.servlet.http.HttpServletResponse,javax.servlet.http.HttpSession)
2019-07-05 15:11:41.183 [restartedMain] INFO  o.s.w.s.m.m.a.RequestMappingHandlerMapping - Mapped "{[/operInf/datagrid]}" onto public com.gt.pageModel.DatagridForLayUI com.gt.sys.controller.OperInfController.datagrid(com.gt.pageModel.OperInf,javax.servlet.http.HttpSession)
2019-07-05 15:11:41.183 [restartedMain] INFO  o.s.w.s.m.m.a.RequestMappingHandlerMapping - Mapped "{[/operInf/modify]}" onto public com.gt.pageModel.Json com.gt.sys.controller.OperInfController.modify(com.gt.pageModel.OperInf,javax.servlet.http.HttpServletRequest,javax.servlet.http.HttpSession)
2019-07-05 15:11:41.183 [restartedMain] INFO  o.s.w.s.m.m.a.RequestMappingHandlerMapping - Mapped "{[/operInf/goPage]}" onto public java.lang.String com.gt.sys.controller.OperInfController.goPage(java.lang.String)
2019-07-05 15:11:41.183 [restartedMain] INFO  o.s.w.s.m.m.a.RequestMappingHandlerMapping - Mapped "{[/operInf/getRoles]}" onto public java.util.List<com.gt.pageModel.RoleInf> com.gt.sys.controller.OperInfController.getRoles(javax.servlet.http.HttpSession)
2019-07-05 15:11:41.183 [restartedMain] INFO  o.s.w.s.m.m.a.RequestMappingHandlerMapping - Mapped "{[/operInf/logout]}" onto public java.lang.String com.gt.sys.controller.OperInfController.logout(javax.servlet.http.HttpSession,javax.servlet.http.HttpServletRequest,javax.servlet.http.HttpServletResponse)
2019-07-05 15:11:41.183 [restartedMain] INFO  o.s.w.s.m.m.a.RequestMappingHandlerMapping - Mapped "{[/operInf/login]}" onto public java.lang.String com.gt.sys.controller.OperInfController.login()
2019-07-05 15:11:41.183 [restartedMain] INFO  o.s.w.s.m.m.a.RequestMappingHandlerMapping - Mapped "{[/operInf/redoPwd]}" onto public com.gt.pageModel.Json com.gt.sys.controller.OperInfController.redoPwd(com.gt.pageModel.OperInf,javax.servlet.http.HttpServletRequest,javax.servlet.http.HttpSession)
2019-07-05 15:11:41.183 [restartedMain] INFO  o.s.w.s.m.m.a.RequestMappingHandlerMapping - Mapped "{[/operInf/changepwd]}" onto public com.gt.pageModel.Json com.gt.sys.controller.OperInfController.changepwd(com.gt.pageModel.OperInf,javax.servlet.http.HttpServletRequest,javax.servlet.http.HttpSession)
2019-07-05 15:11:41.183 [restartedMain] INFO  o.s.w.s.m.m.a.RequestMappingHandlerMapping - Mapped "{[/quarz/add]}" onto public com.gt.pageModel.Json com.gt.sys.controller.QuarzController.add(com.gt.model.Quarz,javax.servlet.http.HttpServletRequest,javax.servlet.http.HttpSession)
2019-07-05 15:11:41.183 [restartedMain] INFO  o.s.w.s.m.m.a.RequestMappingHandlerMapping - Mapped "{[/quarz/remove]}" onto public com.gt.pageModel.Json com.gt.sys.controller.QuarzController.remove(com.gt.model.Quarz,javax.servlet.http.HttpServletRequest,javax.servlet.http.HttpSession)
2019-07-05 15:11:41.198 [restartedMain] INFO  o.s.w.s.m.m.a.RequestMappingHandlerMapping - Mapped "{[/quarz/datagrid]}" onto public com.gt.pageModel.DatagridForLayUI com.gt.sys.controller.QuarzController.datagrid(com.gt.model.Quarz)
2019-07-05 15:11:41.198 [restartedMain] INFO  o.s.w.s.m.m.a.RequestMappingHandlerMapping - Mapped "{[/quarz/modify]}" onto public com.gt.pageModel.Json com.gt.sys.controller.QuarzController.modify(com.gt.model.Quarz,javax.servlet.http.HttpServletRequest,javax.servlet.http.HttpSession)
2019-07-05 15:11:41.198 [restartedMain] INFO  o.s.w.s.m.m.a.RequestMappingHandlerMapping - Mapped "{[/quarz/getList]}" onto public java.util.List<com.gt.model.Quarz> com.gt.sys.controller.QuarzController.getList()
2019-07-05 15:11:41.198 [restartedMain] INFO  o.s.w.s.m.m.a.RequestMappingHandlerMapping - Mapped "{[/roleFunction/add]}" onto public com.gt.pageModel.Json com.gt.sys.controller.RoleFunctionController.add(com.gt.pageModel.RoleFunction,javax.servlet.http.HttpServletRequest,javax.servlet.http.HttpSession)
2019-07-05 15:11:41.198 [restartedMain] INFO  o.s.w.s.m.m.a.RequestMappingHandlerMapping - Mapped "{[/roleInf/add]}" onto public com.gt.pageModel.Json com.gt.sys.controller.RoleInfController.add(com.gt.pageModel.RoleInf,javax.servlet.http.HttpServletRequest,javax.servlet.http.HttpSession)
2019-07-05 15:11:41.198 [restartedMain] INFO  o.s.w.s.m.m.a.RequestMappingHandlerMapping - Mapped "{[/roleInf/remove]}" onto public com.gt.pageModel.Json com.gt.sys.controller.RoleInfController.remove(com.gt.pageModel.RoleInf,javax.servlet.http.HttpServletRequest,javax.servlet.http.HttpSession)
2019-07-05 15:11:41.198 [restartedMain] INFO  o.s.w.s.m.m.a.RequestMappingHandlerMapping - Mapped "{[/roleInf/datagrid]}" onto public com.gt.pageModel.DatagridForLayUI com.gt.sys.controller.RoleInfController.datagrid(com.gt.pageModel.RoleInf,javax.servlet.http.HttpSession)
2019-07-05 15:11:41.198 [restartedMain] INFO  o.s.w.s.m.m.a.RequestMappingHandlerMapping - Mapped "{[/roleInf/modify]}" onto public com.gt.pageModel.Json com.gt.sys.controller.RoleInfController.modify(com.gt.pageModel.RoleInf,javax.servlet.http.HttpServletRequest,javax.servlet.http.HttpSession)
2019-07-05 15:11:41.198 [restartedMain] INFO  o.s.w.s.m.m.a.RequestMappingHandlerMapping - Mapped "{[/roleInf/getList]}" onto public java.util.List<com.gt.pageModel.RoleInf> com.gt.sys.controller.RoleInfController.getList(javax.servlet.http.HttpSession)
2019-07-05 15:11:41.198 [restartedMain] INFO  o.s.w.s.m.m.a.RequestMappingHandlerMapping - Mapped "{[/roleInf/getAllTree]}" onto public java.util.List<com.gt.pageModel.ZTree> com.gt.sys.controller.RoleInfController.getAllTree(javax.servlet.http.HttpSession)
2019-07-05 15:11:41.198 [restartedMain] INFO  o.s.w.s.m.m.a.RequestMappingHandlerMapping - Mapped "{[/roleInf/getRoleSelected]}" onto public java.util.Map<java.lang.String, java.lang.Object> com.gt.sys.controller.RoleInfController.getRoleSelected(com.gt.pageModel.RoleInf)
2019-07-05 15:11:41.198 [restartedMain] INFO  o.s.w.s.m.m.a.RequestMappingHandlerMapping - Mapped "{[/sysFunctionInf/add]}" onto public com.gt.pageModel.Json com.gt.sys.controller.SysFunctionInfController.add(com.gt.pageModel.SysFunctionInf,javax.servlet.http.HttpSession,javax.servlet.http.HttpServletRequest)
2019-07-05 15:11:41.198 [restartedMain] INFO  o.s.w.s.m.m.a.RequestMappingHandlerMapping - Mapped "{[/sysFunctionInf/remove]}" onto public com.gt.pageModel.Json com.gt.sys.controller.SysFunctionInfController.remove(com.gt.pageModel.SysFunctionInf,javax.servlet.http.HttpSession,javax.servlet.http.HttpServletRequest)
2019-07-05 15:11:41.198 [restartedMain] INFO  o.s.w.s.m.m.a.RequestMappingHandlerMapping - Mapped "{[/sysFunctionInf/datagrid]}" onto public com.gt.pageModel.DatagridForLayUI com.gt.sys.controller.SysFunctionInfController.datagrid(com.gt.pageModel.SysFunctionInf)
2019-07-05 15:11:41.198 [restartedMain] INFO  o.s.w.s.m.m.a.RequestMappingHandlerMapping - Mapped "{[/sysFunctionInf/modify]}" onto public com.gt.pageModel.Json com.gt.sys.controller.SysFunctionInfController.modify(com.gt.pageModel.SysFunctionInf,javax.servlet.http.HttpServletRequest,javax.servlet.http.HttpSession)
2019-07-05 15:11:41.214 [restartedMain] INFO  o.s.w.s.m.m.a.RequestMappingHandlerMapping - Mapped "{[/sysLog/datagrid]}" onto public com.gt.pageModel.DatagridForLayUI com.gt.sys.controller.SysLogController.datagrid(com.gt.pageModel.SysLog,javax.servlet.http.HttpServletRequest)
2019-07-05 15:11:41.214 [restartedMain] INFO  o.s.w.s.m.m.a.RequestMappingHandlerMapping - Mapped "{[/error]}" onto public org.springframework.http.ResponseEntity<java.util.Map<java.lang.String, java.lang.Object>> org.springframework.boot.autoconfigure.web.servlet.error.BasicErrorController.error(javax.servlet.http.HttpServletRequest)
2019-07-05 15:11:41.214 [restartedMain] INFO  o.s.w.s.m.m.a.RequestMappingHandlerMapping - Mapped "{[/error],produces=[text/html]}" onto public org.springframework.web.servlet.ModelAndView org.springframework.boot.autoconfigure.web.servlet.error.BasicErrorController.errorHtml(javax.servlet.http.HttpServletRequest,javax.servlet.http.HttpServletResponse)
2019-07-05 15:11:41.245 [restartedMain] INFO  o.s.web.servlet.handler.SimpleUrlHandlerMapping - Mapped URL path [/webjars/**] onto handler of type [class org.springframework.web.servlet.resource.ResourceHttpRequestHandler]
2019-07-05 15:11:41.245 [restartedMain] INFO  o.s.web.servlet.handler.SimpleUrlHandlerMapping - Mapped URL path [/**] onto handler of type [class org.springframework.web.servlet.resource.ResourceHttpRequestHandler]
2019-07-05 15:11:41.245 [restartedMain] INFO  o.s.web.servlet.handler.SimpleUrlHandlerMapping - Mapped URL path [/css] onto handler of type [class org.springframework.web.servlet.resource.ResourceHttpRequestHandler]
2019-07-05 15:11:41.245 [restartedMain] INFO  o.s.web.servlet.handler.SimpleUrlHandlerMapping - Mapped URL path [/plugins] onto handler of type [class org.springframework.web.servlet.resource.ResourceHttpRequestHandler]
2019-07-05 15:11:41.245 [restartedMain] INFO  o.s.web.servlet.handler.SimpleUrlHandlerMapping - Mapped URL path [/js] onto handler of type [class org.springframework.web.servlet.resource.ResourceHttpRequestHandler]
2019-07-05 15:11:43.015 [restartedMain] INFO  o.s.ui.freemarker.SpringTemplateLoader - SpringTemplateLoader for FreeMarker: using resource loader [org.springframework.boot.web.servlet.context.AnnotationConfigServletWebServerApplicationContext@4c404067: startup date [Fri Jul 05 15:11:28 CST 2019]; root of context hierarchy] and template loader path [classpath:/templates/]
2019-07-05 15:11:43.015 [restartedMain] INFO  o.s.w.servlet.view.freemarker.FreeMarkerConfigurer - ClassTemplateLoader for Spring macros added to FreeMarker configuration
2019-07-05 15:11:43.316 [restartedMain] INFO  org.quartz.impl.StdSchedulerFactory - Using default implementation for ThreadExecutor
2019-07-05 15:11:43.332 [restartedMain] INFO  org.quartz.core.SchedulerSignalerImpl - Initialized Scheduler Signaller of type: class org.quartz.core.SchedulerSignalerImpl
2019-07-05 15:11:43.332 [restartedMain] INFO  org.quartz.core.QuartzScheduler - Quartz Scheduler v.2.2.1 created.
2019-07-05 15:11:43.332 [restartedMain] INFO  org.quartz.simpl.RAMJobStore - RAMJobStore initialized.
2019-07-05 15:11:43.332 [restartedMain] INFO  org.quartz.core.QuartzScheduler - Scheduler meta-data: Quartz Scheduler (v2.2.1) 'quartzScheduler' with instanceId 'NON_CLUSTERED'
  Scheduler class: 'org.quartz.core.QuartzScheduler' - running locally.
  NOT STARTED.
  Currently in standby mode.
  Number of jobs executed: 0
  Using thread pool 'org.quartz.simpl.SimpleThreadPool' - with 10 threads.
  Using job-store 'org.quartz.simpl.RAMJobStore' - which does not support persistence. and is not clustered.

2019-07-05 15:11:43.332 [restartedMain] INFO  org.quartz.impl.StdSchedulerFactory - Quartz scheduler 'quartzScheduler' initialized from an externally provided properties instance.
2019-07-05 15:11:43.332 [restartedMain] INFO  org.quartz.impl.StdSchedulerFactory - Quartz scheduler version: 2.2.1
2019-07-05 15:11:43.332 [restartedMain] INFO  org.quartz.core.QuartzScheduler - JobFactory set to: org.springframework.boot.autoconfigure.quartz.AutowireCapableBeanJobFactory@4384cd7e
2019-07-05 15:11:43.501 [restartedMain] INFO  o.s.b.d.autoconfigure.OptionalLiveReloadServer - LiveReload server is running on port 35729
2019-07-05 15:11:43.633 [restartedMain] INFO  o.s.jmx.export.annotation.AnnotationMBeanExporter - Registering beans for JMX exposure on startup
2019-07-05 15:11:43.633 [restartedMain] INFO  o.s.jmx.export.annotation.AnnotationMBeanExporter - Bean with name 'dataSource' has been autodetected for JMX exposure
2019-07-05 15:11:43.648 [restartedMain] INFO  o.s.jmx.export.annotation.AnnotationMBeanExporter - Located MBean 'dataSource': registering with JMX server as MBean [com.zaxxer.hikari:name=dataSource,type=HikariDataSource]
2019-07-05 15:11:43.664 [restartedMain] INFO  o.s.context.support.DefaultLifecycleProcessor - Starting beans in phase 2147483647
2019-07-05 15:11:43.664 [restartedMain] INFO  o.s.scheduling.quartz.SchedulerFactoryBean - Starting Quartz Scheduler now
2019-07-05 15:11:43.664 [restartedMain] INFO  org.quartz.core.QuartzScheduler - Scheduler quartzScheduler_$_NON_CLUSTERED started.
2019-07-05 15:11:43.686 [restartedMain] INFO  org.apache.coyote.http11.Http11NioProtocol - Starting ProtocolHandler ["http-nio-8090"]
2019-07-05 15:11:43.702 [restartedMain] INFO  org.apache.tomcat.util.net.NioSelectorPool - Using a shared selector for servlet write/read
2019-07-05 15:11:43.786 [restartedMain] INFO  o.s.boot.web.embedded.tomcat.TomcatWebServer - Tomcat started on port(s): 8090 (http) with context path '/layssh'
2019-07-05 15:11:43.786 [restartedMain] INFO  com.gt.LaysshApplication - Started LaysshApplication in 16.912 seconds (JVM running for 22.615)
2019-07-05 15:12:18.309 [http-nio-8090-exec-2] INFO  o.a.c.c.C.[Tomcat].[localhost].[/layssh] - Initializing Spring FrameworkServlet 'dispatcherServlet'
2019-07-05 15:12:18.309 [http-nio-8090-exec-2] INFO  org.springframework.web.servlet.DispatcherServlet - FrameworkServlet 'dispatcherServlet': initialization started
2019-07-05 15:12:18.356 [http-nio-8090-exec-2] INFO  org.springframework.web.servlet.DispatcherServlet - FrameworkServlet 'dispatcherServlet': initialization completed in 47 ms
2019-07-05 15:12:18.388 [http-nio-8090-exec-2] INFO  com.gt.interceptor.SessionInterceptor - 进入session拦截器->访问路径为[]
2019-07-05 15:12:18.481 [http-nio-8090-exec-2] INFO  com.gt.interceptor.SessionInterceptor - 您已经登录超时，请重新登录！
2019-07-05 15:12:23.527 [http-nio-8090-exec-2] INFO  com.gt.interceptor.SessionInterceptor - 进入session拦截器->访问路径为[operInf/execute]
2019-07-05 15:12:23.527 [http-nio-8090-exec-2] INFO  com.gt.interceptor.AuthInterceptor - 进入权限拦截器->访问的资源为：[operInf/execute]
2019-07-05 15:12:24.917 [http-nio-8090-exec-10] INFO  com.gt.interceptor.SessionInterceptor - 进入session拦截器->访问路径为[menuInf/getTreeByRole]
2019-07-05 15:12:24.917 [http-nio-8090-exec-10] INFO  com.gt.interceptor.AuthInterceptor - 进入权限拦截器->访问的资源为：[menuInf/getTreeByRole]
2019-07-05 15:13:05.564 [http-nio-8090-exec-3] INFO  com.gt.interceptor.SessionInterceptor - 进入session拦截器->访问路径为[menuInf/datagrid]
2019-07-05 15:13:05.564 [http-nio-8090-exec-3] INFO  com.gt.interceptor.AuthInterceptor - 进入权限拦截器->访问的资源为：[menuInf/datagrid]
2019-07-05 15:13:09.376 [http-nio-8090-exec-1] INFO  com.gt.interceptor.SessionInterceptor - 进入session拦截器->访问路径为[roleInf/datagrid]
2019-07-05 15:13:09.376 [http-nio-8090-exec-1] INFO  com.gt.interceptor.AuthInterceptor - 进入权限拦截器->访问的资源为：[roleInf/datagrid]
2019-07-05 15:13:14.703 [http-nio-8090-exec-8] INFO  com.gt.interceptor.SessionInterceptor - 进入session拦截器->访问路径为[roleInf/add]
2019-07-05 15:13:14.703 [http-nio-8090-exec-8] INFO  com.gt.interceptor.AuthInterceptor - 进入权限拦截器->访问的资源为：[roleInf/add]
2019-07-05 15:13:15.827 [http-nio-8090-exec-10] INFO  com.gt.interceptor.SessionInterceptor - 进入session拦截器->访问路径为[roleInf/datagrid]
2019-07-05 15:13:15.827 [http-nio-8090-exec-10] INFO  com.gt.interceptor.AuthInterceptor - 进入权限拦截器->访问的资源为：[roleInf/datagrid]
2019-07-05 15:25:10.663 [http-nio-8090-exec-1] INFO  com.gt.interceptor.SessionInterceptor - 进入session拦截器->访问路径为[roleInf/add]
2019-07-05 15:25:10.669 [http-nio-8090-exec-1] INFO  com.gt.interceptor.AuthInterceptor - 进入权限拦截器->访问的资源为：[roleInf/add]
2019-07-05 15:25:11.760 [http-nio-8090-exec-10] INFO  com.gt.interceptor.SessionInterceptor - 进入session拦截器->访问路径为[roleInf/datagrid]
2019-07-05 15:25:11.760 [http-nio-8090-exec-10] INFO  com.gt.interceptor.AuthInterceptor - 进入权限拦截器->访问的资源为：[roleInf/datagrid]
2019-07-05 15:34:31.737 [http-nio-8090-exec-9] INFO  com.gt.interceptor.SessionInterceptor - 进入session拦截器->访问路径为[roleInf/add]
2019-07-05 15:34:31.753 [http-nio-8090-exec-9] INFO  com.gt.interceptor.AuthInterceptor - 进入权限拦截器->访问的资源为：[roleInf/add]
2019-07-05 15:34:32.862 [http-nio-8090-exec-4] INFO  com.gt.interceptor.SessionInterceptor - 进入session拦截器->访问路径为[roleInf/datagrid]
2019-07-05 15:34:32.862 [http-nio-8090-exec-4] INFO  com.gt.interceptor.AuthInterceptor - 进入权限拦截器->访问的资源为：[roleInf/datagrid]
