2020-07-05 00:02:02.713 [restartedMain] INFO  com.gt.LaysshApplication - Starting LaysshApplication on DESKTOP-LOGNGIN with PID 5176 (started by 大帅栩 in F:\微信\WeChat Files\momery131426\FileStorage\File\2019-05\layssh4\layssh-4.0)
2020-07-05 00:02:02.713 [restartedMain] INFO  com.gt.LaysshApplication - No active profile set, falling back to default profiles: default
2020-07-05 00:02:02.824 [restartedMain] INFO  o.s.b.w.s.c.AnnotationConfigServletWebServerApplicationContext - Refreshing org.springframework.boot.web.servlet.context.AnnotationConfigServletWebServerApplicationContext@793f96b6: startup date [Sun Jul 05 00:02:02 CST 2020]; root of context hierarchy
2020-07-05 00:02:04.398 [restartedMain] INFO  o.s.d.r.config.RepositoryConfigurationDelegate - Multiple Spring Data modules found, entering strict repository configuration mode!
2020-07-05 00:02:04.583 [restartedMain] INFO  o.s.d.r.config.RepositoryConfigurationDelegate - Multiple Spring Data modules found, entering strict repository configuration mode!
2020-07-05 00:02:04.661 [restartedMain] INFO  o.s.d.r.c.RepositoryConfigurationExtensionSupport - Spring Data Redis - Could not safely identify store assignment for repository candidate interface com.gt.app.dao.ITAppTestDao.
2020-07-05 00:02:04.661 [restartedMain] INFO  o.s.d.r.c.RepositoryConfigurationExtensionSupport - Spring Data Redis - Could not safely identify store assignment for repository candidate interface com.gt.sys.dao.ISysLogDao.
2020-07-05 00:02:05.178 [restartedMain] INFO  o.s.c.s.PostProcessorRegistrationDelegate$BeanPostProcessorChecker - Bean 'org.springframework.transaction.annotation.ProxyTransactionManagementConfiguration' of type [org.springframework.transaction.annotation.ProxyTransactionManagementConfiguration$$EnhancerBySpringCGLIB$$f6510244] is not eligible for getting processed by all BeanPostProcessors (for example: not eligible for auto-proxying)
2020-07-05 00:02:05.732 [restartedMain] INFO  o.s.boot.web.embedded.tomcat.TomcatWebServer - Tomcat initialized with port(s): 8080 (http)
2020-07-05 00:02:05.732 [restartedMain] INFO  org.apache.coyote.http11.Http11NioProtocol - Initializing ProtocolHandler ["http-nio-8080"]
2020-07-05 00:02:05.748 [restartedMain] INFO  org.apache.catalina.core.StandardService - Starting service [Tomcat]
2020-07-05 00:02:05.748 [restartedMain] INFO  org.apache.catalina.core.StandardEngine - Starting Servlet Engine: Apache Tomcat/8.5.32
2020-07-05 00:02:05.748 [localhost-startStop-1] INFO  org.apache.catalina.core.AprLifecycleListener - The APR based Apache Tomcat Native library which allows optimal performance in production environments was not found on the java.library.path: [C:\Program Files\Java\jdk1.8.0_131\bin;C:\WINDOWS\Sun\Java\bin;C:\WINDOWS\system32;C:\WINDOWS;"C:\Program Files\Java\jdk1.6.0_45\bin;C:\ProgramData\Oracle\Java\javapath";C:\Program Files\Java\jdk1.8.0_131\bin;C:\WINDOWS\system32;C:\WINDOWS;C:\WINDOWS\System32\Wbem;C:\WINDOWS\System32\WindowsPowerShell\v1.0\;C:\Program Files (x86)\NVIDIA Corporation\PhysX\Common;C:\WINDOWS\System32\OpenSSH\;C:\Program Files\Java\jre1.8.0_131\bin;E:\apache-maven\apache-maven-3.5.4\bin;E:\VisualSVN\bin;C:\Program Files\TortoiseSVN\bin;C:\Program Files\Git\cmd;C:\Program Files\TortoiseGit\bin;F:\mongodb\bin;E:\;C:\Users\大帅栩\AppData\Local\Microsoft\WindowsApps;C:\Users\大帅栩\AppData\Roaming\npm;F:\apache-tomcat-6.0.9\bin;;.]
2020-07-05 00:02:06.406 [localhost-startStop-1] INFO  org.apache.jasper.servlet.TldScanner - At least one JAR was scanned for TLDs yet contained no TLDs. Enable debug logging for this logger for a complete list of JARs that were scanned but no TLDs were found in them. Skipping unneeded JARs during scanning can improve startup time and JSP compilation time.
2020-07-05 00:02:06.416 [localhost-startStop-1] INFO  o.a.c.c.C.[Tomcat].[localhost].[/layssh] - Initializing Spring embedded WebApplicationContext
2020-07-05 00:02:06.424 [localhost-startStop-1] INFO  org.springframework.web.context.ContextLoader - Root WebApplicationContext: initialization completed in 3600 ms
2020-07-05 00:02:06.725 [localhost-startStop-1] INFO  o.s.boot.web.servlet.ServletRegistrationBean - Servlet quartzInItServlet mapped to [/QuartzInItServlet]
2020-07-05 00:02:06.725 [localhost-startStop-1] INFO  o.s.boot.web.servlet.ServletRegistrationBean - Servlet imageServlet mapped to [/ImageServlet]
2020-07-05 00:02:06.725 [localhost-startStop-1] INFO  o.s.boot.web.servlet.ServletRegistrationBean - Servlet dispatcherServlet mapped to [/]
2020-07-05 00:02:06.725 [localhost-startStop-1] INFO  o.s.boot.web.servlet.FilterRegistrationBean - Mapping filter: 'characterEncodingFilter' to: [/*]
2020-07-05 00:02:06.725 [localhost-startStop-1] INFO  o.s.boot.web.servlet.FilterRegistrationBean - Mapping filter: 'hiddenHttpMethodFilter' to: [/*]
2020-07-05 00:02:06.725 [localhost-startStop-1] INFO  o.s.boot.web.servlet.FilterRegistrationBean - Mapping filter: 'httpPutFormContentFilter' to: [/*]
2020-07-05 00:02:06.725 [localhost-startStop-1] INFO  o.s.boot.web.servlet.FilterRegistrationBean - Mapping filter: 'requestContextFilter' to: [/*]
2020-07-05 00:02:07.009 [restartedMain] INFO  o.s.orm.jpa.LocalContainerEntityManagerFactoryBean - Building JPA container EntityManagerFactory for persistence unit 'default'
2020-07-05 00:02:07.126 [restartedMain] INFO  org.hibernate.Version - HHH000412: Hibernate Core {5.2.17.Final}
2020-07-05 00:02:07.126 [restartedMain] INFO  org.hibernate.cfg.Environment - HHH000206: hibernate.properties not found
2020-07-05 00:02:07.173 [restartedMain] INFO  org.hibernate.annotations.common.Version - HCANN000001: Hibernate Commons Annotations {5.0.1.Final}
2020-07-05 00:02:07.578 [restartedMain] INFO  com.zaxxer.hikari.HikariDataSource - HikariPool-1 - Starting...
2020-07-05 00:02:07.779 [restartedMain] INFO  com.zaxxer.hikari.HikariDataSource - HikariPool-1 - Start completed.
2020-07-05 00:02:07.791 [restartedMain] INFO  org.hibernate.dialect.Dialect - HHH000400: Using dialect: org.hibernate.dialect.MySQL5Dialect
2020-07-05 00:02:08.937 [restartedMain] INFO  o.s.orm.jpa.LocalContainerEntityManagerFactoryBean - Initialized JPA EntityManagerFactory for persistence unit 'default'
2020-07-05 00:02:11.634 [restartedMain] INFO  o.s.web.servlet.handler.SimpleUrlHandlerMapping - Mapped URL path [/**/favicon.ico] onto handler of type [class org.springframework.web.servlet.resource.ResourceHttpRequestHandler]
2020-07-05 00:02:53.622 [restartedMain] INFO  com.gt.LaysshApplication - Starting LaysshApplication on DESKTOP-LOGNGIN with PID 13392 (started by 大帅栩 in F:\微信\WeChat Files\momery131426\FileStorage\File\2019-05\layssh4\layssh-4.0)
2020-07-05 00:02:53.630 [restartedMain] INFO  com.gt.LaysshApplication - No active profile set, falling back to default profiles: default
2020-07-05 00:02:53.683 [restartedMain] INFO  o.s.b.w.s.c.AnnotationConfigServletWebServerApplicationContext - Refreshing org.springframework.boot.web.servlet.context.AnnotationConfigServletWebServerApplicationContext@a1b10ed: startup date [Sun Jul 05 00:02:53 CST 2020]; root of context hierarchy
2020-07-05 00:02:55.309 [restartedMain] INFO  o.s.d.r.config.RepositoryConfigurationDelegate - Multiple Spring Data modules found, entering strict repository configuration mode!
2020-07-05 00:02:55.458 [restartedMain] INFO  o.s.d.r.config.RepositoryConfigurationDelegate - Multiple Spring Data modules found, entering strict repository configuration mode!
2020-07-05 00:02:55.525 [restartedMain] INFO  o.s.d.r.c.RepositoryConfigurationExtensionSupport - Spring Data Redis - Could not safely identify store assignment for repository candidate interface com.gt.app.dao.ITAppTestDao.
2020-07-05 00:02:55.525 [restartedMain] INFO  o.s.d.r.c.RepositoryConfigurationExtensionSupport - Spring Data Redis - Could not safely identify store assignment for repository candidate interface com.gt.sys.dao.ISysLogDao.
2020-07-05 00:02:56.042 [restartedMain] INFO  o.s.c.s.PostProcessorRegistrationDelegate$BeanPostProcessorChecker - Bean 'org.springframework.transaction.annotation.ProxyTransactionManagementConfiguration' of type [org.springframework.transaction.annotation.ProxyTransactionManagementConfiguration$$EnhancerBySpringCGLIB$$ad290e2b] is not eligible for getting processed by all BeanPostProcessors (for example: not eligible for auto-proxying)
2020-07-05 00:02:56.591 [restartedMain] INFO  o.s.boot.web.embedded.tomcat.TomcatWebServer - Tomcat initialized with port(s): 8080 (http)
2020-07-05 00:02:56.606 [restartedMain] INFO  org.apache.coyote.http11.Http11NioProtocol - Initializing ProtocolHandler ["http-nio-8080"]
2020-07-05 00:02:56.613 [restartedMain] INFO  org.apache.catalina.core.StandardService - Starting service [Tomcat]
2020-07-05 00:02:56.613 [restartedMain] INFO  org.apache.catalina.core.StandardEngine - Starting Servlet Engine: Apache Tomcat/8.5.32
2020-07-05 00:02:56.613 [localhost-startStop-1] INFO  org.apache.catalina.core.AprLifecycleListener - The APR based Apache Tomcat Native library which allows optimal performance in production environments was not found on the java.library.path: [C:\Program Files\Java\jdk1.8.0_131\bin;C:\WINDOWS\Sun\Java\bin;C:\WINDOWS\system32;C:\WINDOWS;"C:\Program Files\Java\jdk1.6.0_45\bin;C:\ProgramData\Oracle\Java\javapath";C:\Program Files\Java\jdk1.8.0_131\bin;C:\WINDOWS\system32;C:\WINDOWS;C:\WINDOWS\System32\Wbem;C:\WINDOWS\System32\WindowsPowerShell\v1.0\;C:\Program Files (x86)\NVIDIA Corporation\PhysX\Common;C:\WINDOWS\System32\OpenSSH\;C:\Program Files\Java\jre1.8.0_131\bin;E:\apache-maven\apache-maven-3.5.4\bin;E:\VisualSVN\bin;C:\Program Files\TortoiseSVN\bin;C:\Program Files\Git\cmd;C:\Program Files\TortoiseGit\bin;F:\mongodb\bin;E:\;C:\Users\大帅栩\AppData\Local\Microsoft\WindowsApps;C:\Users\大帅栩\AppData\Roaming\npm;F:\apache-tomcat-6.0.9\bin;;.]
2020-07-05 00:02:57.014 [localhost-startStop-1] INFO  org.apache.jasper.servlet.TldScanner - At least one JAR was scanned for TLDs yet contained no TLDs. Enable debug logging for this logger for a complete list of JARs that were scanned but no TLDs were found in them. Skipping unneeded JARs during scanning can improve startup time and JSP compilation time.
2020-07-05 00:02:57.029 [localhost-startStop-1] INFO  o.a.c.c.C.[Tomcat].[localhost].[/layssh] - Initializing Spring embedded WebApplicationContext
2020-07-05 00:02:57.029 [localhost-startStop-1] INFO  org.springframework.web.context.ContextLoader - Root WebApplicationContext: initialization completed in 3346 ms
2020-07-05 00:02:57.145 [localhost-startStop-1] INFO  o.s.boot.web.servlet.ServletRegistrationBean - Servlet quartzInItServlet mapped to [/QuartzInItServlet]
2020-07-05 00:02:57.145 [localhost-startStop-1] INFO  o.s.boot.web.servlet.ServletRegistrationBean - Servlet imageServlet mapped to [/ImageServlet]
2020-07-05 00:02:57.145 [localhost-startStop-1] INFO  o.s.boot.web.servlet.ServletRegistrationBean - Servlet dispatcherServlet mapped to [/]
2020-07-05 00:02:57.145 [localhost-startStop-1] INFO  o.s.boot.web.servlet.FilterRegistrationBean - Mapping filter: 'characterEncodingFilter' to: [/*]
2020-07-05 00:02:57.145 [localhost-startStop-1] INFO  o.s.boot.web.servlet.FilterRegistrationBean - Mapping filter: 'hiddenHttpMethodFilter' to: [/*]
2020-07-05 00:02:57.145 [localhost-startStop-1] INFO  o.s.boot.web.servlet.FilterRegistrationBean - Mapping filter: 'httpPutFormContentFilter' to: [/*]
2020-07-05 00:02:57.145 [localhost-startStop-1] INFO  o.s.boot.web.servlet.FilterRegistrationBean - Mapping filter: 'requestContextFilter' to: [/*]
2020-07-05 00:02:57.400 [restartedMain] INFO  o.s.orm.jpa.LocalContainerEntityManagerFactoryBean - Building JPA container EntityManagerFactory for persistence unit 'default'
2020-07-05 00:02:57.477 [restartedMain] INFO  org.hibernate.Version - HHH000412: Hibernate Core {5.2.17.Final}
2020-07-05 00:02:57.477 [restartedMain] INFO  org.hibernate.cfg.Environment - HHH000206: hibernate.properties not found
2020-07-05 00:02:57.515 [restartedMain] INFO  org.hibernate.annotations.common.Version - HCANN000001: Hibernate Commons Annotations {5.0.1.Final}
2020-07-05 00:02:57.715 [restartedMain] INFO  com.zaxxer.hikari.HikariDataSource - HikariPool-1 - Starting...
2020-07-05 00:02:57.862 [restartedMain] INFO  com.zaxxer.hikari.HikariDataSource - HikariPool-1 - Start completed.
2020-07-05 00:02:57.883 [restartedMain] INFO  org.hibernate.dialect.Dialect - HHH000400: Using dialect: org.hibernate.dialect.MySQL5Dialect
2020-07-05 00:02:58.664 [restartedMain] INFO  o.s.orm.jpa.LocalContainerEntityManagerFactoryBean - Initialized JPA EntityManagerFactory for persistence unit 'default'
2020-07-05 00:02:59.489 [restartedMain] INFO  o.s.web.servlet.handler.SimpleUrlHandlerMapping - Mapped URL path [/**/favicon.ico] onto handler of type [class org.springframework.web.servlet.resource.ResourceHttpRequestHandler]
2020-07-05 00:02:59.798 [restartedMain] INFO  o.h.hql.internal.QueryTranslatorFactoryInitiator - HHH000397: Using ASTQueryTranslatorFactory
2020-07-05 00:02:59.983 [restartedMain] INFO  o.s.w.s.m.m.a.RequestMappingHandlerAdapter - Looking for @ControllerAdvice: org.springframework.boot.web.servlet.context.AnnotationConfigServletWebServerApplicationContext@a1b10ed: startup date [Sun Jul 05 00:02:53 CST 2020]; root of context hierarchy
2020-07-05 00:03:00.099 [restartedMain] INFO  o.s.w.s.m.m.a.RequestMappingHandlerMapping - Mapped "{[/student/add]}" onto public com.gt.pageModel.Json com.gt.app.controller.StudentController.add(com.gt.model.Student,javax.servlet.http.HttpServletRequest,javax.servlet.http.HttpSession)
2020-07-05 00:03:00.099 [restartedMain] INFO  o.s.w.s.m.m.a.RequestMappingHandlerMapping - Mapped "{[/student/remove]}" onto public com.gt.pageModel.Json com.gt.app.controller.StudentController.remove(com.gt.model.Student,javax.servlet.http.HttpServletRequest,javax.servlet.http.HttpSession)
2020-07-05 00:03:00.099 [restartedMain] INFO  o.s.w.s.m.m.a.RequestMappingHandlerMapping - Mapped "{[/student/modify]}" onto public com.gt.pageModel.Json com.gt.app.controller.StudentController.modify(com.gt.model.Student,javax.servlet.http.HttpServletRequest,javax.servlet.http.HttpSession)
2020-07-05 00:03:00.114 [restartedMain] INFO  o.s.w.s.m.m.a.RequestMappingHandlerMapping - Mapped "{[/student/getList]}" onto public java.util.List<com.gt.model.Student> com.gt.app.controller.StudentController.getList()
2020-07-05 00:03:00.114 [restartedMain] INFO  o.s.w.s.m.m.a.RequestMappingHandlerMapping - Mapped "{[/student/datagrid]}" onto public com.gt.pageModel.DatagridForLayUI com.gt.app.controller.StudentController.datagrid(com.gt.model.Student)
2020-07-05 00:03:00.114 [restartedMain] INFO  o.s.w.s.m.m.a.RequestMappingHandlerMapping - Mapped "{[/tAppTest/add]}" onto public com.gt.pageModel.Json com.gt.app.controller.TAppTestController.add(com.gt.model.TAppTest,javax.servlet.http.HttpServletRequest,javax.servlet.http.HttpSession)
2020-07-05 00:03:00.114 [restartedMain] INFO  o.s.w.s.m.m.a.RequestMappingHandlerMapping - Mapped "{[/tAppTest/remove]}" onto public com.gt.pageModel.Json com.gt.app.controller.TAppTestController.remove(com.gt.model.TAppTest,javax.servlet.http.HttpServletRequest,javax.servlet.http.HttpSession)
2020-07-05 00:03:00.114 [restartedMain] INFO  o.s.w.s.m.m.a.RequestMappingHandlerMapping - Mapped "{[/tAppTest/modify]}" onto public com.gt.pageModel.Json com.gt.app.controller.TAppTestController.modify(com.gt.model.TAppTest,javax.servlet.http.HttpServletRequest,javax.servlet.http.HttpSession)
2020-07-05 00:03:00.114 [restartedMain] INFO  o.s.w.s.m.m.a.RequestMappingHandlerMapping - Mapped "{[/tAppTest/getList]}" onto public java.util.List<com.gt.model.TAppTest> com.gt.app.controller.TAppTestController.getList()
2020-07-05 00:03:00.114 [restartedMain] INFO  o.s.w.s.m.m.a.RequestMappingHandlerMapping - Mapped "{[/tAppTest/datagrid]}" onto public com.gt.pageModel.DatagridForLayUI com.gt.app.controller.TAppTestController.datagrid(com.gt.model.TAppTest)
2020-07-05 00:03:00.114 [restartedMain] INFO  o.s.w.s.m.m.a.RequestMappingHandlerMapping - Mapped "{[/buttonCreate/checkAuth]}" onto public com.gt.pageModel.Json com.gt.sys.controller.ButtonCreateController.checkAuth(javax.servlet.http.HttpServletRequest,java.lang.String,javax.servlet.http.HttpSession)
2020-07-05 00:03:00.114 [restartedMain] INFO  o.s.w.s.m.m.a.RequestMappingHandlerMapping - Mapped "{[/codeGenerator/getClassName]}" onto public java.util.Map<java.lang.String, java.lang.Object> com.gt.sys.controller.CodeGeneratorController.getClassName(java.lang.String)
2020-07-05 00:03:00.114 [restartedMain] INFO  o.s.w.s.m.m.a.RequestMappingHandlerMapping - Mapped "{[/codeGenerator/getTablesList]}" onto public java.util.List<com.gt.pageModel.TemplateParams> com.gt.sys.controller.CodeGeneratorController.getTablesList()
2020-07-05 00:03:00.114 [restartedMain] INFO  o.s.w.s.m.m.a.RequestMappingHandlerMapping - Mapped "{[/codeGenerator/getFieldList]}" onto public java.util.List<com.gt.pageModel.TableFields> com.gt.sys.controller.CodeGeneratorController.getFieldList(com.gt.pageModel.TemplateParams)
2020-07-05 00:03:00.114 [restartedMain] INFO  o.s.w.s.m.m.a.RequestMappingHandlerMapping - Mapped "{[/codeGenerator/createCode]}" onto public com.gt.pageModel.Json com.gt.sys.controller.CodeGeneratorController.createCode(com.gt.pageModel.TemplateParams,javax.servlet.http.HttpSession,javax.servlet.http.HttpServletRequest)
2020-07-05 00:03:00.136 [restartedMain] INFO  o.s.w.s.m.m.a.RequestMappingHandlerMapping - Mapped "{[/dictCd/add]}" onto public com.gt.pageModel.Json com.gt.sys.controller.DictCdController.add(com.gt.pageModel.DictCd,javax.servlet.http.HttpServletRequest,javax.servlet.http.HttpSession)
2020-07-05 00:03:00.136 [restartedMain] INFO  o.s.w.s.m.m.a.RequestMappingHandlerMapping - Mapped "{[/dictCd/remove]}" onto public com.gt.pageModel.Json com.gt.sys.controller.DictCdController.remove(com.gt.pageModel.DictCd,javax.servlet.http.HttpServletRequest,javax.servlet.http.HttpSession)
2020-07-05 00:03:00.136 [restartedMain] INFO  o.s.w.s.m.m.a.RequestMappingHandlerMapping - Mapped "{[/dictCd/modify]}" onto public com.gt.pageModel.Json com.gt.sys.controller.DictCdController.modify(com.gt.pageModel.DictCd,javax.servlet.http.HttpServletRequest,javax.servlet.http.HttpSession)
2020-07-05 00:03:00.136 [restartedMain] INFO  o.s.w.s.m.m.a.RequestMappingHandlerMapping - Mapped "{[/dictCd/getList]}" onto public java.util.List<com.gt.pageModel.DictCd> com.gt.sys.controller.DictCdController.getList(com.gt.pageModel.DictCd)
2020-07-05 00:03:00.136 [restartedMain] INFO  o.s.w.s.m.m.a.RequestMappingHandlerMapping - Mapped "{[/dictCd/datagrid]}" onto public com.gt.pageModel.DatagridForLayUI com.gt.sys.controller.DictCdController.datagrid(com.gt.pageModel.DictCd)
2020-07-05 00:03:00.136 [restartedMain] INFO  o.s.w.s.m.m.a.RequestMappingHandlerMapping - Mapped "{[/dictCd/charFormat]}" onto public com.gt.pageModel.Json com.gt.sys.controller.DictCdController.charFormat(com.gt.pageModel.DictCd)
2020-07-05 00:03:00.136 [restartedMain] INFO  o.s.w.s.m.m.a.RequestMappingHandlerMapping - Mapped "{[/dictTp/add]}" onto public com.gt.pageModel.Json com.gt.sys.controller.DictTpController.add(com.gt.pageModel.DictTp,javax.servlet.http.HttpServletRequest,javax.servlet.http.HttpSession)
2020-07-05 00:03:00.136 [restartedMain] INFO  o.s.w.s.m.m.a.RequestMappingHandlerMapping - Mapped "{[/dictTp/remove]}" onto public com.gt.pageModel.Json com.gt.sys.controller.DictTpController.remove(com.gt.pageModel.DictTp,javax.servlet.http.HttpServletRequest,javax.servlet.http.HttpSession)
2020-07-05 00:03:00.136 [restartedMain] INFO  o.s.w.s.m.m.a.RequestMappingHandlerMapping - Mapped "{[/dictTp/modify]}" onto public com.gt.pageModel.Json com.gt.sys.controller.DictTpController.modify(com.gt.pageModel.DictTp,javax.servlet.http.HttpServletRequest,javax.servlet.http.HttpSession)
2020-07-05 00:03:00.136 [restartedMain] INFO  o.s.w.s.m.m.a.RequestMappingHandlerMapping - Mapped "{[/dictTp/getList]}" onto public java.util.List<com.gt.pageModel.DictTp> com.gt.sys.controller.DictTpController.getList()
2020-07-05 00:03:00.136 [restartedMain] INFO  o.s.w.s.m.m.a.RequestMappingHandlerMapping - Mapped "{[/dictTp/datagrid]}" onto public com.gt.pageModel.DatagridForLayUI com.gt.sys.controller.DictTpController.datagrid(com.gt.pageModel.DictTp)
2020-07-05 00:03:00.136 [restartedMain] INFO  o.s.w.s.m.m.a.RequestMappingHandlerMapping - Mapped "{[/exportExcel/createExport]}" onto public com.gt.pageModel.Json com.gt.sys.controller.ExportExcelController.exportExcel(java.lang.String,java.lang.String,java.lang.String,java.lang.String) throws jxl.write.biff.RowsExceededException,jxl.write.WriteException,java.io.IOException
2020-07-05 00:03:00.152 [restartedMain] INFO  o.s.w.s.m.m.a.RequestMappingHandlerMapping - Mapped "{[/exportExcel/download]}" onto public java.lang.String com.gt.sys.controller.ExportExcelController.download(java.lang.String,javax.servlet.http.HttpServletRequest,javax.servlet.http.HttpServletResponse) throws javax.servlet.ServletException,java.io.IOException
2020-07-05 00:03:00.152 [restartedMain] INFO  o.s.w.s.m.m.a.RequestMappingHandlerMapping - Mapped "{[/fileUpload/downloadFile]}" onto public com.gt.pageModel.Json com.gt.sys.controller.FileUploadController.downloadFile(java.lang.String,javax.servlet.http.HttpServletRequest,javax.servlet.http.HttpServletResponse)
2020-07-05 00:03:00.152 [restartedMain] INFO  o.s.w.s.m.m.a.RequestMappingHandlerMapping - Mapped "{[/fileUpload/upload]}" onto public com.gt.pageModel.Json com.gt.sys.controller.FileUploadController.springUpload(javax.servlet.http.HttpServletRequest)
2020-07-05 00:03:00.152 [restartedMain] INFO  o.s.w.s.m.m.a.RequestMappingHandlerMapping - Mapped "{[/insInf/add]}" onto public com.gt.pageModel.Json com.gt.sys.controller.InsInfController.add(com.gt.pageModel.InsInf,javax.servlet.http.HttpServletRequest,javax.servlet.http.HttpSession)
2020-07-05 00:03:00.152 [restartedMain] INFO  o.s.w.s.m.m.a.RequestMappingHandlerMapping - Mapped "{[/insInf/remove]}" onto public com.gt.pageModel.Json com.gt.sys.controller.InsInfController.remove(com.gt.pageModel.InsInf,javax.servlet.http.HttpServletRequest,javax.servlet.http.HttpSession)
2020-07-05 00:03:00.152 [restartedMain] INFO  o.s.w.s.m.m.a.RequestMappingHandlerMapping - Mapped "{[/insInf/getTree]}" onto public java.util.List<com.gt.pageModel.ZTree> com.gt.sys.controller.InsInfController.getTree(javax.servlet.http.HttpSession,java.lang.String)
2020-07-05 00:03:00.152 [restartedMain] INFO  o.s.w.s.m.m.a.RequestMappingHandlerMapping - Mapped "{[/insInf/modify]}" onto public com.gt.pageModel.Json com.gt.sys.controller.InsInfController.modify(com.gt.pageModel.InsInf,javax.servlet.http.HttpServletRequest,javax.servlet.http.HttpSession)
2020-07-05 00:03:00.152 [restartedMain] INFO  o.s.w.s.m.m.a.RequestMappingHandlerMapping - Mapped "{[/insInf/getList]}" onto public java.util.List<com.gt.pageModel.InsInf> com.gt.sys.controller.InsInfController.getList()
2020-07-05 00:03:00.152 [restartedMain] INFO  o.s.w.s.m.m.a.RequestMappingHandlerMapping - Mapped "{[/insInf/datagrid]}" onto public com.gt.pageModel.DatagridForLayUI com.gt.sys.controller.InsInfController.datagrid(com.gt.pageModel.InsInf,javax.servlet.http.HttpSession)
2020-07-05 00:03:00.152 [restartedMain] INFO  o.s.w.s.m.m.a.RequestMappingHandlerMapping - Mapped "{[/insInf/getInsListForLayUI]}" onto public java.util.List<com.gt.pageModel.TreeForLayUI> com.gt.sys.controller.InsInfController.getInsListForLayUI(javax.servlet.http.HttpSession,java.lang.String)
2020-07-05 00:03:00.152 [restartedMain] INFO  o.s.w.s.m.m.a.RequestMappingHandlerMapping - Mapped "{[/menuInf/add]}" onto public com.gt.pageModel.Json com.gt.sys.controller.MenuInfController.add(com.gt.pageModel.MenuInf,javax.servlet.http.HttpServletRequest,javax.servlet.http.HttpSession)
2020-07-05 00:03:00.168 [restartedMain] INFO  o.s.w.s.m.m.a.RequestMappingHandlerMapping - Mapped "{[/menuInf/remove]}" onto public com.gt.pageModel.Json com.gt.sys.controller.MenuInfController.remove(com.gt.pageModel.MenuInf,javax.servlet.http.HttpServletRequest,javax.servlet.http.HttpSession)
2020-07-05 00:03:00.168 [restartedMain] INFO  o.s.w.s.m.m.a.RequestMappingHandlerMapping - Mapped "{[/menuInf/getTree]}" onto public java.util.List<com.gt.pageModel.MenuInf> com.gt.sys.controller.MenuInfController.getTree(com.gt.pageModel.MenuInf)
2020-07-05 00:03:00.168 [restartedMain] INFO  o.s.w.s.m.m.a.RequestMappingHandlerMapping - Mapped "{[/menuInf/modify]}" onto public com.gt.pageModel.Json com.gt.sys.controller.MenuInfController.modify(com.gt.pageModel.MenuInf,javax.servlet.http.HttpServletRequest,javax.servlet.http.HttpSession)
2020-07-05 00:03:00.168 [restartedMain] INFO  o.s.w.s.m.m.a.RequestMappingHandlerMapping - Mapped "{[/menuInf/datagrid]}" onto public com.gt.pageModel.DatagridForLayUI com.gt.sys.controller.MenuInfController.datagrid(com.gt.pageModel.MenuInf) throws java.lang.InterruptedException
2020-07-05 00:03:00.168 [restartedMain] INFO  o.s.w.s.m.m.a.RequestMappingHandlerMapping - Mapped "{[/menuInf/getTreeByRole]}" onto public java.util.List<com.gt.pageModel.MenuForLayUI> com.gt.sys.controller.MenuInfController.getTreeByRole(javax.servlet.http.HttpSession)
2020-07-05 00:03:00.168 [restartedMain] INFO  o.s.w.s.m.m.a.RequestMappingHandlerMapping - Mapped "{[/menuInf/getAllLayUItree]}" onto public java.util.List<com.gt.pageModel.TreeForLayUI> com.gt.sys.controller.MenuInfController.getAllLayUItree()
2020-07-05 00:03:00.168 [restartedMain] INFO  o.s.w.s.m.m.a.RequestMappingHandlerMapping - Mapped "{[/menuInf/getLayUItree]}" onto public java.util.List<com.gt.pageModel.TreeForLayUI> com.gt.sys.controller.MenuInfController.getLayUItree()
2020-07-05 00:03:00.168 [restartedMain] INFO  o.s.w.s.m.m.a.RequestMappingHandlerMapping - Mapped "{[/menuInf/getAllTree]}" onto public java.util.List<com.gt.pageModel.MenuInf> com.gt.sys.controller.MenuInfController.getAllTree()
2020-07-05 00:03:00.168 [restartedMain] INFO  o.s.w.s.m.m.a.RequestMappingHandlerMapping - Mapped "{[/menuInf/getIconsList]}" onto public java.util.List<com.gt.pageModel.MenuInf> com.gt.sys.controller.MenuInfController.getIconsList(javax.servlet.http.HttpServletRequest)
2020-07-05 00:03:00.168 [restartedMain] INFO  o.s.w.s.m.m.a.RequestMappingHandlerMapping - Mapped "{[/menuInf/getMenuList]}" onto public java.util.List<com.gt.pageModel.MenuInf> com.gt.sys.controller.MenuInfController.getMenuList()
2020-07-05 00:03:00.168 [restartedMain] INFO  o.s.w.s.m.m.a.RequestMappingHandlerMapping - Mapped "{[/menuInf/getZTree]}" onto public java.util.List<com.gt.pageModel.ZTree> com.gt.sys.controller.MenuInfController.getZTree()
2020-07-05 00:03:00.168 [restartedMain] INFO  o.s.w.s.m.m.a.RequestMappingHandlerMapping - Mapped "{[/menuInf/getTreeByRoleByNoSys]}" onto public java.util.List<com.gt.pageModel.MenuInf> com.gt.sys.controller.MenuInfController.getTreeByRoleByNoSys(javax.servlet.http.HttpSession)
2020-07-05 00:03:00.195 [restartedMain] INFO  o.s.w.s.m.m.a.RequestMappingHandlerMapping - Mapped "{[/menuInf/getMenuUrlNotNullList]}" onto public java.util.List<com.gt.pageModel.MenuInf> com.gt.sys.controller.MenuInfController.getMenuUrlNotNullList()
2020-07-05 00:03:00.195 [restartedMain] INFO  o.s.w.s.m.m.a.RequestMappingHandlerMapping - Mapped "{[/noInterceptor/add]}" onto public com.gt.pageModel.Json com.gt.sys.controller.NoInterceptorController.add(com.gt.pageModel.NoInterceptor,javax.servlet.http.HttpServletRequest,javax.servlet.http.HttpSession)
2020-07-05 00:03:00.195 [restartedMain] INFO  o.s.w.s.m.m.a.RequestMappingHandlerMapping - Mapped "{[/noInterceptor/remove]}" onto public com.gt.pageModel.Json com.gt.sys.controller.NoInterceptorController.remove(com.gt.pageModel.NoInterceptor,javax.servlet.http.HttpServletRequest,javax.servlet.http.HttpSession)
2020-07-05 00:03:00.195 [restartedMain] INFO  o.s.w.s.m.m.a.RequestMappingHandlerMapping - Mapped "{[/noInterceptor/modify]}" onto public com.gt.pageModel.Json com.gt.sys.controller.NoInterceptorController.modify(com.gt.pageModel.NoInterceptor,javax.servlet.http.HttpServletRequest,javax.servlet.http.HttpSession)
2020-07-05 00:03:00.195 [restartedMain] INFO  o.s.w.s.m.m.a.RequestMappingHandlerMapping - Mapped "{[/noInterceptor/getList]}" onto public java.util.List<com.gt.pageModel.NoInterceptor> com.gt.sys.controller.NoInterceptorController.getList()
2020-07-05 00:03:00.195 [restartedMain] INFO  o.s.w.s.m.m.a.RequestMappingHandlerMapping - Mapped "{[/noInterceptor/datagrid]}" onto public com.gt.pageModel.DatagridForLayUI com.gt.sys.controller.NoInterceptorController.datagrid(com.gt.pageModel.NoInterceptor)
2020-07-05 00:03:00.195 [restartedMain] INFO  o.s.w.s.m.m.a.RequestMappingHandlerMapping - Mapped "{[/operInf/add]}" onto public com.gt.pageModel.Json com.gt.sys.controller.OperInfController.add(com.gt.pageModel.OperInf,javax.servlet.http.HttpServletRequest,javax.servlet.http.HttpSession)
2020-07-05 00:03:00.195 [restartedMain] INFO  o.s.w.s.m.m.a.RequestMappingHandlerMapping - Mapped "{[/operInf/remove]}" onto public com.gt.pageModel.Json com.gt.sys.controller.OperInfController.remove(com.gt.pageModel.OperInf,javax.servlet.http.HttpServletRequest,javax.servlet.http.HttpSession)
2020-07-05 00:03:00.195 [restartedMain] INFO  o.s.w.s.m.m.a.RequestMappingHandlerMapping - Mapped "{[/operInf/execute]}" onto public com.gt.pageModel.Json com.gt.sys.controller.OperInfController.execute(com.gt.pageModel.OperInf,javax.servlet.http.HttpServletRequest,javax.servlet.http.HttpServletResponse,javax.servlet.http.HttpSession)
2020-07-05 00:03:00.195 [restartedMain] INFO  o.s.w.s.m.m.a.RequestMappingHandlerMapping - Mapped "{[/operInf/modify]}" onto public com.gt.pageModel.Json com.gt.sys.controller.OperInfController.modify(com.gt.pageModel.OperInf,javax.servlet.http.HttpServletRequest,javax.servlet.http.HttpSession)
2020-07-05 00:03:00.195 [restartedMain] INFO  o.s.w.s.m.m.a.RequestMappingHandlerMapping - Mapped "{[/operInf/datagrid]}" onto public com.gt.pageModel.DatagridForLayUI com.gt.sys.controller.OperInfController.datagrid(com.gt.pageModel.OperInf,javax.servlet.http.HttpSession)
2020-07-05 00:03:00.211 [restartedMain] INFO  o.s.w.s.m.m.a.RequestMappingHandlerMapping - Mapped "{[/operInf/changepwd]}" onto public com.gt.pageModel.Json com.gt.sys.controller.OperInfController.changepwd(com.gt.pageModel.OperInf,javax.servlet.http.HttpServletRequest,javax.servlet.http.HttpSession)
2020-07-05 00:03:00.211 [restartedMain] INFO  o.s.w.s.m.m.a.RequestMappingHandlerMapping - Mapped "{[/operInf/logout]}" onto public java.lang.String com.gt.sys.controller.OperInfController.logout(javax.servlet.http.HttpSession,javax.servlet.http.HttpServletRequest,javax.servlet.http.HttpServletResponse)
2020-07-05 00:03:00.211 [restartedMain] INFO  o.s.w.s.m.m.a.RequestMappingHandlerMapping - Mapped "{[/operInf/login]}" onto public java.lang.String com.gt.sys.controller.OperInfController.login()
2020-07-05 00:03:00.211 [restartedMain] INFO  o.s.w.s.m.m.a.RequestMappingHandlerMapping - Mapped "{[/operInf/redoPwd]}" onto public com.gt.pageModel.Json com.gt.sys.controller.OperInfController.redoPwd(com.gt.pageModel.OperInf,javax.servlet.http.HttpServletRequest,javax.servlet.http.HttpSession)
2020-07-05 00:03:00.211 [restartedMain] INFO  o.s.w.s.m.m.a.RequestMappingHandlerMapping - Mapped "{[/operInf/goPage]}" onto public java.lang.String com.gt.sys.controller.OperInfController.goPage(java.lang.String)
2020-07-05 00:03:00.211 [restartedMain] INFO  o.s.w.s.m.m.a.RequestMappingHandlerMapping - Mapped "{[/operInf/getRoles]}" onto public java.util.List<com.gt.pageModel.RoleInf> com.gt.sys.controller.OperInfController.getRoles(javax.servlet.http.HttpSession)
2020-07-05 00:03:00.211 [restartedMain] INFO  o.s.w.s.m.m.a.RequestMappingHandlerMapping - Mapped "{[/quarz/add]}" onto public com.gt.pageModel.Json com.gt.sys.controller.QuarzController.add(com.gt.model.Quarz,javax.servlet.http.HttpServletRequest,javax.servlet.http.HttpSession)
2020-07-05 00:03:00.211 [restartedMain] INFO  o.s.w.s.m.m.a.RequestMappingHandlerMapping - Mapped "{[/quarz/remove]}" onto public com.gt.pageModel.Json com.gt.sys.controller.QuarzController.remove(com.gt.model.Quarz,javax.servlet.http.HttpServletRequest,javax.servlet.http.HttpSession)
2020-07-05 00:03:00.211 [restartedMain] INFO  o.s.w.s.m.m.a.RequestMappingHandlerMapping - Mapped "{[/quarz/modify]}" onto public com.gt.pageModel.Json com.gt.sys.controller.QuarzController.modify(com.gt.model.Quarz,javax.servlet.http.HttpServletRequest,javax.servlet.http.HttpSession)
2020-07-05 00:03:00.211 [restartedMain] INFO  o.s.w.s.m.m.a.RequestMappingHandlerMapping - Mapped "{[/quarz/getList]}" onto public java.util.List<com.gt.model.Quarz> com.gt.sys.controller.QuarzController.getList()
2020-07-05 00:03:00.211 [restartedMain] INFO  o.s.w.s.m.m.a.RequestMappingHandlerMapping - Mapped "{[/quarz/datagrid]}" onto public com.gt.pageModel.DatagridForLayUI com.gt.sys.controller.QuarzController.datagrid(com.gt.model.Quarz)
2020-07-05 00:03:00.211 [restartedMain] INFO  o.s.w.s.m.m.a.RequestMappingHandlerMapping - Mapped "{[/roleFunction/add]}" onto public com.gt.pageModel.Json com.gt.sys.controller.RoleFunctionController.add(com.gt.pageModel.RoleFunction,javax.servlet.http.HttpServletRequest,javax.servlet.http.HttpSession)
2020-07-05 00:03:00.237 [restartedMain] INFO  o.s.w.s.m.m.a.RequestMappingHandlerMapping - Mapped "{[/roleInf/add]}" onto public com.gt.pageModel.Json com.gt.sys.controller.RoleInfController.add(com.gt.pageModel.RoleInf,javax.servlet.http.HttpServletRequest,javax.servlet.http.HttpSession)
2020-07-05 00:03:00.237 [restartedMain] INFO  o.s.w.s.m.m.a.RequestMappingHandlerMapping - Mapped "{[/roleInf/remove]}" onto public com.gt.pageModel.Json com.gt.sys.controller.RoleInfController.remove(com.gt.pageModel.RoleInf,javax.servlet.http.HttpServletRequest,javax.servlet.http.HttpSession)
2020-07-05 00:03:00.237 [restartedMain] INFO  o.s.w.s.m.m.a.RequestMappingHandlerMapping - Mapped "{[/roleInf/modify]}" onto public com.gt.pageModel.Json com.gt.sys.controller.RoleInfController.modify(com.gt.pageModel.RoleInf,javax.servlet.http.HttpServletRequest,javax.servlet.http.HttpSession)
2020-07-05 00:03:00.237 [restartedMain] INFO  o.s.w.s.m.m.a.RequestMappingHandlerMapping - Mapped "{[/roleInf/getList]}" onto public java.util.List<com.gt.pageModel.RoleInf> com.gt.sys.controller.RoleInfController.getList(javax.servlet.http.HttpSession)
2020-07-05 00:03:00.237 [restartedMain] INFO  o.s.w.s.m.m.a.RequestMappingHandlerMapping - Mapped "{[/roleInf/datagrid]}" onto public com.gt.pageModel.DatagridForLayUI com.gt.sys.controller.RoleInfController.datagrid(com.gt.pageModel.RoleInf,javax.servlet.http.HttpSession)
2020-07-05 00:03:00.237 [restartedMain] INFO  o.s.w.s.m.m.a.RequestMappingHandlerMapping - Mapped "{[/roleInf/getAllTree]}" onto public java.util.List<com.gt.pageModel.ZTree> com.gt.sys.controller.RoleInfController.getAllTree(javax.servlet.http.HttpSession)
2020-07-05 00:03:00.237 [restartedMain] INFO  o.s.w.s.m.m.a.RequestMappingHandlerMapping - Mapped "{[/roleInf/getRoleSelected]}" onto public java.util.Map<java.lang.String, java.lang.Object> com.gt.sys.controller.RoleInfController.getRoleSelected(com.gt.pageModel.RoleInf)
2020-07-05 00:03:00.237 [restartedMain] INFO  o.s.w.s.m.m.a.RequestMappingHandlerMapping - Mapped "{[/sysFunctionInf/add]}" onto public com.gt.pageModel.Json com.gt.sys.controller.SysFunctionInfController.add(com.gt.pageModel.SysFunctionInf,javax.servlet.http.HttpSession,javax.servlet.http.HttpServletRequest)
2020-07-05 00:03:00.237 [restartedMain] INFO  o.s.w.s.m.m.a.RequestMappingHandlerMapping - Mapped "{[/sysFunctionInf/remove]}" onto public com.gt.pageModel.Json com.gt.sys.controller.SysFunctionInfController.remove(com.gt.pageModel.SysFunctionInf,javax.servlet.http.HttpSession,javax.servlet.http.HttpServletRequest)
2020-07-05 00:03:00.237 [restartedMain] INFO  o.s.w.s.m.m.a.RequestMappingHandlerMapping - Mapped "{[/sysFunctionInf/modify]}" onto public com.gt.pageModel.Json com.gt.sys.controller.SysFunctionInfController.modify(com.gt.pageModel.SysFunctionInf,javax.servlet.http.HttpServletRequest,javax.servlet.http.HttpSession)
2020-07-05 00:03:00.237 [restartedMain] INFO  o.s.w.s.m.m.a.RequestMappingHandlerMapping - Mapped "{[/sysFunctionInf/datagrid]}" onto public com.gt.pageModel.DatagridForLayUI com.gt.sys.controller.SysFunctionInfController.datagrid(com.gt.pageModel.SysFunctionInf)
2020-07-05 00:03:00.252 [restartedMain] INFO  o.s.w.s.m.m.a.RequestMappingHandlerMapping - Mapped "{[/sysLog/datagrid]}" onto public com.gt.pageModel.DatagridForLayUI com.gt.sys.controller.SysLogController.datagrid(com.gt.pageModel.SysLog,javax.servlet.http.HttpServletRequest)
2020-07-05 00:03:00.252 [restartedMain] INFO  o.s.w.s.m.m.a.RequestMappingHandlerMapping - Mapped "{[/error]}" onto public org.springframework.http.ResponseEntity<java.util.Map<java.lang.String, java.lang.Object>> org.springframework.boot.autoconfigure.web.servlet.error.BasicErrorController.error(javax.servlet.http.HttpServletRequest)
2020-07-05 00:03:00.252 [restartedMain] INFO  o.s.w.s.m.m.a.RequestMappingHandlerMapping - Mapped "{[/error],produces=[text/html]}" onto public org.springframework.web.servlet.ModelAndView org.springframework.boot.autoconfigure.web.servlet.error.BasicErrorController.errorHtml(javax.servlet.http.HttpServletRequest,javax.servlet.http.HttpServletResponse)
2020-07-05 00:03:00.283 [restartedMain] INFO  o.s.web.servlet.handler.SimpleUrlHandlerMapping - Mapped URL path [/webjars/**] onto handler of type [class org.springframework.web.servlet.resource.ResourceHttpRequestHandler]
2020-07-05 00:03:00.283 [restartedMain] INFO  o.s.web.servlet.handler.SimpleUrlHandlerMapping - Mapped URL path [/**] onto handler of type [class org.springframework.web.servlet.resource.ResourceHttpRequestHandler]
2020-07-05 00:03:00.283 [restartedMain] INFO  o.s.web.servlet.handler.SimpleUrlHandlerMapping - Mapped URL path [/css] onto handler of type [class org.springframework.web.servlet.resource.ResourceHttpRequestHandler]
2020-07-05 00:03:00.283 [restartedMain] INFO  o.s.web.servlet.handler.SimpleUrlHandlerMapping - Mapped URL path [/plugins] onto handler of type [class org.springframework.web.servlet.resource.ResourceHttpRequestHandler]
2020-07-05 00:03:00.283 [restartedMain] INFO  o.s.web.servlet.handler.SimpleUrlHandlerMapping - Mapped URL path [/js] onto handler of type [class org.springframework.web.servlet.resource.ResourceHttpRequestHandler]
2020-07-05 00:03:01.110 [restartedMain] INFO  o.s.ui.freemarker.SpringTemplateLoader - SpringTemplateLoader for FreeMarker: using resource loader [org.springframework.boot.web.servlet.context.AnnotationConfigServletWebServerApplicationContext@a1b10ed: startup date [Sun Jul 05 00:02:53 CST 2020]; root of context hierarchy] and template loader path [classpath:/templates/]
2020-07-05 00:03:01.123 [restartedMain] INFO  o.s.w.servlet.view.freemarker.FreeMarkerConfigurer - ClassTemplateLoader for Spring macros added to FreeMarker configuration
2020-07-05 00:03:01.240 [restartedMain] INFO  org.quartz.impl.StdSchedulerFactory - Using default implementation for ThreadExecutor
2020-07-05 00:03:01.255 [restartedMain] INFO  org.quartz.core.SchedulerSignalerImpl - Initialized Scheduler Signaller of type: class org.quartz.core.SchedulerSignalerImpl
2020-07-05 00:03:01.255 [restartedMain] INFO  org.quartz.core.QuartzScheduler - Quartz Scheduler v.2.2.1 created.
2020-07-05 00:03:01.255 [restartedMain] INFO  org.quartz.simpl.RAMJobStore - RAMJobStore initialized.
2020-07-05 00:03:01.255 [restartedMain] INFO  org.quartz.core.QuartzScheduler - Scheduler meta-data: Quartz Scheduler (v2.2.1) 'quartzScheduler' with instanceId 'NON_CLUSTERED'
  Scheduler class: 'org.quartz.core.QuartzScheduler' - running locally.
  NOT STARTED.
  Currently in standby mode.
  Number of jobs executed: 0
  Using thread pool 'org.quartz.simpl.SimpleThreadPool' - with 10 threads.
  Using job-store 'org.quartz.simpl.RAMJobStore' - which does not support persistence. and is not clustered.

2020-07-05 00:03:01.255 [restartedMain] INFO  org.quartz.impl.StdSchedulerFactory - Quartz scheduler 'quartzScheduler' initialized from an externally provided properties instance.
2020-07-05 00:03:01.255 [restartedMain] INFO  org.quartz.impl.StdSchedulerFactory - Quartz scheduler version: 2.2.1
2020-07-05 00:03:01.255 [restartedMain] INFO  org.quartz.core.QuartzScheduler - JobFactory set to: org.springframework.boot.autoconfigure.quartz.AutowireCapableBeanJobFactory@165e2b5d
2020-07-05 00:03:01.440 [restartedMain] INFO  o.s.b.d.autoconfigure.OptionalLiveReloadServer - LiveReload server is running on port 35729
2020-07-05 00:03:01.487 [restartedMain] INFO  o.s.jmx.export.annotation.AnnotationMBeanExporter - Registering beans for JMX exposure on startup
2020-07-05 00:03:01.487 [restartedMain] INFO  o.s.jmx.export.annotation.AnnotationMBeanExporter - Bean with name 'dataSource' has been autodetected for JMX exposure
2020-07-05 00:03:01.487 [restartedMain] INFO  o.s.jmx.export.annotation.AnnotationMBeanExporter - Located MBean 'dataSource': registering with JMX server as MBean [com.zaxxer.hikari:name=dataSource,type=HikariDataSource]
2020-07-05 00:03:01.502 [restartedMain] INFO  o.s.context.support.DefaultLifecycleProcessor - Starting beans in phase 2147483647
2020-07-05 00:03:01.502 [restartedMain] INFO  o.s.scheduling.quartz.SchedulerFactoryBean - Starting Quartz Scheduler now
2020-07-05 00:03:01.502 [restartedMain] INFO  org.quartz.core.QuartzScheduler - Scheduler quartzScheduler_$_NON_CLUSTERED started.
2020-07-05 00:03:01.518 [restartedMain] INFO  org.apache.coyote.http11.Http11NioProtocol - Starting ProtocolHandler ["http-nio-8080"]
2020-07-05 00:03:01.540 [restartedMain] INFO  org.apache.coyote.http11.Http11NioProtocol - Pausing ProtocolHandler ["http-nio-8080"]
2020-07-05 00:03:01.540 [restartedMain] INFO  org.apache.catalina.core.StandardService - Stopping service [Tomcat]
2020-07-05 00:03:01.540 [restartedMain] INFO  org.apache.catalina.util.LifecycleBase - The stop() method was called on component [StandardServer[-1]] after stop() had already been called. The second call will be ignored.
2020-07-05 00:03:01.540 [restartedMain] INFO  org.apache.coyote.http11.Http11NioProtocol - Stopping ProtocolHandler ["http-nio-8080"]
2020-07-05 00:03:01.540 [restartedMain] INFO  org.apache.coyote.http11.Http11NioProtocol - Destroying ProtocolHandler ["http-nio-8080"]
2020-07-05 00:03:01.555 [restartedMain] INFO  o.s.b.w.s.c.AnnotationConfigServletWebServerApplicationContext - Closing org.springframework.boot.web.servlet.context.AnnotationConfigServletWebServerApplicationContext@a1b10ed: startup date [Sun Jul 05 00:02:53 CST 2020]; root of context hierarchy
2020-07-05 00:03:01.555 [restartedMain] INFO  o.s.context.support.DefaultLifecycleProcessor - Stopping beans in phase 2147483647
2020-07-05 00:03:01.555 [restartedMain] INFO  org.quartz.core.QuartzScheduler - Scheduler quartzScheduler_$_NON_CLUSTERED paused.
2020-07-05 00:03:01.555 [restartedMain] INFO  o.s.scheduling.quartz.SchedulerFactoryBean - Shutting down Quartz Scheduler
2020-07-05 00:03:01.555 [restartedMain] INFO  org.quartz.core.QuartzScheduler - Scheduler quartzScheduler_$_NON_CLUSTERED shutting down.
2020-07-05 00:03:01.555 [restartedMain] INFO  org.quartz.core.QuartzScheduler - Scheduler quartzScheduler_$_NON_CLUSTERED paused.
2020-07-05 00:03:01.555 [restartedMain] INFO  org.quartz.core.QuartzScheduler - Scheduler quartzScheduler_$_NON_CLUSTERED shutdown complete.
2020-07-05 00:03:01.625 [restartedMain] INFO  o.s.jmx.export.annotation.AnnotationMBeanExporter - Unregistering JMX-exposed beans on shutdown
2020-07-05 00:03:01.625 [restartedMain] INFO  o.s.jmx.export.annotation.AnnotationMBeanExporter - Unregistering JMX-exposed beans
2020-07-05 00:03:01.625 [restartedMain] INFO  o.s.orm.jpa.LocalContainerEntityManagerFactoryBean - Closing JPA EntityManagerFactory for persistence unit 'default'
2020-07-05 00:03:01.625 [restartedMain] INFO  com.zaxxer.hikari.HikariDataSource - HikariPool-1 - Shutdown initiated...
2020-07-05 00:03:01.640 [restartedMain] INFO  com.zaxxer.hikari.HikariDataSource - HikariPool-1 - Shutdown completed.
2020-07-05 00:06:14.757 [restartedMain] INFO  com.gt.LaysshApplication - Starting LaysshApplication on DESKTOP-LOGNGIN with PID 2688 (started by 大帅栩 in F:\微信\WeChat Files\momery131426\FileStorage\File\2019-05\layssh4\layssh-4.0)
2020-07-05 00:06:14.757 [restartedMain] INFO  com.gt.LaysshApplication - No active profile set, falling back to default profiles: default
2020-07-05 00:06:14.848 [restartedMain] INFO  o.s.b.w.s.c.AnnotationConfigServletWebServerApplicationContext - Refreshing org.springframework.boot.web.servlet.context.AnnotationConfigServletWebServerApplicationContext@2107f4b0: startup date [Sun Jul 05 00:06:14 CST 2020]; root of context hierarchy
2020-07-05 00:06:16.611 [restartedMain] INFO  o.s.d.r.config.RepositoryConfigurationDelegate - Multiple Spring Data modules found, entering strict repository configuration mode!
2020-07-05 00:06:16.780 [restartedMain] INFO  o.s.d.r.config.RepositoryConfigurationDelegate - Multiple Spring Data modules found, entering strict repository configuration mode!
2020-07-05 00:06:16.845 [restartedMain] INFO  o.s.d.r.c.RepositoryConfigurationExtensionSupport - Spring Data Redis - Could not safely identify store assignment for repository candidate interface com.gt.app.dao.ITAppTestDao.
2020-07-05 00:06:16.845 [restartedMain] INFO  o.s.d.r.c.RepositoryConfigurationExtensionSupport - Spring Data Redis - Could not safely identify store assignment for repository candidate interface com.gt.sys.dao.ISysLogDao.
2020-07-05 00:06:17.366 [restartedMain] INFO  o.s.c.s.PostProcessorRegistrationDelegate$BeanPostProcessorChecker - Bean 'org.springframework.transaction.annotation.ProxyTransactionManagementConfiguration' of type [org.springframework.transaction.annotation.ProxyTransactionManagementConfiguration$$EnhancerBySpringCGLIB$$d4bf52f8] is not eligible for getting processed by all BeanPostProcessors (for example: not eligible for auto-proxying)
2020-07-05 00:06:18.025 [restartedMain] INFO  o.s.boot.web.embedded.tomcat.TomcatWebServer - Tomcat initialized with port(s): 8080 (http)
2020-07-05 00:06:18.056 [restartedMain] INFO  org.apache.coyote.http11.Http11NioProtocol - Initializing ProtocolHandler ["http-nio-8080"]
2020-07-05 00:06:18.056 [restartedMain] INFO  org.apache.catalina.core.StandardService - Starting service [Tomcat]
2020-07-05 00:06:18.056 [restartedMain] INFO  org.apache.catalina.core.StandardEngine - Starting Servlet Engine: Apache Tomcat/8.5.32
2020-07-05 00:06:18.072 [localhost-startStop-1] INFO  org.apache.catalina.core.AprLifecycleListener - The APR based Apache Tomcat Native library which allows optimal performance in production environments was not found on the java.library.path: [C:\Program Files\Java\jdk1.8.0_131\bin;C:\WINDOWS\Sun\Java\bin;C:\WINDOWS\system32;C:\WINDOWS;"C:\Program Files\Java\jdk1.6.0_45\bin;C:\ProgramData\Oracle\Java\javapath";C:\Program Files\Java\jdk1.8.0_131\bin;C:\WINDOWS\system32;C:\WINDOWS;C:\WINDOWS\System32\Wbem;C:\WINDOWS\System32\WindowsPowerShell\v1.0\;C:\Program Files (x86)\NVIDIA Corporation\PhysX\Common;C:\WINDOWS\System32\OpenSSH\;C:\Program Files\Java\jre1.8.0_131\bin;E:\apache-maven\apache-maven-3.5.4\bin;E:\VisualSVN\bin;C:\Program Files\TortoiseSVN\bin;C:\Program Files\Git\cmd;C:\Program Files\TortoiseGit\bin;F:\mongodb\bin;E:\;C:\Users\大帅栩\AppData\Local\Microsoft\WindowsApps;C:\Users\大帅栩\AppData\Roaming\npm;F:\apache-tomcat-6.0.9\bin;;.]
2020-07-05 00:06:18.479 [localhost-startStop-1] INFO  org.apache.jasper.servlet.TldScanner - At least one JAR was scanned for TLDs yet contained no TLDs. Enable debug logging for this logger for a complete list of JARs that were scanned but no TLDs were found in them. Skipping unneeded JARs during scanning can improve startup time and JSP compilation time.
2020-07-05 00:06:18.495 [localhost-startStop-1] INFO  o.a.c.c.C.[Tomcat].[localhost].[/layssh] - Initializing Spring embedded WebApplicationContext
2020-07-05 00:06:18.495 [localhost-startStop-1] INFO  org.springframework.web.context.ContextLoader - Root WebApplicationContext: initialization completed in 3647 ms
2020-07-05 00:06:18.611 [localhost-startStop-1] INFO  o.s.boot.web.servlet.ServletRegistrationBean - Servlet quartzInItServlet mapped to [/QuartzInItServlet]
2020-07-05 00:06:18.611 [localhost-startStop-1] INFO  o.s.boot.web.servlet.ServletRegistrationBean - Servlet imageServlet mapped to [/ImageServlet]
2020-07-05 00:06:18.611 [localhost-startStop-1] INFO  o.s.boot.web.servlet.ServletRegistrationBean - Servlet dispatcherServlet mapped to [/]
2020-07-05 00:06:18.627 [localhost-startStop-1] INFO  o.s.boot.web.servlet.FilterRegistrationBean - Mapping filter: 'characterEncodingFilter' to: [/*]
2020-07-05 00:06:18.627 [localhost-startStop-1] INFO  o.s.boot.web.servlet.FilterRegistrationBean - Mapping filter: 'hiddenHttpMethodFilter' to: [/*]
2020-07-05 00:06:18.627 [localhost-startStop-1] INFO  o.s.boot.web.servlet.FilterRegistrationBean - Mapping filter: 'httpPutFormContentFilter' to: [/*]
2020-07-05 00:06:18.627 [localhost-startStop-1] INFO  o.s.boot.web.servlet.FilterRegistrationBean - Mapping filter: 'requestContextFilter' to: [/*]
2020-07-05 00:06:18.880 [restartedMain] INFO  o.s.orm.jpa.LocalContainerEntityManagerFactoryBean - Building JPA container EntityManagerFactory for persistence unit 'default'
2020-07-05 00:06:18.965 [restartedMain] INFO  org.hibernate.Version - HHH000412: Hibernate Core {5.2.17.Final}
2020-07-05 00:06:18.965 [restartedMain] INFO  org.hibernate.cfg.Environment - HHH000206: hibernate.properties not found
2020-07-05 00:06:19.012 [restartedMain] INFO  org.hibernate.annotations.common.Version - HCANN000001: Hibernate Commons Annotations {5.0.1.Final}
2020-07-05 00:06:19.197 [restartedMain] INFO  com.zaxxer.hikari.HikariDataSource - HikariPool-1 - Starting...
2020-07-05 00:06:19.349 [restartedMain] INFO  com.zaxxer.hikari.HikariDataSource - HikariPool-1 - Start completed.
2020-07-05 00:06:19.364 [restartedMain] INFO  org.hibernate.dialect.Dialect - HHH000400: Using dialect: org.hibernate.dialect.MySQL5Dialect
2020-07-05 00:06:20.184 [restartedMain] INFO  o.s.orm.jpa.LocalContainerEntityManagerFactoryBean - Initialized JPA EntityManagerFactory for persistence unit 'default'
2020-07-05 00:06:20.968 [restartedMain] INFO  o.s.web.servlet.handler.SimpleUrlHandlerMapping - Mapped URL path [/**/favicon.ico] onto handler of type [class org.springframework.web.servlet.resource.ResourceHttpRequestHandler]
2020-07-05 00:06:21.233 [restartedMain] INFO  o.h.hql.internal.QueryTranslatorFactoryInitiator - HHH000397: Using ASTQueryTranslatorFactory
2020-07-05 00:06:21.418 [restartedMain] INFO  o.s.w.s.m.m.a.RequestMappingHandlerAdapter - Looking for @ControllerAdvice: org.springframework.boot.web.servlet.context.AnnotationConfigServletWebServerApplicationContext@2107f4b0: startup date [Sun Jul 05 00:06:14 CST 2020]; root of context hierarchy
2020-07-05 00:06:21.503 [restartedMain] INFO  o.s.w.s.m.m.a.RequestMappingHandlerMapping - Mapped "{[/student/add]}" onto public com.gt.pageModel.Json com.gt.app.controller.StudentController.add(com.gt.model.Student,javax.servlet.http.HttpServletRequest,javax.servlet.http.HttpSession)
2020-07-05 00:06:21.503 [restartedMain] INFO  o.s.w.s.m.m.a.RequestMappingHandlerMapping - Mapped "{[/student/remove]}" onto public com.gt.pageModel.Json com.gt.app.controller.StudentController.remove(com.gt.model.Student,javax.servlet.http.HttpServletRequest,javax.servlet.http.HttpSession)
2020-07-05 00:06:21.503 [restartedMain] INFO  o.s.w.s.m.m.a.RequestMappingHandlerMapping - Mapped "{[/student/getList]}" onto public java.util.List<com.gt.model.Student> com.gt.app.controller.StudentController.getList()
2020-07-05 00:06:21.503 [restartedMain] INFO  o.s.w.s.m.m.a.RequestMappingHandlerMapping - Mapped "{[/student/datagrid]}" onto public com.gt.pageModel.DatagridForLayUI com.gt.app.controller.StudentController.datagrid(com.gt.model.Student)
2020-07-05 00:06:21.518 [restartedMain] INFO  o.s.w.s.m.m.a.RequestMappingHandlerMapping - Mapped "{[/student/modify]}" onto public com.gt.pageModel.Json com.gt.app.controller.StudentController.modify(com.gt.model.Student,javax.servlet.http.HttpServletRequest,javax.servlet.http.HttpSession)
2020-07-05 00:06:21.518 [restartedMain] INFO  o.s.w.s.m.m.a.RequestMappingHandlerMapping - Mapped "{[/tAppTest/add]}" onto public com.gt.pageModel.Json com.gt.app.controller.TAppTestController.add(com.gt.model.TAppTest,javax.servlet.http.HttpServletRequest,javax.servlet.http.HttpSession)
2020-07-05 00:06:21.518 [restartedMain] INFO  o.s.w.s.m.m.a.RequestMappingHandlerMapping - Mapped "{[/tAppTest/remove]}" onto public com.gt.pageModel.Json com.gt.app.controller.TAppTestController.remove(com.gt.model.TAppTest,javax.servlet.http.HttpServletRequest,javax.servlet.http.HttpSession)
2020-07-05 00:06:21.518 [restartedMain] INFO  o.s.w.s.m.m.a.RequestMappingHandlerMapping - Mapped "{[/tAppTest/getList]}" onto public java.util.List<com.gt.model.TAppTest> com.gt.app.controller.TAppTestController.getList()
2020-07-05 00:06:21.518 [restartedMain] INFO  o.s.w.s.m.m.a.RequestMappingHandlerMapping - Mapped "{[/tAppTest/datagrid]}" onto public com.gt.pageModel.DatagridForLayUI com.gt.app.controller.TAppTestController.datagrid(com.gt.model.TAppTest)
2020-07-05 00:06:21.518 [restartedMain] INFO  o.s.w.s.m.m.a.RequestMappingHandlerMapping - Mapped "{[/tAppTest/modify]}" onto public com.gt.pageModel.Json com.gt.app.controller.TAppTestController.modify(com.gt.model.TAppTest,javax.servlet.http.HttpServletRequest,javax.servlet.http.HttpSession)
2020-07-05 00:06:21.518 [restartedMain] INFO  o.s.w.s.m.m.a.RequestMappingHandlerMapping - Mapped "{[/buttonCreate/checkAuth]}" onto public com.gt.pageModel.Json com.gt.sys.controller.ButtonCreateController.checkAuth(javax.servlet.http.HttpServletRequest,java.lang.String,javax.servlet.http.HttpSession)
2020-07-05 00:06:21.518 [restartedMain] INFO  o.s.w.s.m.m.a.RequestMappingHandlerMapping - Mapped "{[/codeGenerator/getClassName]}" onto public java.util.Map<java.lang.String, java.lang.Object> com.gt.sys.controller.CodeGeneratorController.getClassName(java.lang.String)
2020-07-05 00:06:21.518 [restartedMain] INFO  o.s.w.s.m.m.a.RequestMappingHandlerMapping - Mapped "{[/codeGenerator/createCode]}" onto public com.gt.pageModel.Json com.gt.sys.controller.CodeGeneratorController.createCode(com.gt.pageModel.TemplateParams,javax.servlet.http.HttpSession,javax.servlet.http.HttpServletRequest)
2020-07-05 00:06:21.518 [restartedMain] INFO  o.s.w.s.m.m.a.RequestMappingHandlerMapping - Mapped "{[/codeGenerator/getFieldList]}" onto public java.util.List<com.gt.pageModel.TableFields> com.gt.sys.controller.CodeGeneratorController.getFieldList(com.gt.pageModel.TemplateParams)
2020-07-05 00:06:21.518 [restartedMain] INFO  o.s.w.s.m.m.a.RequestMappingHandlerMapping - Mapped "{[/codeGenerator/getTablesList]}" onto public java.util.List<com.gt.pageModel.TemplateParams> com.gt.sys.controller.CodeGeneratorController.getTablesList()
2020-07-05 00:06:21.518 [restartedMain] INFO  o.s.w.s.m.m.a.RequestMappingHandlerMapping - Mapped "{[/dictCd/add]}" onto public com.gt.pageModel.Json com.gt.sys.controller.DictCdController.add(com.gt.pageModel.DictCd,javax.servlet.http.HttpServletRequest,javax.servlet.http.HttpSession)
2020-07-05 00:06:21.534 [restartedMain] INFO  o.s.w.s.m.m.a.RequestMappingHandlerMapping - Mapped "{[/dictCd/remove]}" onto public com.gt.pageModel.Json com.gt.sys.controller.DictCdController.remove(com.gt.pageModel.DictCd,javax.servlet.http.HttpServletRequest,javax.servlet.http.HttpSession)
2020-07-05 00:06:21.534 [restartedMain] INFO  o.s.w.s.m.m.a.RequestMappingHandlerMapping - Mapped "{[/dictCd/getList]}" onto public java.util.List<com.gt.pageModel.DictCd> com.gt.sys.controller.DictCdController.getList(com.gt.pageModel.DictCd)
2020-07-05 00:06:21.534 [restartedMain] INFO  o.s.w.s.m.m.a.RequestMappingHandlerMapping - Mapped "{[/dictCd/datagrid]}" onto public com.gt.pageModel.DatagridForLayUI com.gt.sys.controller.DictCdController.datagrid(com.gt.pageModel.DictCd)
2020-07-05 00:06:21.534 [restartedMain] INFO  o.s.w.s.m.m.a.RequestMappingHandlerMapping - Mapped "{[/dictCd/modify]}" onto public com.gt.pageModel.Json com.gt.sys.controller.DictCdController.modify(com.gt.pageModel.DictCd,javax.servlet.http.HttpServletRequest,javax.servlet.http.HttpSession)
2020-07-05 00:06:21.534 [restartedMain] INFO  o.s.w.s.m.m.a.RequestMappingHandlerMapping - Mapped "{[/dictCd/charFormat]}" onto public com.gt.pageModel.Json com.gt.sys.controller.DictCdController.charFormat(com.gt.pageModel.DictCd)
2020-07-05 00:06:21.534 [restartedMain] INFO  o.s.w.s.m.m.a.RequestMappingHandlerMapping - Mapped "{[/dictTp/add]}" onto public com.gt.pageModel.Json com.gt.sys.controller.DictTpController.add(com.gt.pageModel.DictTp,javax.servlet.http.HttpServletRequest,javax.servlet.http.HttpSession)
2020-07-05 00:06:21.534 [restartedMain] INFO  o.s.w.s.m.m.a.RequestMappingHandlerMapping - Mapped "{[/dictTp/remove]}" onto public com.gt.pageModel.Json com.gt.sys.controller.DictTpController.remove(com.gt.pageModel.DictTp,javax.servlet.http.HttpServletRequest,javax.servlet.http.HttpSession)
2020-07-05 00:06:21.534 [restartedMain] INFO  o.s.w.s.m.m.a.RequestMappingHandlerMapping - Mapped "{[/dictTp/getList]}" onto public java.util.List<com.gt.pageModel.DictTp> com.gt.sys.controller.DictTpController.getList()
2020-07-05 00:06:21.534 [restartedMain] INFO  o.s.w.s.m.m.a.RequestMappingHandlerMapping - Mapped "{[/dictTp/datagrid]}" onto public com.gt.pageModel.DatagridForLayUI com.gt.sys.controller.DictTpController.datagrid(com.gt.pageModel.DictTp)
2020-07-05 00:06:21.534 [restartedMain] INFO  o.s.w.s.m.m.a.RequestMappingHandlerMapping - Mapped "{[/dictTp/modify]}" onto public com.gt.pageModel.Json com.gt.sys.controller.DictTpController.modify(com.gt.pageModel.DictTp,javax.servlet.http.HttpServletRequest,javax.servlet.http.HttpSession)
2020-07-05 00:06:21.534 [restartedMain] INFO  o.s.w.s.m.m.a.RequestMappingHandlerMapping - Mapped "{[/exportExcel/download]}" onto public java.lang.String com.gt.sys.controller.ExportExcelController.download(java.lang.String,javax.servlet.http.HttpServletRequest,javax.servlet.http.HttpServletResponse) throws javax.servlet.ServletException,java.io.IOException
2020-07-05 00:06:21.534 [restartedMain] INFO  o.s.w.s.m.m.a.RequestMappingHandlerMapping - Mapped "{[/exportExcel/createExport]}" onto public com.gt.pageModel.Json com.gt.sys.controller.ExportExcelController.exportExcel(java.lang.String,java.lang.String,java.lang.String,java.lang.String) throws jxl.write.biff.RowsExceededException,jxl.write.WriteException,java.io.IOException
2020-07-05 00:06:21.550 [restartedMain] INFO  o.s.w.s.m.m.a.RequestMappingHandlerMapping - Mapped "{[/fileUpload/downloadFile]}" onto public com.gt.pageModel.Json com.gt.sys.controller.FileUploadController.downloadFile(java.lang.String,javax.servlet.http.HttpServletRequest,javax.servlet.http.HttpServletResponse)
2020-07-05 00:06:21.550 [restartedMain] INFO  o.s.w.s.m.m.a.RequestMappingHandlerMapping - Mapped "{[/fileUpload/upload]}" onto public com.gt.pageModel.Json com.gt.sys.controller.FileUploadController.springUpload(javax.servlet.http.HttpServletRequest)
2020-07-05 00:06:21.550 [restartedMain] INFO  o.s.w.s.m.m.a.RequestMappingHandlerMapping - Mapped "{[/insInf/add]}" onto public com.gt.pageModel.Json com.gt.sys.controller.InsInfController.add(com.gt.pageModel.InsInf,javax.servlet.http.HttpServletRequest,javax.servlet.http.HttpSession)
2020-07-05 00:06:21.550 [restartedMain] INFO  o.s.w.s.m.m.a.RequestMappingHandlerMapping - Mapped "{[/insInf/remove]}" onto public com.gt.pageModel.Json com.gt.sys.controller.InsInfController.remove(com.gt.pageModel.InsInf,javax.servlet.http.HttpServletRequest,javax.servlet.http.HttpSession)
2020-07-05 00:06:21.550 [restartedMain] INFO  o.s.w.s.m.m.a.RequestMappingHandlerMapping - Mapped "{[/insInf/getTree]}" onto public java.util.List<com.gt.pageModel.ZTree> com.gt.sys.controller.InsInfController.getTree(javax.servlet.http.HttpSession,java.lang.String)
2020-07-05 00:06:21.550 [restartedMain] INFO  o.s.w.s.m.m.a.RequestMappingHandlerMapping - Mapped "{[/insInf/getList]}" onto public java.util.List<com.gt.pageModel.InsInf> com.gt.sys.controller.InsInfController.getList()
2020-07-05 00:06:21.550 [restartedMain] INFO  o.s.w.s.m.m.a.RequestMappingHandlerMapping - Mapped "{[/insInf/datagrid]}" onto public com.gt.pageModel.DatagridForLayUI com.gt.sys.controller.InsInfController.datagrid(com.gt.pageModel.InsInf,javax.servlet.http.HttpSession)
2020-07-05 00:06:21.550 [restartedMain] INFO  o.s.w.s.m.m.a.RequestMappingHandlerMapping - Mapped "{[/insInf/modify]}" onto public com.gt.pageModel.Json com.gt.sys.controller.InsInfController.modify(com.gt.pageModel.InsInf,javax.servlet.http.HttpServletRequest,javax.servlet.http.HttpSession)
2020-07-05 00:06:21.550 [restartedMain] INFO  o.s.w.s.m.m.a.RequestMappingHandlerMapping - Mapped "{[/insInf/getInsListForLayUI]}" onto public java.util.List<com.gt.pageModel.TreeForLayUI> com.gt.sys.controller.InsInfController.getInsListForLayUI(javax.servlet.http.HttpSession,java.lang.String)
2020-07-05 00:06:21.550 [restartedMain] INFO  o.s.w.s.m.m.a.RequestMappingHandlerMapping - Mapped "{[/menuInf/add]}" onto public com.gt.pageModel.Json com.gt.sys.controller.MenuInfController.add(com.gt.pageModel.MenuInf,javax.servlet.http.HttpServletRequest,javax.servlet.http.HttpSession)
2020-07-05 00:06:21.550 [restartedMain] INFO  o.s.w.s.m.m.a.RequestMappingHandlerMapping - Mapped "{[/menuInf/remove]}" onto public com.gt.pageModel.Json com.gt.sys.controller.MenuInfController.remove(com.gt.pageModel.MenuInf,javax.servlet.http.HttpServletRequest,javax.servlet.http.HttpSession)
2020-07-05 00:06:21.550 [restartedMain] INFO  o.s.w.s.m.m.a.RequestMappingHandlerMapping - Mapped "{[/menuInf/getTree]}" onto public java.util.List<com.gt.pageModel.MenuInf> com.gt.sys.controller.MenuInfController.getTree(com.gt.pageModel.MenuInf)
2020-07-05 00:06:21.565 [restartedMain] INFO  o.s.w.s.m.m.a.RequestMappingHandlerMapping - Mapped "{[/menuInf/datagrid]}" onto public com.gt.pageModel.DatagridForLayUI com.gt.sys.controller.MenuInfController.datagrid(com.gt.pageModel.MenuInf) throws java.lang.InterruptedException
2020-07-05 00:06:21.565 [restartedMain] INFO  o.s.w.s.m.m.a.RequestMappingHandlerMapping - Mapped "{[/menuInf/modify]}" onto public com.gt.pageModel.Json com.gt.sys.controller.MenuInfController.modify(com.gt.pageModel.MenuInf,javax.servlet.http.HttpServletRequest,javax.servlet.http.HttpSession)
2020-07-05 00:06:21.565 [restartedMain] INFO  o.s.w.s.m.m.a.RequestMappingHandlerMapping - Mapped "{[/menuInf/getTreeByRole]}" onto public java.util.List<com.gt.pageModel.MenuForLayUI> com.gt.sys.controller.MenuInfController.getTreeByRole(javax.servlet.http.HttpSession)
2020-07-05 00:06:21.565 [restartedMain] INFO  o.s.w.s.m.m.a.RequestMappingHandlerMapping - Mapped "{[/menuInf/getLayUItree]}" onto public java.util.List<com.gt.pageModel.TreeForLayUI> com.gt.sys.controller.MenuInfController.getLayUItree()
2020-07-05 00:06:21.565 [restartedMain] INFO  o.s.w.s.m.m.a.RequestMappingHandlerMapping - Mapped "{[/menuInf/getMenuList]}" onto public java.util.List<com.gt.pageModel.MenuInf> com.gt.sys.controller.MenuInfController.getMenuList()
2020-07-05 00:06:21.565 [restartedMain] INFO  o.s.w.s.m.m.a.RequestMappingHandlerMapping - Mapped "{[/menuInf/getAllTree]}" onto public java.util.List<com.gt.pageModel.MenuInf> com.gt.sys.controller.MenuInfController.getAllTree()
2020-07-05 00:06:21.565 [restartedMain] INFO  o.s.w.s.m.m.a.RequestMappingHandlerMapping - Mapped "{[/menuInf/getAllLayUItree]}" onto public java.util.List<com.gt.pageModel.TreeForLayUI> com.gt.sys.controller.MenuInfController.getAllLayUItree()
2020-07-05 00:06:21.565 [restartedMain] INFO  o.s.w.s.m.m.a.RequestMappingHandlerMapping - Mapped "{[/menuInf/getZTree]}" onto public java.util.List<com.gt.pageModel.ZTree> com.gt.sys.controller.MenuInfController.getZTree()
2020-07-05 00:06:21.565 [restartedMain] INFO  o.s.w.s.m.m.a.RequestMappingHandlerMapping - Mapped "{[/menuInf/getIconsList]}" onto public java.util.List<com.gt.pageModel.MenuInf> com.gt.sys.controller.MenuInfController.getIconsList(javax.servlet.http.HttpServletRequest)
2020-07-05 00:06:21.565 [restartedMain] INFO  o.s.w.s.m.m.a.RequestMappingHandlerMapping - Mapped "{[/menuInf/getTreeByRoleByNoSys]}" onto public java.util.List<com.gt.pageModel.MenuInf> com.gt.sys.controller.MenuInfController.getTreeByRoleByNoSys(javax.servlet.http.HttpSession)
2020-07-05 00:06:21.565 [restartedMain] INFO  o.s.w.s.m.m.a.RequestMappingHandlerMapping - Mapped "{[/menuInf/getMenuUrlNotNullList]}" onto public java.util.List<com.gt.pageModel.MenuInf> com.gt.sys.controller.MenuInfController.getMenuUrlNotNullList()
2020-07-05 00:06:21.565 [restartedMain] INFO  o.s.w.s.m.m.a.RequestMappingHandlerMapping - Mapped "{[/noInterceptor/add]}" onto public com.gt.pageModel.Json com.gt.sys.controller.NoInterceptorController.add(com.gt.pageModel.NoInterceptor,javax.servlet.http.HttpServletRequest,javax.servlet.http.HttpSession)
2020-07-05 00:06:21.581 [restartedMain] INFO  o.s.w.s.m.m.a.RequestMappingHandlerMapping - Mapped "{[/noInterceptor/remove]}" onto public com.gt.pageModel.Json com.gt.sys.controller.NoInterceptorController.remove(com.gt.pageModel.NoInterceptor,javax.servlet.http.HttpServletRequest,javax.servlet.http.HttpSession)
2020-07-05 00:06:21.581 [restartedMain] INFO  o.s.w.s.m.m.a.RequestMappingHandlerMapping - Mapped "{[/noInterceptor/getList]}" onto public java.util.List<com.gt.pageModel.NoInterceptor> com.gt.sys.controller.NoInterceptorController.getList()
2020-07-05 00:06:21.581 [restartedMain] INFO  o.s.w.s.m.m.a.RequestMappingHandlerMapping - Mapped "{[/noInterceptor/datagrid]}" onto public com.gt.pageModel.DatagridForLayUI com.gt.sys.controller.NoInterceptorController.datagrid(com.gt.pageModel.NoInterceptor)
2020-07-05 00:06:21.581 [restartedMain] INFO  o.s.w.s.m.m.a.RequestMappingHandlerMapping - Mapped "{[/noInterceptor/modify]}" onto public com.gt.pageModel.Json com.gt.sys.controller.NoInterceptorController.modify(com.gt.pageModel.NoInterceptor,javax.servlet.http.HttpServletRequest,javax.servlet.http.HttpSession)
2020-07-05 00:06:21.581 [restartedMain] INFO  o.s.w.s.m.m.a.RequestMappingHandlerMapping - Mapped "{[/operInf/add]}" onto public com.gt.pageModel.Json com.gt.sys.controller.OperInfController.add(com.gt.pageModel.OperInf,javax.servlet.http.HttpServletRequest,javax.servlet.http.HttpSession)
2020-07-05 00:06:21.581 [restartedMain] INFO  o.s.w.s.m.m.a.RequestMappingHandlerMapping - Mapped "{[/operInf/remove]}" onto public com.gt.pageModel.Json com.gt.sys.controller.OperInfController.remove(com.gt.pageModel.OperInf,javax.servlet.http.HttpServletRequest,javax.servlet.http.HttpSession)
2020-07-05 00:06:21.581 [restartedMain] INFO  o.s.w.s.m.m.a.RequestMappingHandlerMapping - Mapped "{[/operInf/execute]}" onto public com.gt.pageModel.Json com.gt.sys.controller.OperInfController.execute(com.gt.pageModel.OperInf,javax.servlet.http.HttpServletRequest,javax.servlet.http.HttpServletResponse,javax.servlet.http.HttpSession)
2020-07-05 00:06:21.581 [restartedMain] INFO  o.s.w.s.m.m.a.RequestMappingHandlerMapping - Mapped "{[/operInf/datagrid]}" onto public com.gt.pageModel.DatagridForLayUI com.gt.sys.controller.OperInfController.datagrid(com.gt.pageModel.OperInf,javax.servlet.http.HttpSession)
2020-07-05 00:06:21.581 [restartedMain] INFO  o.s.w.s.m.m.a.RequestMappingHandlerMapping - Mapped "{[/operInf/modify]}" onto public com.gt.pageModel.Json com.gt.sys.controller.OperInfController.modify(com.gt.pageModel.OperInf,javax.servlet.http.HttpServletRequest,javax.servlet.http.HttpSession)
2020-07-05 00:06:21.581 [restartedMain] INFO  o.s.w.s.m.m.a.RequestMappingHandlerMapping - Mapped "{[/operInf/goPage]}" onto public java.lang.String com.gt.sys.controller.OperInfController.goPage(java.lang.String)
2020-07-05 00:06:21.581 [restartedMain] INFO  o.s.w.s.m.m.a.RequestMappingHandlerMapping - Mapped "{[/operInf/logout]}" onto public java.lang.String com.gt.sys.controller.OperInfController.logout(javax.servlet.http.HttpSession,javax.servlet.http.HttpServletRequest,javax.servlet.http.HttpServletResponse)
2020-07-05 00:06:21.603 [restartedMain] INFO  o.s.w.s.m.m.a.RequestMappingHandlerMapping - Mapped "{[/operInf/getRoles]}" onto public java.util.List<com.gt.pageModel.RoleInf> com.gt.sys.controller.OperInfController.getRoles(javax.servlet.http.HttpSession)
2020-07-05 00:06:21.603 [restartedMain] INFO  o.s.w.s.m.m.a.RequestMappingHandlerMapping - Mapped "{[/operInf/redoPwd]}" onto public com.gt.pageModel.Json com.gt.sys.controller.OperInfController.redoPwd(com.gt.pageModel.OperInf,javax.servlet.http.HttpServletRequest,javax.servlet.http.HttpSession)
2020-07-05 00:06:21.603 [restartedMain] INFO  o.s.w.s.m.m.a.RequestMappingHandlerMapping - Mapped "{[/operInf/changepwd]}" onto public com.gt.pageModel.Json com.gt.sys.controller.OperInfController.changepwd(com.gt.pageModel.OperInf,javax.servlet.http.HttpServletRequest,javax.servlet.http.HttpSession)
2020-07-05 00:06:21.603 [restartedMain] INFO  o.s.w.s.m.m.a.RequestMappingHandlerMapping - Mapped "{[/operInf/login]}" onto public java.lang.String com.gt.sys.controller.OperInfController.login()
2020-07-05 00:06:21.603 [restartedMain] INFO  o.s.w.s.m.m.a.RequestMappingHandlerMapping - Mapped "{[/quarz/add]}" onto public com.gt.pageModel.Json com.gt.sys.controller.QuarzController.add(com.gt.model.Quarz,javax.servlet.http.HttpServletRequest,javax.servlet.http.HttpSession)
2020-07-05 00:06:21.603 [restartedMain] INFO  o.s.w.s.m.m.a.RequestMappingHandlerMapping - Mapped "{[/quarz/remove]}" onto public com.gt.pageModel.Json com.gt.sys.controller.QuarzController.remove(com.gt.model.Quarz,javax.servlet.http.HttpServletRequest,javax.servlet.http.HttpSession)
2020-07-05 00:06:21.603 [restartedMain] INFO  o.s.w.s.m.m.a.RequestMappingHandlerMapping - Mapped "{[/quarz/getList]}" onto public java.util.List<com.gt.model.Quarz> com.gt.sys.controller.QuarzController.getList()
2020-07-05 00:06:21.603 [restartedMain] INFO  o.s.w.s.m.m.a.RequestMappingHandlerMapping - Mapped "{[/quarz/datagrid]}" onto public com.gt.pageModel.DatagridForLayUI com.gt.sys.controller.QuarzController.datagrid(com.gt.model.Quarz)
2020-07-05 00:06:21.603 [restartedMain] INFO  o.s.w.s.m.m.a.RequestMappingHandlerMapping - Mapped "{[/quarz/modify]}" onto public com.gt.pageModel.Json com.gt.sys.controller.QuarzController.modify(com.gt.model.Quarz,javax.servlet.http.HttpServletRequest,javax.servlet.http.HttpSession)
2020-07-05 00:06:21.603 [restartedMain] INFO  o.s.w.s.m.m.a.RequestMappingHandlerMapping - Mapped "{[/roleFunction/add]}" onto public com.gt.pageModel.Json com.gt.sys.controller.RoleFunctionController.add(com.gt.pageModel.RoleFunction,javax.servlet.http.HttpServletRequest,javax.servlet.http.HttpSession)
2020-07-05 00:06:21.603 [restartedMain] INFO  o.s.w.s.m.m.a.RequestMappingHandlerMapping - Mapped "{[/roleInf/add]}" onto public com.gt.pageModel.Json com.gt.sys.controller.RoleInfController.add(com.gt.pageModel.RoleInf,javax.servlet.http.HttpServletRequest,javax.servlet.http.HttpSession)
2020-07-05 00:06:21.603 [restartedMain] INFO  o.s.w.s.m.m.a.RequestMappingHandlerMapping - Mapped "{[/roleInf/remove]}" onto public com.gt.pageModel.Json com.gt.sys.controller.RoleInfController.remove(com.gt.pageModel.RoleInf,javax.servlet.http.HttpServletRequest,javax.servlet.http.HttpSession)
2020-07-05 00:06:21.628 [restartedMain] INFO  o.s.w.s.m.m.a.RequestMappingHandlerMapping - Mapped "{[/roleInf/getList]}" onto public java.util.List<com.gt.pageModel.RoleInf> com.gt.sys.controller.RoleInfController.getList(javax.servlet.http.HttpSession)
2020-07-05 00:06:21.628 [restartedMain] INFO  o.s.w.s.m.m.a.RequestMappingHandlerMapping - Mapped "{[/roleInf/datagrid]}" onto public com.gt.pageModel.DatagridForLayUI com.gt.sys.controller.RoleInfController.datagrid(com.gt.pageModel.RoleInf,javax.servlet.http.HttpSession)
2020-07-05 00:06:21.628 [restartedMain] INFO  o.s.w.s.m.m.a.RequestMappingHandlerMapping - Mapped "{[/roleInf/modify]}" onto public com.gt.pageModel.Json com.gt.sys.controller.RoleInfController.modify(com.gt.pageModel.RoleInf,javax.servlet.http.HttpServletRequest,javax.servlet.http.HttpSession)
2020-07-05 00:06:21.628 [restartedMain] INFO  o.s.w.s.m.m.a.RequestMappingHandlerMapping - Mapped "{[/roleInf/getAllTree]}" onto public java.util.List<com.gt.pageModel.ZTree> com.gt.sys.controller.RoleInfController.getAllTree(javax.servlet.http.HttpSession)
2020-07-05 00:06:21.628 [restartedMain] INFO  o.s.w.s.m.m.a.RequestMappingHandlerMapping - Mapped "{[/roleInf/getRoleSelected]}" onto public java.util.Map<java.lang.String, java.lang.Object> com.gt.sys.controller.RoleInfController.getRoleSelected(com.gt.pageModel.RoleInf)
2020-07-05 00:06:21.628 [restartedMain] INFO  o.s.w.s.m.m.a.RequestMappingHandlerMapping - Mapped "{[/sysFunctionInf/add]}" onto public com.gt.pageModel.Json com.gt.sys.controller.SysFunctionInfController.add(com.gt.pageModel.SysFunctionInf,javax.servlet.http.HttpSession,javax.servlet.http.HttpServletRequest)
2020-07-05 00:06:21.628 [restartedMain] INFO  o.s.w.s.m.m.a.RequestMappingHandlerMapping - Mapped "{[/sysFunctionInf/remove]}" onto public com.gt.pageModel.Json com.gt.sys.controller.SysFunctionInfController.remove(com.gt.pageModel.SysFunctionInf,javax.servlet.http.HttpSession,javax.servlet.http.HttpServletRequest)
2020-07-05 00:06:21.628 [restartedMain] INFO  o.s.w.s.m.m.a.RequestMappingHandlerMapping - Mapped "{[/sysFunctionInf/datagrid]}" onto public com.gt.pageModel.DatagridForLayUI com.gt.sys.controller.SysFunctionInfController.datagrid(com.gt.pageModel.SysFunctionInf)
2020-07-05 00:06:21.628 [restartedMain] INFO  o.s.w.s.m.m.a.RequestMappingHandlerMapping - Mapped "{[/sysFunctionInf/modify]}" onto public com.gt.pageModel.Json com.gt.sys.controller.SysFunctionInfController.modify(com.gt.pageModel.SysFunctionInf,javax.servlet.http.HttpServletRequest,javax.servlet.http.HttpSession)
2020-07-05 00:06:21.628 [restartedMain] INFO  o.s.w.s.m.m.a.RequestMappingHandlerMapping - Mapped "{[/sysLog/datagrid]}" onto public com.gt.pageModel.DatagridForLayUI com.gt.sys.controller.SysLogController.datagrid(com.gt.pageModel.SysLog,javax.servlet.http.HttpServletRequest)
2020-07-05 00:06:21.628 [restartedMain] INFO  o.s.w.s.m.m.a.RequestMappingHandlerMapping - Mapped "{[/error]}" onto public org.springframework.http.ResponseEntity<java.util.Map<java.lang.String, java.lang.Object>> org.springframework.boot.autoconfigure.web.servlet.error.BasicErrorController.error(javax.servlet.http.HttpServletRequest)
2020-07-05 00:06:21.644 [restartedMain] INFO  o.s.w.s.m.m.a.RequestMappingHandlerMapping - Mapped "{[/error],produces=[text/html]}" onto public org.springframework.web.servlet.ModelAndView org.springframework.boot.autoconfigure.web.servlet.error.BasicErrorController.errorHtml(javax.servlet.http.HttpServletRequest,javax.servlet.http.HttpServletResponse)
2020-07-05 00:06:21.675 [restartedMain] INFO  o.s.web.servlet.handler.SimpleUrlHandlerMapping - Mapped URL path [/webjars/**] onto handler of type [class org.springframework.web.servlet.resource.ResourceHttpRequestHandler]
2020-07-05 00:06:21.675 [restartedMain] INFO  o.s.web.servlet.handler.SimpleUrlHandlerMapping - Mapped URL path [/**] onto handler of type [class org.springframework.web.servlet.resource.ResourceHttpRequestHandler]
2020-07-05 00:06:21.675 [restartedMain] INFO  o.s.web.servlet.handler.SimpleUrlHandlerMapping - Mapped URL path [/css] onto handler of type [class org.springframework.web.servlet.resource.ResourceHttpRequestHandler]
2020-07-05 00:06:21.675 [restartedMain] INFO  o.s.web.servlet.handler.SimpleUrlHandlerMapping - Mapped URL path [/plugins] onto handler of type [class org.springframework.web.servlet.resource.ResourceHttpRequestHandler]
2020-07-05 00:06:21.675 [restartedMain] INFO  o.s.web.servlet.handler.SimpleUrlHandlerMapping - Mapped URL path [/js] onto handler of type [class org.springframework.web.servlet.resource.ResourceHttpRequestHandler]
2020-07-05 00:06:22.511 [restartedMain] INFO  o.s.ui.freemarker.SpringTemplateLoader - SpringTemplateLoader for FreeMarker: using resource loader [org.springframework.boot.web.servlet.context.AnnotationConfigServletWebServerApplicationContext@2107f4b0: startup date [Sun Jul 05 00:06:14 CST 2020]; root of context hierarchy] and template loader path [classpath:/templates/]
2020-07-05 00:06:22.511 [restartedMain] INFO  o.s.w.servlet.view.freemarker.FreeMarkerConfigurer - ClassTemplateLoader for Spring macros added to FreeMarker configuration
2020-07-05 00:06:22.637 [restartedMain] INFO  org.quartz.impl.StdSchedulerFactory - Using default implementation for ThreadExecutor
2020-07-05 00:06:22.653 [restartedMain] INFO  org.quartz.core.SchedulerSignalerImpl - Initialized Scheduler Signaller of type: class org.quartz.core.SchedulerSignalerImpl
2020-07-05 00:06:22.653 [restartedMain] INFO  org.quartz.core.QuartzScheduler - Quartz Scheduler v.2.2.1 created.
2020-07-05 00:06:22.653 [restartedMain] INFO  org.quartz.simpl.RAMJobStore - RAMJobStore initialized.
2020-07-05 00:06:22.653 [restartedMain] INFO  org.quartz.core.QuartzScheduler - Scheduler meta-data: Quartz Scheduler (v2.2.1) 'quartzScheduler' with instanceId 'NON_CLUSTERED'
  Scheduler class: 'org.quartz.core.QuartzScheduler' - running locally.
  NOT STARTED.
  Currently in standby mode.
  Number of jobs executed: 0
  Using thread pool 'org.quartz.simpl.SimpleThreadPool' - with 10 threads.
  Using job-store 'org.quartz.simpl.RAMJobStore' - which does not support persistence. and is not clustered.

2020-07-05 00:06:22.653 [restartedMain] INFO  org.quartz.impl.StdSchedulerFactory - Quartz scheduler 'quartzScheduler' initialized from an externally provided properties instance.
2020-07-05 00:06:22.653 [restartedMain] INFO  org.quartz.impl.StdSchedulerFactory - Quartz scheduler version: 2.2.1
2020-07-05 00:06:22.653 [restartedMain] INFO  org.quartz.core.QuartzScheduler - JobFactory set to: org.springframework.boot.autoconfigure.quartz.AutowireCapableBeanJobFactory@64832b0c
2020-07-05 00:06:22.822 [restartedMain] INFO  o.s.b.d.autoconfigure.OptionalLiveReloadServer - LiveReload server is running on port 35729
2020-07-05 00:06:22.864 [restartedMain] INFO  o.s.jmx.export.annotation.AnnotationMBeanExporter - Registering beans for JMX exposure on startup
2020-07-05 00:06:22.864 [restartedMain] INFO  o.s.jmx.export.annotation.AnnotationMBeanExporter - Bean with name 'dataSource' has been autodetected for JMX exposure
2020-07-05 00:06:22.880 [restartedMain] INFO  o.s.jmx.export.annotation.AnnotationMBeanExporter - Located MBean 'dataSource': registering with JMX server as MBean [com.zaxxer.hikari:name=dataSource,type=HikariDataSource]
2020-07-05 00:06:22.880 [restartedMain] INFO  o.s.context.support.DefaultLifecycleProcessor - Starting beans in phase 2147483647
2020-07-05 00:06:22.880 [restartedMain] INFO  o.s.scheduling.quartz.SchedulerFactoryBean - Starting Quartz Scheduler now
2020-07-05 00:06:22.880 [restartedMain] INFO  org.quartz.core.QuartzScheduler - Scheduler quartzScheduler_$_NON_CLUSTERED started.
2020-07-05 00:06:22.891 [restartedMain] INFO  org.apache.coyote.http11.Http11NioProtocol - Starting ProtocolHandler ["http-nio-8080"]
2020-07-05 00:06:22.906 [restartedMain] INFO  org.apache.tomcat.util.net.NioSelectorPool - Using a shared selector for servlet write/read
2020-07-05 00:06:22.938 [restartedMain] INFO  o.s.boot.web.embedded.tomcat.TomcatWebServer - Tomcat started on port(s): 8080 (http) with context path '/layssh'
2020-07-05 00:06:22.938 [restartedMain] INFO  com.gt.LaysshApplication - Started LaysshApplication in 8.887 seconds (JVM running for 10.865)
2020-07-05 00:07:13.715 [http-nio-8080-exec-4] INFO  o.a.c.c.C.[Tomcat].[localhost].[/layssh] - Initializing Spring FrameworkServlet 'dispatcherServlet'
2020-07-05 00:07:13.715 [http-nio-8080-exec-4] INFO  org.springframework.web.servlet.DispatcherServlet - FrameworkServlet 'dispatcherServlet': initialization started
2020-07-05 00:07:13.782 [http-nio-8080-exec-4] INFO  org.springframework.web.servlet.DispatcherServlet - FrameworkServlet 'dispatcherServlet': initialization completed in 67 ms
2020-07-05 00:07:13.797 [http-nio-8080-exec-4] INFO  com.gt.interceptor.SessionInterceptor - 进入session拦截器->访问路径为[operInf/login]
2020-07-05 00:07:13.797 [http-nio-8080-exec-5] INFO  com.gt.interceptor.SessionInterceptor - 进入session拦截器->访问路径为[menuInf/getTreeByRole]
2020-07-05 00:07:13.869 [http-nio-8080-exec-5] INFO  com.gt.interceptor.SessionInterceptor - 您已经登录超时，请重新登录！
2020-07-05 00:07:13.869 [http-nio-8080-exec-4] INFO  com.gt.interceptor.AuthInterceptor - 进入权限拦截器->访问的资源为：[operInf/login]
2020-07-05 00:07:13.869 [http-nio-8080-exec-5] INFO  com.gt.interceptor.SessionInterceptor - 是ajax异步请求
2020-07-05 00:07:13.927 [http-nio-8080-exec-4] INFO  com.gt.interceptor.SessionInterceptor - 进入session拦截器->访问路径为[operInf/Login]
2020-07-05 00:07:13.927 [http-nio-8080-exec-4] INFO  com.gt.interceptor.AuthInterceptor - 进入权限拦截器->访问的资源为：[operInf/Login]
2020-07-05 00:07:13.938 [http-nio-8080-exec-4] INFO  com.gt.interceptor.SessionInterceptor - 进入session拦截器->访问路径为[error]
2020-07-05 00:07:13.938 [http-nio-8080-exec-4] INFO  com.gt.interceptor.SessionInterceptor - 您已经登录超时，请重新登录！
